Files already downloaded and verified
Files already downloaded and verified
Files already downloaded and verified
Non-zero model percentage: 99.95706176757812%, Non-zero mask percentage: 99.99999237060547%

--- Pruning Level [0/8]: ---
conv1.weight         | nonzeros =    1728 /    1728             (100.00%) | total_pruned =       0 | shape = torch.Size([64, 3, 3, 3])
conv1.bias           | nonzeros =      64 /      64             (100.00%) | total_pruned =       0 | shape = torch.Size([64])
bn1.weight           | nonzeros =      64 /      64             (100.00%) | total_pruned =       0 | shape = torch.Size([64])
bn1.bias             | nonzeros =       0 /      64             (  0.00%) | total_pruned =      64 | shape = torch.Size([64])
layer1.0.conv1.weight | nonzeros =   36864 /   36864             (100.00%) | total_pruned =       0 | shape = torch.Size([64, 64, 3, 3])
layer1.0.conv1.bias  | nonzeros =      64 /      64             (100.00%) | total_pruned =       0 | shape = torch.Size([64])
layer1.0.bn1.weight  | nonzeros =      64 /      64             (100.00%) | total_pruned =       0 | shape = torch.Size([64])
layer1.0.bn1.bias    | nonzeros =       0 /      64             (  0.00%) | total_pruned =      64 | shape = torch.Size([64])
layer1.0.conv2.weight | nonzeros =   36864 /   36864             (100.00%) | total_pruned =       0 | shape = torch.Size([64, 64, 3, 3])
layer1.0.conv2.bias  | nonzeros =      64 /      64             (100.00%) | total_pruned =       0 | shape = torch.Size([64])
layer1.0.bn2.weight  | nonzeros =      64 /      64             (100.00%) | total_pruned =       0 | shape = torch.Size([64])
layer1.0.bn2.bias    | nonzeros =       0 /      64             (  0.00%) | total_pruned =      64 | shape = torch.Size([64])
layer1.1.conv1.weight | nonzeros =   36864 /   36864             (100.00%) | total_pruned =       0 | shape = torch.Size([64, 64, 3, 3])
layer1.1.conv1.bias  | nonzeros =      64 /      64             (100.00%) | total_pruned =       0 | shape = torch.Size([64])
layer1.1.bn1.weight  | nonzeros =      64 /      64             (100.00%) | total_pruned =       0 | shape = torch.Size([64])
layer1.1.bn1.bias    | nonzeros =       0 /      64             (  0.00%) | total_pruned =      64 | shape = torch.Size([64])
layer1.1.conv2.weight | nonzeros =   36864 /   36864             (100.00%) | total_pruned =       0 | shape = torch.Size([64, 64, 3, 3])
layer1.1.conv2.bias  | nonzeros =      64 /      64             (100.00%) | total_pruned =       0 | shape = torch.Size([64])
layer1.1.bn2.weight  | nonzeros =      64 /      64             (100.00%) | total_pruned =       0 | shape = torch.Size([64])
layer1.1.bn2.bias    | nonzeros =       0 /      64             (  0.00%) | total_pruned =      64 | shape = torch.Size([64])
layer2.0.conv1.weight | nonzeros =   73728 /   73728             (100.00%) | total_pruned =       0 | shape = torch.Size([128, 64, 3, 3])
layer2.0.conv1.bias  | nonzeros =     128 /     128             (100.00%) | total_pruned =       0 | shape = torch.Size([128])
layer2.0.bn1.weight  | nonzeros =     128 /     128             (100.00%) | total_pruned =       0 | shape = torch.Size([128])
layer2.0.bn1.bias    | nonzeros =       0 /     128             (  0.00%) | total_pruned =     128 | shape = torch.Size([128])
layer2.0.conv2.weight | nonzeros =  147456 /  147456             (100.00%) | total_pruned =       0 | shape = torch.Size([128, 128, 3, 3])
layer2.0.conv2.bias  | nonzeros =     128 /     128             (100.00%) | total_pruned =       0 | shape = torch.Size([128])
layer2.0.bn2.weight  | nonzeros =     128 /     128             (100.00%) | total_pruned =       0 | shape = torch.Size([128])
layer2.0.bn2.bias    | nonzeros =       0 /     128             (  0.00%) | total_pruned =     128 | shape = torch.Size([128])
layer2.0.shortcut.0.weight | nonzeros =    8192 /    8192             (100.00%) | total_pruned =       0 | shape = torch.Size([128, 64, 1, 1])
layer2.0.shortcut.0.bias | nonzeros =     128 /     128             (100.00%) | total_pruned =       0 | shape = torch.Size([128])
layer2.0.shortcut.1.weight | nonzeros =     128 /     128             (100.00%) | total_pruned =       0 | shape = torch.Size([128])
layer2.0.shortcut.1.bias | nonzeros =       0 /     128             (  0.00%) | total_pruned =     128 | shape = torch.Size([128])
layer2.1.conv1.weight | nonzeros =  147456 /  147456             (100.00%) | total_pruned =       0 | shape = torch.Size([128, 128, 3, 3])
layer2.1.conv1.bias  | nonzeros =     128 /     128             (100.00%) | total_pruned =       0 | shape = torch.Size([128])
layer2.1.bn1.weight  | nonzeros =     128 /     128             (100.00%) | total_pruned =       0 | shape = torch.Size([128])
layer2.1.bn1.bias    | nonzeros =       0 /     128             (  0.00%) | total_pruned =     128 | shape = torch.Size([128])
layer2.1.conv2.weight | nonzeros =  147456 /  147456             (100.00%) | total_pruned =       0 | shape = torch.Size([128, 128, 3, 3])
layer2.1.conv2.bias  | nonzeros =     128 /     128             (100.00%) | total_pruned =       0 | shape = torch.Size([128])
layer2.1.bn2.weight  | nonzeros =     128 /     128             (100.00%) | total_pruned =       0 | shape = torch.Size([128])
layer2.1.bn2.bias    | nonzeros =       0 /     128             (  0.00%) | total_pruned =     128 | shape = torch.Size([128])
layer3.0.conv1.weight | nonzeros =  294912 /  294912             (100.00%) | total_pruned =       0 | shape = torch.Size([256, 128, 3, 3])
layer3.0.conv1.bias  | nonzeros =     256 /     256             (100.00%) | total_pruned =       0 | shape = torch.Size([256])
layer3.0.bn1.weight  | nonzeros =     256 /     256             (100.00%) | total_pruned =       0 | shape = torch.Size([256])
layer3.0.bn1.bias    | nonzeros =       0 /     256             (  0.00%) | total_pruned =     256 | shape = torch.Size([256])
layer3.0.conv2.weight | nonzeros =  589824 /  589824             (100.00%) | total_pruned =       0 | shape = torch.Size([256, 256, 3, 3])
layer3.0.conv2.bias  | nonzeros =     256 /     256             (100.00%) | total_pruned =       0 | shape = torch.Size([256])
layer3.0.bn2.weight  | nonzeros =     256 /     256             (100.00%) | total_pruned =       0 | shape = torch.Size([256])
layer3.0.bn2.bias    | nonzeros =       0 /     256             (  0.00%) | total_pruned =     256 | shape = torch.Size([256])
layer3.0.shortcut.0.weight | nonzeros =   32768 /   32768             (100.00%) | total_pruned =       0 | shape = torch.Size([256, 128, 1, 1])
layer3.0.shortcut.0.bias | nonzeros =     256 /     256             (100.00%) | total_pruned =       0 | shape = torch.Size([256])
layer3.0.shortcut.1.weight | nonzeros =     256 /     256             (100.00%) | total_pruned =       0 | shape = torch.Size([256])
layer3.0.shortcut.1.bias | nonzeros =       0 /     256             (  0.00%) | total_pruned =     256 | shape = torch.Size([256])
layer3.1.conv1.weight | nonzeros =  589824 /  589824             (100.00%) | total_pruned =       0 | shape = torch.Size([256, 256, 3, 3])
layer3.1.conv1.bias  | nonzeros =     256 /     256             (100.00%) | total_pruned =       0 | shape = torch.Size([256])
layer3.1.bn1.weight  | nonzeros =     256 /     256             (100.00%) | total_pruned =       0 | shape = torch.Size([256])
layer3.1.bn1.bias    | nonzeros =       0 /     256             (  0.00%) | total_pruned =     256 | shape = torch.Size([256])
layer3.1.conv2.weight | nonzeros =  589824 /  589824             (100.00%) | total_pruned =       0 | shape = torch.Size([256, 256, 3, 3])
layer3.1.conv2.bias  | nonzeros =     256 /     256             (100.00%) | total_pruned =       0 | shape = torch.Size([256])
layer3.1.bn2.weight  | nonzeros =     256 /     256             (100.00%) | total_pruned =       0 | shape = torch.Size([256])
layer3.1.bn2.bias    | nonzeros =       0 /     256             (  0.00%) | total_pruned =     256 | shape = torch.Size([256])
layer4.0.conv1.weight | nonzeros = 1179648 / 1179648             (100.00%) | total_pruned =       0 | shape = torch.Size([512, 256, 3, 3])
layer4.0.conv1.bias  | nonzeros =     512 /     512             (100.00%) | total_pruned =       0 | shape = torch.Size([512])
layer4.0.bn1.weight  | nonzeros =     512 /     512             (100.00%) | total_pruned =       0 | shape = torch.Size([512])
layer4.0.bn1.bias    | nonzeros =       0 /     512             (  0.00%) | total_pruned =     512 | shape = torch.Size([512])
layer4.0.conv2.weight | nonzeros = 2359296 / 2359296             (100.00%) | total_pruned =       0 | shape = torch.Size([512, 512, 3, 3])
layer4.0.conv2.bias  | nonzeros =     512 /     512             (100.00%) | total_pruned =       0 | shape = torch.Size([512])
layer4.0.bn2.weight  | nonzeros =     512 /     512             (100.00%) | total_pruned =       0 | shape = torch.Size([512])
layer4.0.bn2.bias    | nonzeros =       0 /     512             (  0.00%) | total_pruned =     512 | shape = torch.Size([512])
layer4.0.shortcut.0.weight | nonzeros =  131072 /  131072             (100.00%) | total_pruned =       0 | shape = torch.Size([512, 256, 1, 1])
layer4.0.shortcut.0.bias | nonzeros =     512 /     512             (100.00%) | total_pruned =       0 | shape = torch.Size([512])
layer4.0.shortcut.1.weight | nonzeros =     512 /     512             (100.00%) | total_pruned =       0 | shape = torch.Size([512])
layer4.0.shortcut.1.bias | nonzeros =       0 /     512             (  0.00%) | total_pruned =     512 | shape = torch.Size([512])
layer4.1.conv1.weight | nonzeros = 2359296 / 2359296             (100.00%) | total_pruned =       0 | shape = torch.Size([512, 512, 3, 3])
layer4.1.conv1.bias  | nonzeros =     512 /     512             (100.00%) | total_pruned =       0 | shape = torch.Size([512])
layer4.1.bn1.weight  | nonzeros =     512 /     512             (100.00%) | total_pruned =       0 | shape = torch.Size([512])
layer4.1.bn1.bias    | nonzeros =       0 /     512             (  0.00%) | total_pruned =     512 | shape = torch.Size([512])
layer4.1.conv2.weight | nonzeros = 2359296 / 2359296             (100.00%) | total_pruned =       0 | shape = torch.Size([512, 512, 3, 3])
layer4.1.conv2.bias  | nonzeros =     512 /     512             (100.00%) | total_pruned =       0 | shape = torch.Size([512])
layer4.1.bn2.weight  | nonzeros =     512 /     512             (100.00%) | total_pruned =       0 | shape = torch.Size([512])
layer4.1.bn2.bias    | nonzeros =       0 /     512             (  0.00%) | total_pruned =     512 | shape = torch.Size([512])
linear.weight        | nonzeros =    5120 /    5120             (100.00%) | total_pruned =       0 | shape = torch.Size([10, 512])
linear.bias          | nonzeros =      10 /      10             (100.00%) | total_pruned =       0 | shape = torch.Size([10])
alive: 11173962, pruned : 4800, total: 11178762, Compression rate :       1.00x  (  0.04% pruned)
Train Epoch: 99/100 Loss: 0.000593 Accuracy: 86.36% Best Accuracy: 86.36%
Pruning with threshold : 0.006285041477531195
Non-zero model percentage: 20.000003814697266%, Non-zero mask percentage: 20.000003814697266%

--- Pruning Level [1/8]: ---
conv1.weight         | nonzeros =    1637 /    1728             ( 94.73%) | total_pruned =      91 | shape = torch.Size([64, 3, 3, 3])
conv1.bias           | nonzeros =      58 /      64             ( 90.62%) | total_pruned =       6 | shape = torch.Size([64])
bn1.weight           | nonzeros =      64 /      64             (100.00%) | total_pruned =       0 | shape = torch.Size([64])
bn1.bias             | nonzeros =      59 /      64             ( 92.19%) | total_pruned =       5 | shape = torch.Size([64])
layer1.0.conv1.weight | nonzeros =   24096 /   36864             ( 65.36%) | total_pruned =   12768 | shape = torch.Size([64, 64, 3, 3])
layer1.0.conv1.bias  | nonzeros =      29 /      64             ( 45.31%) | total_pruned =      35 | shape = torch.Size([64])
layer1.0.bn1.weight  | nonzeros =      64 /      64             (100.00%) | total_pruned =       0 | shape = torch.Size([64])
layer1.0.bn1.bias    | nonzeros =      60 /      64             ( 93.75%) | total_pruned =       4 | shape = torch.Size([64])
layer1.0.conv2.weight | nonzeros =   24291 /   36864             ( 65.89%) | total_pruned =   12573 | shape = torch.Size([64, 64, 3, 3])
layer1.0.conv2.bias  | nonzeros =      33 /      64             ( 51.56%) | total_pruned =      31 | shape = torch.Size([64])
layer1.0.bn2.weight  | nonzeros =      64 /      64             (100.00%) | total_pruned =       0 | shape = torch.Size([64])
layer1.0.bn2.bias    | nonzeros =      53 /      64             ( 82.81%) | total_pruned =      11 | shape = torch.Size([64])
layer1.1.conv1.weight | nonzeros =   23109 /   36864             ( 62.69%) | total_pruned =   13755 | shape = torch.Size([64, 64, 3, 3])
layer1.1.conv1.bias  | nonzeros =      31 /      64             ( 48.44%) | total_pruned =      33 | shape = torch.Size([64])
layer1.1.bn1.weight  | nonzeros =      64 /      64             (100.00%) | total_pruned =       0 | shape = torch.Size([64])
layer1.1.bn1.bias    | nonzeros =      61 /      64             ( 95.31%) | total_pruned =       3 | shape = torch.Size([64])
layer1.1.conv2.weight | nonzeros =   23578 /   36864             ( 63.96%) | total_pruned =   13286 | shape = torch.Size([64, 64, 3, 3])
layer1.1.conv2.bias  | nonzeros =      35 /      64             ( 54.69%) | total_pruned =      29 | shape = torch.Size([64])
layer1.1.bn2.weight  | nonzeros =      64 /      64             (100.00%) | total_pruned =       0 | shape = torch.Size([64])
layer1.1.bn2.bias    | nonzeros =      56 /      64             ( 87.50%) | total_pruned =       8 | shape = torch.Size([64])
layer2.0.conv1.weight | nonzeros =   44858 /   73728             ( 60.84%) | total_pruned =   28870 | shape = torch.Size([128, 64, 3, 3])
layer2.0.conv1.bias  | nonzeros =      67 /     128             ( 52.34%) | total_pruned =      61 | shape = torch.Size([128])
layer2.0.bn1.weight  | nonzeros =     128 /     128             (100.00%) | total_pruned =       0 | shape = torch.Size([128])
layer2.0.bn1.bias    | nonzeros =     116 /     128             ( 90.62%) | total_pruned =      12 | shape = torch.Size([128])
layer2.0.conv2.weight | nonzeros =   79119 /  147456             ( 53.66%) | total_pruned =   68337 | shape = torch.Size([128, 128, 3, 3])
layer2.0.conv2.bias  | nonzeros =      38 /     128             ( 29.69%) | total_pruned =      90 | shape = torch.Size([128])
layer2.0.bn2.weight  | nonzeros =     128 /     128             (100.00%) | total_pruned =       0 | shape = torch.Size([128])
layer2.0.bn2.bias    | nonzeros =     124 /     128             ( 96.88%) | total_pruned =       4 | shape = torch.Size([128])
layer2.0.shortcut.0.weight | nonzeros =    7024 /    8192             ( 85.74%) | total_pruned =    1168 | shape = torch.Size([128, 64, 1, 1])
layer2.0.shortcut.0.bias | nonzeros =     109 /     128             ( 85.16%) | total_pruned =      19 | shape = torch.Size([128])
layer2.0.shortcut.1.weight | nonzeros =     128 /     128             (100.00%) | total_pruned =       0 | shape = torch.Size([128])
layer2.0.shortcut.1.bias | nonzeros =     124 /     128             ( 96.88%) | total_pruned =       4 | shape = torch.Size([128])
layer2.1.conv1.weight | nonzeros =   73660 /  147456             ( 49.95%) | total_pruned =   73796 | shape = torch.Size([128, 128, 3, 3])
layer2.1.conv1.bias  | nonzeros =      41 /     128             ( 32.03%) | total_pruned =      87 | shape = torch.Size([128])
layer2.1.bn1.weight  | nonzeros =     128 /     128             (100.00%) | total_pruned =       0 | shape = torch.Size([128])
layer2.1.bn1.bias    | nonzeros =     127 /     128             ( 99.22%) | total_pruned =       1 | shape = torch.Size([128])
layer2.1.conv2.weight | nonzeros =   77061 /  147456             ( 52.26%) | total_pruned =   70395 | shape = torch.Size([128, 128, 3, 3])
layer2.1.conv2.bias  | nonzeros =      39 /     128             ( 30.47%) | total_pruned =      89 | shape = torch.Size([128])
layer2.1.bn2.weight  | nonzeros =     128 /     128             (100.00%) | total_pruned =       0 | shape = torch.Size([128])
layer2.1.bn2.bias    | nonzeros =     128 /     128             (100.00%) | total_pruned =       0 | shape = torch.Size([128])
layer3.0.conv1.weight | nonzeros =  149103 /  294912             ( 50.56%) | total_pruned =  145809 | shape = torch.Size([256, 128, 3, 3])
layer3.0.conv1.bias  | nonzeros =      79 /     256             ( 30.86%) | total_pruned =     177 | shape = torch.Size([256])
layer3.0.bn1.weight  | nonzeros =     256 /     256             (100.00%) | total_pruned =       0 | shape = torch.Size([256])
layer3.0.bn1.bias    | nonzeros =     256 /     256             (100.00%) | total_pruned =       0 | shape = torch.Size([256])
layer3.0.conv2.weight | nonzeros =  245335 /  589824             ( 41.59%) | total_pruned =  344489 | shape = torch.Size([256, 256, 3, 3])
layer3.0.conv2.bias  | nonzeros =       4 /     256             (  1.56%) | total_pruned =     252 | shape = torch.Size([256])
layer3.0.bn2.weight  | nonzeros =     256 /     256             (100.00%) | total_pruned =       0 | shape = torch.Size([256])
layer3.0.bn2.bias    | nonzeros =     256 /     256             (100.00%) | total_pruned =       0 | shape = torch.Size([256])
layer3.0.shortcut.0.weight | nonzeros =   26399 /   32768             ( 80.56%) | total_pruned =    6369 | shape = torch.Size([256, 128, 1, 1])
layer3.0.shortcut.0.bias | nonzeros =     190 /     256             ( 74.22%) | total_pruned =      66 | shape = torch.Size([256])
layer3.0.shortcut.1.weight | nonzeros =     256 /     256             (100.00%) | total_pruned =       0 | shape = torch.Size([256])
layer3.0.shortcut.1.bias | nonzeros =     256 /     256             (100.00%) | total_pruned =       0 | shape = torch.Size([256])
layer3.1.conv1.weight | nonzeros =  224596 /  589824             ( 38.08%) | total_pruned =  365228 | shape = torch.Size([256, 256, 3, 3])
layer3.1.conv1.bias  | nonzeros =       4 /     256             (  1.56%) | total_pruned =     252 | shape = torch.Size([256])
layer3.1.bn1.weight  | nonzeros =     256 /     256             (100.00%) | total_pruned =       0 | shape = torch.Size([256])
layer3.1.bn1.bias    | nonzeros =     256 /     256             (100.00%) | total_pruned =       0 | shape = torch.Size([256])
layer3.1.conv2.weight | nonzeros =  217640 /  589824             ( 36.90%) | total_pruned =  372184 | shape = torch.Size([256, 256, 3, 3])
layer3.1.conv2.bias  | nonzeros =       5 /     256             (  1.95%) | total_pruned =     251 | shape = torch.Size([256])
layer3.1.bn2.weight  | nonzeros =     256 /     256             (100.00%) | total_pruned =       0 | shape = torch.Size([256])
layer3.1.bn2.bias    | nonzeros =     256 /     256             (100.00%) | total_pruned =       0 | shape = torch.Size([256])
layer4.0.conv1.weight | nonzeros =  352784 / 1179648             ( 29.91%) | total_pruned =  826864 | shape = torch.Size([512, 256, 3, 3])
layer4.0.conv1.bias  | nonzeros =       7 /     512             (  1.37%) | total_pruned =     505 | shape = torch.Size([512])
layer4.0.bn1.weight  | nonzeros =     512 /     512             (100.00%) | total_pruned =       0 | shape = torch.Size([512])
layer4.0.bn1.bias    | nonzeros =     511 /     512             ( 99.80%) | total_pruned =       1 | shape = torch.Size([512])
layer4.0.conv2.weight | nonzeros =  290341 / 2359296             ( 12.31%) | total_pruned = 2068955 | shape = torch.Size([512, 512, 3, 3])
layer4.0.conv2.bias  | nonzeros =       0 /     512             (  0.00%) | total_pruned =     512 | shape = torch.Size([512])
layer4.0.bn2.weight  | nonzeros =     512 /     512             (100.00%) | total_pruned =       0 | shape = torch.Size([512])
layer4.0.bn2.bias    | nonzeros =     495 /     512             ( 96.68%) | total_pruned =      17 | shape = torch.Size([512])
layer4.0.shortcut.0.weight | nonzeros =   92073 /  131072             ( 70.25%) | total_pruned =   38999 | shape = torch.Size([512, 256, 1, 1])
layer4.0.shortcut.0.bias | nonzeros =     351 /     512             ( 68.55%) | total_pruned =     161 | shape = torch.Size([512])
layer4.0.shortcut.1.weight | nonzeros =     512 /     512             (100.00%) | total_pruned =       0 | shape = torch.Size([512])
layer4.0.shortcut.1.bias | nonzeros =     495 /     512             ( 96.68%) | total_pruned =      17 | shape = torch.Size([512])
layer4.1.conv1.weight | nonzeros =  196738 / 2359296             (  8.34%) | total_pruned = 2162558 | shape = torch.Size([512, 512, 3, 3])
layer4.1.conv1.bias  | nonzeros =       0 /     512             (  0.00%) | total_pruned =     512 | shape = torch.Size([512])
layer4.1.bn1.weight  | nonzeros =     512 /     512             (100.00%) | total_pruned =       0 | shape = torch.Size([512])
layer4.1.bn1.bias    | nonzeros =     465 /     512             ( 90.82%) | total_pruned =      47 | shape = torch.Size([512])
layer4.1.conv2.weight | nonzeros =   46934 / 2359296             (  1.99%) | total_pruned = 2312362 | shape = torch.Size([512, 512, 3, 3])
layer4.1.conv2.bias  | nonzeros =       0 /     512             (  0.00%) | total_pruned =     512 | shape = torch.Size([512])
layer4.1.bn2.weight  | nonzeros =     512 /     512             (100.00%) | total_pruned =       0 | shape = torch.Size([512])
layer4.1.bn2.bias    | nonzeros =     465 /     512             ( 90.82%) | total_pruned =      47 | shape = torch.Size([512])
linear.weight        | nonzeros =    4833 /    5120             ( 94.39%) | total_pruned =     287 | shape = torch.Size([10, 512])
linear.bias          | nonzeros =       5 /      10             ( 50.00%) | total_pruned =       5 | shape = torch.Size([10])
alive: 2235753, pruned : 8943009, total: 11178762, Compression rate :       5.00x  ( 80.00% pruned)
Train Epoch: 32/100 Loss: 0.001252 Accuracy: 85.68% Best Accuracy: 85.90%
Pruning with threshold : 0.009094107523560525
Non-zero model percentage: 4.000004291534424%, Non-zero mask percentage: 4.000004291534424%

--- Pruning Level [2/8]: ---
conv1.weight         | nonzeros =    1512 /    1728             ( 87.50%) | total_pruned =     216 | shape = torch.Size([64, 3, 3, 3])
conv1.bias           | nonzeros =      49 /      64             ( 76.56%) | total_pruned =      15 | shape = torch.Size([64])
bn1.weight           | nonzeros =      64 /      64             (100.00%) | total_pruned =       0 | shape = torch.Size([64])
bn1.bias             | nonzeros =      58 /      64             ( 90.62%) | total_pruned =       6 | shape = torch.Size([64])
layer1.0.conv1.weight | nonzeros =   12875 /   36864             ( 34.93%) | total_pruned =   23989 | shape = torch.Size([64, 64, 3, 3])
layer1.0.conv1.bias  | nonzeros =       0 /      64             (  0.00%) | total_pruned =      64 | shape = torch.Size([64])
layer1.0.bn1.weight  | nonzeros =      64 /      64             (100.00%) | total_pruned =       0 | shape = torch.Size([64])
layer1.0.bn1.bias    | nonzeros =      52 /      64             ( 81.25%) | total_pruned =      12 | shape = torch.Size([64])
layer1.0.conv2.weight | nonzeros =   12893 /   36864             ( 34.97%) | total_pruned =   23971 | shape = torch.Size([64, 64, 3, 3])
layer1.0.conv2.bias  | nonzeros =       0 /      64             (  0.00%) | total_pruned =      64 | shape = torch.Size([64])
layer1.0.bn2.weight  | nonzeros =      64 /      64             (100.00%) | total_pruned =       0 | shape = torch.Size([64])
layer1.0.bn2.bias    | nonzeros =      45 /      64             ( 70.31%) | total_pruned =      19 | shape = torch.Size([64])
layer1.1.conv1.weight | nonzeros =   10971 /   36864             ( 29.76%) | total_pruned =   25893 | shape = torch.Size([64, 64, 3, 3])
layer1.1.conv1.bias  | nonzeros =       0 /      64             (  0.00%) | total_pruned =      64 | shape = torch.Size([64])
layer1.1.bn1.weight  | nonzeros =      64 /      64             (100.00%) | total_pruned =       0 | shape = torch.Size([64])
layer1.1.bn1.bias    | nonzeros =      56 /      64             ( 87.50%) | total_pruned =       8 | shape = torch.Size([64])
layer1.1.conv2.weight | nonzeros =   11716 /   36864             ( 31.78%) | total_pruned =   25148 | shape = torch.Size([64, 64, 3, 3])
layer1.1.conv2.bias  | nonzeros =       0 /      64             (  0.00%) | total_pruned =      64 | shape = torch.Size([64])
layer1.1.bn2.weight  | nonzeros =      64 /      64             (100.00%) | total_pruned =       0 | shape = torch.Size([64])
layer1.1.bn2.bias    | nonzeros =      46 /      64             ( 71.88%) | total_pruned =      18 | shape = torch.Size([64])
layer2.0.conv1.weight | nonzeros =   19683 /   73728             ( 26.70%) | total_pruned =   54045 | shape = torch.Size([128, 64, 3, 3])
layer2.0.conv1.bias  | nonzeros =       0 /     128             (  0.00%) | total_pruned =     128 | shape = torch.Size([128])
layer2.0.bn1.weight  | nonzeros =     128 /     128             (100.00%) | total_pruned =       0 | shape = torch.Size([128])
layer2.0.bn1.bias    | nonzeros =     101 /     128             ( 78.91%) | total_pruned =      27 | shape = torch.Size([128])
layer2.0.conv2.weight | nonzeros =   28220 /  147456             ( 19.14%) | total_pruned =  119236 | shape = torch.Size([128, 128, 3, 3])
layer2.0.conv2.bias  | nonzeros =       0 /     128             (  0.00%) | total_pruned =     128 | shape = torch.Size([128])
layer2.0.bn2.weight  | nonzeros =     128 /     128             (100.00%) | total_pruned =       0 | shape = torch.Size([128])
layer2.0.bn2.bias    | nonzeros =     112 /     128             ( 87.50%) | total_pruned =      16 | shape = torch.Size([128])
layer2.0.shortcut.0.weight | nonzeros =    5775 /    8192             ( 70.50%) | total_pruned =    2417 | shape = torch.Size([128, 64, 1, 1])
layer2.0.shortcut.0.bias | nonzeros =      83 /     128             ( 64.84%) | total_pruned =      45 | shape = torch.Size([128])
layer2.0.shortcut.1.weight | nonzeros =     128 /     128             (100.00%) | total_pruned =       0 | shape = torch.Size([128])
layer2.0.shortcut.1.bias | nonzeros =     112 /     128             ( 87.50%) | total_pruned =      16 | shape = torch.Size([128])
layer2.1.conv1.weight | nonzeros =   21626 /  147456             ( 14.67%) | total_pruned =  125830 | shape = torch.Size([128, 128, 3, 3])
layer2.1.conv1.bias  | nonzeros =       0 /     128             (  0.00%) | total_pruned =     128 | shape = torch.Size([128])
layer2.1.bn1.weight  | nonzeros =     128 /     128             (100.00%) | total_pruned =       0 | shape = torch.Size([128])
layer2.1.bn1.bias    | nonzeros =     125 /     128             ( 97.66%) | total_pruned =       3 | shape = torch.Size([128])
layer2.1.conv2.weight | nonzeros =   24903 /  147456             ( 16.89%) | total_pruned =  122553 | shape = torch.Size([128, 128, 3, 3])
layer2.1.conv2.bias  | nonzeros =       0 /     128             (  0.00%) | total_pruned =     128 | shape = torch.Size([128])
layer2.1.bn2.weight  | nonzeros =     128 /     128             (100.00%) | total_pruned =       0 | shape = torch.Size([128])
layer2.1.bn2.bias    | nonzeros =     126 /     128             ( 98.44%) | total_pruned =       2 | shape = torch.Size([128])
layer3.0.conv1.weight | nonzeros =   45074 /  294912             ( 15.28%) | total_pruned =  249838 | shape = torch.Size([256, 128, 3, 3])
layer3.0.conv1.bias  | nonzeros =       0 /     256             (  0.00%) | total_pruned =     256 | shape = torch.Size([256])
layer3.0.bn1.weight  | nonzeros =     256 /     256             (100.00%) | total_pruned =       0 | shape = torch.Size([256])
layer3.0.bn1.bias    | nonzeros =     256 /     256             (100.00%) | total_pruned =       0 | shape = torch.Size([256])
layer3.0.conv2.weight | nonzeros =   51463 /  589824             (  8.73%) | total_pruned =  538361 | shape = torch.Size([256, 256, 3, 3])
layer3.0.conv2.bias  | nonzeros =       0 /     256             (  0.00%) | total_pruned =     256 | shape = torch.Size([256])
layer3.0.bn2.weight  | nonzeros =     256 /     256             (100.00%) | total_pruned =       0 | shape = torch.Size([256])
layer3.0.bn2.bias    | nonzeros =     256 /     256             (100.00%) | total_pruned =       0 | shape = torch.Size([256])
layer3.0.shortcut.0.weight | nonzeros =   19648 /   32768             ( 59.96%) | total_pruned =   13120 | shape = torch.Size([256, 128, 1, 1])
layer3.0.shortcut.0.bias | nonzeros =     131 /     256             ( 51.17%) | total_pruned =     125 | shape = torch.Size([256])
layer3.0.shortcut.1.weight | nonzeros =     256 /     256             (100.00%) | total_pruned =       0 | shape = torch.Size([256])
layer3.0.shortcut.1.bias | nonzeros =     256 /     256             (100.00%) | total_pruned =       0 | shape = torch.Size([256])
layer3.1.conv1.weight | nonzeros =   37444 /  589824             (  6.35%) | total_pruned =  552380 | shape = torch.Size([256, 256, 3, 3])
layer3.1.conv1.bias  | nonzeros =       0 /     256             (  0.00%) | total_pruned =     256 | shape = torch.Size([256])
layer3.1.bn1.weight  | nonzeros =     256 /     256             (100.00%) | total_pruned =       0 | shape = torch.Size([256])
layer3.1.bn1.bias    | nonzeros =     256 /     256             (100.00%) | total_pruned =       0 | shape = torch.Size([256])
layer3.1.conv2.weight | nonzeros =   33620 /  589824             (  5.70%) | total_pruned =  556204 | shape = torch.Size([256, 256, 3, 3])
layer3.1.conv2.bias  | nonzeros =       0 /     256             (  0.00%) | total_pruned =     256 | shape = torch.Size([256])
layer3.1.bn2.weight  | nonzeros =     256 /     256             (100.00%) | total_pruned =       0 | shape = torch.Size([256])
layer3.1.bn2.bias    | nonzeros =     252 /     256             ( 98.44%) | total_pruned =       4 | shape = torch.Size([256])
layer4.0.conv1.weight | nonzeros =   30170 / 1179648             (  2.56%) | total_pruned = 1149478 | shape = torch.Size([512, 256, 3, 3])
layer4.0.conv1.bias  | nonzeros =       0 /     512             (  0.00%) | total_pruned =     512 | shape = torch.Size([512])
layer4.0.bn1.weight  | nonzeros =     512 /     512             (100.00%) | total_pruned =       0 | shape = torch.Size([512])
layer4.0.bn1.bias    | nonzeros =     487 /     512             ( 95.12%) | total_pruned =      25 | shape = torch.Size([512])
layer4.0.conv2.weight | nonzeros =    6582 / 2359296             (  0.28%) | total_pruned = 2352714 | shape = torch.Size([512, 512, 3, 3])
layer4.0.conv2.bias  | nonzeros =       0 /     512             (  0.00%) | total_pruned =     512 | shape = torch.Size([512])
layer4.0.bn2.weight  | nonzeros =     512 /     512             (100.00%) | total_pruned =       0 | shape = torch.Size([512])
layer4.0.bn2.bias    | nonzeros =     174 /     512             ( 33.98%) | total_pruned =     338 | shape = torch.Size([512])
layer4.0.shortcut.0.weight | nonzeros =   50855 /  131072             ( 38.80%) | total_pruned =   80217 | shape = torch.Size([512, 256, 1, 1])
layer4.0.shortcut.0.bias | nonzeros =     163 /     512             ( 31.84%) | total_pruned =     349 | shape = torch.Size([512])
layer4.0.shortcut.1.weight | nonzeros =     512 /     512             (100.00%) | total_pruned =       0 | shape = torch.Size([512])
layer4.0.shortcut.1.bias | nonzeros =     174 /     512             ( 33.98%) | total_pruned =     338 | shape = torch.Size([512])
layer4.1.conv1.weight | nonzeros =    4515 / 2359296             (  0.19%) | total_pruned = 2354781 | shape = torch.Size([512, 512, 3, 3])
layer4.1.conv1.bias  | nonzeros =       0 /     512             (  0.00%) | total_pruned =     512 | shape = torch.Size([512])
layer4.1.bn1.weight  | nonzeros =     512 /     512             (100.00%) | total_pruned =       0 | shape = torch.Size([512])
layer4.1.bn1.bias    | nonzeros =     300 /     512             ( 58.59%) | total_pruned =     212 | shape = torch.Size([512])
layer4.1.conv2.weight | nonzeros =    4071 / 2359296             (  0.17%) | total_pruned = 2355225 | shape = torch.Size([512, 512, 3, 3])
layer4.1.conv2.bias  | nonzeros =       0 /     512             (  0.00%) | total_pruned =     512 | shape = torch.Size([512])
layer4.1.bn2.weight  | nonzeros =     512 /     512             (100.00%) | total_pruned =       0 | shape = torch.Size([512])
layer4.1.bn2.bias    | nonzeros =     465 /     512             ( 90.82%) | total_pruned =      47 | shape = torch.Size([512])
linear.weight        | nonzeros =    4598 /    5120             ( 89.80%) | total_pruned =     522 | shape = torch.Size([10, 512])
linear.bias          | nonzeros =       2 /      10             ( 20.00%) | total_pruned =       8 | shape = torch.Size([10])
alive: 447151, pruned : 10731611, total: 11178762, Compression rate :      25.00x  ( 96.00% pruned)
Train Epoch: 63/100 Loss: 0.000821 Accuracy: 85.63% Best Accuracy: 85.92%
Pruning with threshold : 0.020908933132886887
Non-zero model percentage: 0.8000080585479736%, Non-zero mask percentage: 0.8000080585479736%

--- Pruning Level [3/8]: ---
conv1.weight         | nonzeros =    1069 /    1728             ( 61.86%) | total_pruned =     659 | shape = torch.Size([64, 3, 3, 3])
conv1.bias           | nonzeros =       0 /      64             (  0.00%) | total_pruned =      64 | shape = torch.Size([64])
bn1.weight           | nonzeros =      64 /      64             (100.00%) | total_pruned =       0 | shape = torch.Size([64])
bn1.bias             | nonzeros =      43 /      64             ( 67.19%) | total_pruned =      21 | shape = torch.Size([64])
layer1.0.conv1.weight | nonzeros =    1486 /   36864             (  4.03%) | total_pruned =   35378 | shape = torch.Size([64, 64, 3, 3])
layer1.0.conv1.bias  | nonzeros =       0 /      64             (  0.00%) | total_pruned =      64 | shape = torch.Size([64])
layer1.0.bn1.weight  | nonzeros =      64 /      64             (100.00%) | total_pruned =       0 | shape = torch.Size([64])
layer1.0.bn1.bias    | nonzeros =      24 /      64             ( 37.50%) | total_pruned =      40 | shape = torch.Size([64])
layer1.0.conv2.weight | nonzeros =    1750 /   36864             (  4.75%) | total_pruned =   35114 | shape = torch.Size([64, 64, 3, 3])
layer1.0.conv2.bias  | nonzeros =       0 /      64             (  0.00%) | total_pruned =      64 | shape = torch.Size([64])
layer1.0.bn2.weight  | nonzeros =      64 /      64             (100.00%) | total_pruned =       0 | shape = torch.Size([64])
layer1.0.bn2.bias    | nonzeros =      13 /      64             ( 20.31%) | total_pruned =      51 | shape = torch.Size([64])
layer1.1.conv1.weight | nonzeros =    1368 /   36864             (  3.71%) | total_pruned =   35496 | shape = torch.Size([64, 64, 3, 3])
layer1.1.conv1.bias  | nonzeros =       0 /      64             (  0.00%) | total_pruned =      64 | shape = torch.Size([64])
layer1.1.bn1.weight  | nonzeros =      64 /      64             (100.00%) | total_pruned =       0 | shape = torch.Size([64])
layer1.1.bn1.bias    | nonzeros =      47 /      64             ( 73.44%) | total_pruned =      17 | shape = torch.Size([64])
layer1.1.conv2.weight | nonzeros =    1508 /   36864             (  4.09%) | total_pruned =   35356 | shape = torch.Size([64, 64, 3, 3])
layer1.1.conv2.bias  | nonzeros =       0 /      64             (  0.00%) | total_pruned =      64 | shape = torch.Size([64])
layer1.1.bn2.weight  | nonzeros =      64 /      64             (100.00%) | total_pruned =       0 | shape = torch.Size([64])
layer1.1.bn2.bias    | nonzeros =      24 /      64             ( 37.50%) | total_pruned =      40 | shape = torch.Size([64])
layer2.0.conv1.weight | nonzeros =    2750 /   73728             (  3.73%) | total_pruned =   70978 | shape = torch.Size([128, 64, 3, 3])
layer2.0.conv1.bias  | nonzeros =       0 /     128             (  0.00%) | total_pruned =     128 | shape = torch.Size([128])
layer2.0.bn1.weight  | nonzeros =     128 /     128             (100.00%) | total_pruned =       0 | shape = torch.Size([128])
layer2.0.bn1.bias    | nonzeros =      53 /     128             ( 41.41%) | total_pruned =      75 | shape = torch.Size([128])
layer2.0.conv2.weight | nonzeros =    4778 /  147456             (  3.24%) | total_pruned =  142678 | shape = torch.Size([128, 128, 3, 3])
layer2.0.conv2.bias  | nonzeros =       0 /     128             (  0.00%) | total_pruned =     128 | shape = torch.Size([128])
layer2.0.bn2.weight  | nonzeros =     128 /     128             (100.00%) | total_pruned =       0 | shape = torch.Size([128])
layer2.0.bn2.bias    | nonzeros =      53 /     128             ( 41.41%) | total_pruned =      75 | shape = torch.Size([128])
layer2.0.shortcut.0.weight | nonzeros =    2423 /    8192             ( 29.58%) | total_pruned =    5769 | shape = torch.Size([128, 64, 1, 1])
layer2.0.shortcut.0.bias | nonzeros =       0 /     128             (  0.00%) | total_pruned =     128 | shape = torch.Size([128])
layer2.0.shortcut.1.weight | nonzeros =     128 /     128             (100.00%) | total_pruned =       0 | shape = torch.Size([128])
layer2.0.shortcut.1.bias | nonzeros =      53 /     128             ( 41.41%) | total_pruned =      75 | shape = torch.Size([128])
layer2.1.conv1.weight | nonzeros =    3610 /  147456             (  2.45%) | total_pruned =  143846 | shape = torch.Size([128, 128, 3, 3])
layer2.1.conv1.bias  | nonzeros =       0 /     128             (  0.00%) | total_pruned =     128 | shape = torch.Size([128])
layer2.1.bn1.weight  | nonzeros =     128 /     128             (100.00%) | total_pruned =       0 | shape = torch.Size([128])
layer2.1.bn1.bias    | nonzeros =     103 /     128             ( 80.47%) | total_pruned =      25 | shape = torch.Size([128])
layer2.1.conv2.weight | nonzeros =    4121 /  147456             (  2.79%) | total_pruned =  143335 | shape = torch.Size([128, 128, 3, 3])
layer2.1.conv2.bias  | nonzeros =       0 /     128             (  0.00%) | total_pruned =     128 | shape = torch.Size([128])
layer2.1.bn2.weight  | nonzeros =     128 /     128             (100.00%) | total_pruned =       0 | shape = torch.Size([128])
layer2.1.bn2.bias    | nonzeros =      70 /     128             ( 54.69%) | total_pruned =      58 | shape = torch.Size([128])
layer3.0.conv1.weight | nonzeros =    9335 /  294912             (  3.17%) | total_pruned =  285577 | shape = torch.Size([256, 128, 3, 3])
layer3.0.conv1.bias  | nonzeros =       0 /     256             (  0.00%) | total_pruned =     256 | shape = torch.Size([256])
layer3.0.bn1.weight  | nonzeros =     256 /     256             (100.00%) | total_pruned =       0 | shape = torch.Size([256])
layer3.0.bn1.bias    | nonzeros =     192 /     256             ( 75.00%) | total_pruned =      64 | shape = torch.Size([256])
layer3.0.conv2.weight | nonzeros =   10750 /  589824             (  1.82%) | total_pruned =  579074 | shape = torch.Size([256, 256, 3, 3])
layer3.0.conv2.bias  | nonzeros =       0 /     256             (  0.00%) | total_pruned =     256 | shape = torch.Size([256])
layer3.0.bn2.weight  | nonzeros =     256 /     256             (100.00%) | total_pruned =       0 | shape = torch.Size([256])
layer3.0.bn2.bias    | nonzeros =     188 /     256             ( 73.44%) | total_pruned =      68 | shape = torch.Size([256])
layer3.0.shortcut.0.weight | nonzeros =    5711 /   32768             ( 17.43%) | total_pruned =   27057 | shape = torch.Size([256, 128, 1, 1])
layer3.0.shortcut.0.bias | nonzeros =       0 /     256             (  0.00%) | total_pruned =     256 | shape = torch.Size([256])
layer3.0.shortcut.1.weight | nonzeros =     256 /     256             (100.00%) | total_pruned =       0 | shape = torch.Size([256])
layer3.0.shortcut.1.bias | nonzeros =     188 /     256             ( 73.44%) | total_pruned =      68 | shape = torch.Size([256])
layer3.1.conv1.weight | nonzeros =    8593 /  589824             (  1.46%) | total_pruned =  581231 | shape = torch.Size([256, 256, 3, 3])
layer3.1.conv1.bias  | nonzeros =       0 /     256             (  0.00%) | total_pruned =     256 | shape = torch.Size([256])
layer3.1.bn1.weight  | nonzeros =     256 /     256             (100.00%) | total_pruned =       0 | shape = torch.Size([256])
layer3.1.bn1.bias    | nonzeros =     174 /     256             ( 67.97%) | total_pruned =      82 | shape = torch.Size([256])
layer3.1.conv2.weight | nonzeros =    6494 /  589824             (  1.10%) | total_pruned =  583330 | shape = torch.Size([256, 256, 3, 3])
layer3.1.conv2.bias  | nonzeros =       0 /     256             (  0.00%) | total_pruned =     256 | shape = torch.Size([256])
layer3.1.bn2.weight  | nonzeros =     256 /     256             (100.00%) | total_pruned =       0 | shape = torch.Size([256])
layer3.1.bn2.bias    | nonzeros =     117 /     256             ( 45.70%) | total_pruned =     139 | shape = torch.Size([256])
layer4.0.conv1.weight | nonzeros =    4619 / 1179648             (  0.39%) | total_pruned = 1175029 | shape = torch.Size([512, 256, 3, 3])
layer4.0.conv1.bias  | nonzeros =       0 /     512             (  0.00%) | total_pruned =     512 | shape = torch.Size([512])
layer4.0.bn1.weight  | nonzeros =     512 /     512             (100.00%) | total_pruned =       0 | shape = torch.Size([512])
layer4.0.bn1.bias    | nonzeros =      46 /     512             (  8.98%) | total_pruned =     466 | shape = torch.Size([512])
layer4.0.conv2.weight | nonzeros =    2208 / 2359296             (  0.09%) | total_pruned = 2357088 | shape = torch.Size([512, 512, 3, 3])
layer4.0.conv2.bias  | nonzeros =       0 /     512             (  0.00%) | total_pruned =     512 | shape = torch.Size([512])
layer4.0.bn2.weight  | nonzeros =     512 /     512             (100.00%) | total_pruned =       0 | shape = torch.Size([512])
layer4.0.bn2.bias    | nonzeros =      39 /     512             (  7.62%) | total_pruned =     473 | shape = torch.Size([512])
layer4.0.shortcut.0.weight | nonzeros =    2936 /  131072             (  2.24%) | total_pruned =  128136 | shape = torch.Size([512, 256, 1, 1])
layer4.0.shortcut.0.bias | nonzeros =       0 /     512             (  0.00%) | total_pruned =     512 | shape = torch.Size([512])
layer4.0.shortcut.1.weight | nonzeros =     512 /     512             (100.00%) | total_pruned =       0 | shape = torch.Size([512])
layer4.0.shortcut.1.bias | nonzeros =      39 /     512             (  7.62%) | total_pruned =     473 | shape = torch.Size([512])
layer4.1.conv1.weight | nonzeros =    1158 / 2359296             (  0.05%) | total_pruned = 2358138 | shape = torch.Size([512, 512, 3, 3])
layer4.1.conv1.bias  | nonzeros =       0 /     512             (  0.00%) | total_pruned =     512 | shape = torch.Size([512])
layer4.1.bn1.weight  | nonzeros =     512 /     512             (100.00%) | total_pruned =       0 | shape = torch.Size([512])
layer4.1.bn1.bias    | nonzeros =      52 /     512             ( 10.16%) | total_pruned =     460 | shape = torch.Size([512])
layer4.1.conv2.weight | nonzeros =    1942 / 2359296             (  0.08%) | total_pruned = 2357354 | shape = torch.Size([512, 512, 3, 3])
layer4.1.conv2.bias  | nonzeros =       0 /     512             (  0.00%) | total_pruned =     512 | shape = torch.Size([512])
layer4.1.bn2.weight  | nonzeros =     512 /     512             (100.00%) | total_pruned =       0 | shape = torch.Size([512])
layer4.1.bn2.bias    | nonzeros =     464 /     512             ( 90.62%) | total_pruned =      48 | shape = torch.Size([512])
linear.weight        | nonzeros =    4039 /    5120             ( 78.89%) | total_pruned =    1081 | shape = torch.Size([10, 512])
linear.bias          | nonzeros =       1 /      10             ( 10.00%) | total_pruned =       9 | shape = torch.Size([10])
alive: 89431, pruned : 11089331, total: 11178762, Compression rate :     125.00x  ( 99.20% pruned)
Train Epoch: 50/100 Loss: 0.246006 Accuracy: 80.45% Best Accuracy: 81.52%
Pruning with threshold : 0.11544010043144226
Non-zero model percentage: 0.1600087732076645%, Non-zero mask percentage: 0.1600087732076645%

--- Pruning Level [4/8]: ---
conv1.weight         | nonzeros =     434 /    1728             ( 25.12%) | total_pruned =    1294 | shape = torch.Size([64, 3, 3, 3])
conv1.bias           | nonzeros =       0 /      64             (  0.00%) | total_pruned =      64 | shape = torch.Size([64])
bn1.weight           | nonzeros =      52 /      64             ( 81.25%) | total_pruned =      12 | shape = torch.Size([64])
bn1.bias             | nonzeros =      25 /      64             ( 39.06%) | total_pruned =      39 | shape = torch.Size([64])
layer1.0.conv1.weight | nonzeros =     347 /   36864             (  0.94%) | total_pruned =   36517 | shape = torch.Size([64, 64, 3, 3])
layer1.0.conv1.bias  | nonzeros =       0 /      64             (  0.00%) | total_pruned =      64 | shape = torch.Size([64])
layer1.0.bn1.weight  | nonzeros =      53 /      64             ( 82.81%) | total_pruned =      11 | shape = torch.Size([64])
layer1.0.bn1.bias    | nonzeros =       8 /      64             ( 12.50%) | total_pruned =      56 | shape = torch.Size([64])
layer1.0.conv2.weight | nonzeros =     383 /   36864             (  1.04%) | total_pruned =   36481 | shape = torch.Size([64, 64, 3, 3])
layer1.0.conv2.bias  | nonzeros =       0 /      64             (  0.00%) | total_pruned =      64 | shape = torch.Size([64])
layer1.0.bn2.weight  | nonzeros =      60 /      64             ( 93.75%) | total_pruned =       4 | shape = torch.Size([64])
layer1.0.bn2.bias    | nonzeros =       3 /      64             (  4.69%) | total_pruned =      61 | shape = torch.Size([64])
layer1.1.conv1.weight | nonzeros =     361 /   36864             (  0.98%) | total_pruned =   36503 | shape = torch.Size([64, 64, 3, 3])
layer1.1.conv1.bias  | nonzeros =       0 /      64             (  0.00%) | total_pruned =      64 | shape = torch.Size([64])
layer1.1.bn1.weight  | nonzeros =      55 /      64             ( 85.94%) | total_pruned =       9 | shape = torch.Size([64])
layer1.1.bn1.bias    | nonzeros =      11 /      64             ( 17.19%) | total_pruned =      53 | shape = torch.Size([64])
layer1.1.conv2.weight | nonzeros =     345 /   36864             (  0.94%) | total_pruned =   36519 | shape = torch.Size([64, 64, 3, 3])
layer1.1.conv2.bias  | nonzeros =       0 /      64             (  0.00%) | total_pruned =      64 | shape = torch.Size([64])
layer1.1.bn2.weight  | nonzeros =      55 /      64             ( 85.94%) | total_pruned =       9 | shape = torch.Size([64])
layer1.1.bn2.bias    | nonzeros =       8 /      64             ( 12.50%) | total_pruned =      56 | shape = torch.Size([64])
layer2.0.conv1.weight | nonzeros =     662 /   73728             (  0.90%) | total_pruned =   73066 | shape = torch.Size([128, 64, 3, 3])
layer2.0.conv1.bias  | nonzeros =       0 /     128             (  0.00%) | total_pruned =     128 | shape = torch.Size([128])
layer2.0.bn1.weight  | nonzeros =     126 /     128             ( 98.44%) | total_pruned =       2 | shape = torch.Size([128])
layer2.0.bn1.bias    | nonzeros =       9 /     128             (  7.03%) | total_pruned =     119 | shape = torch.Size([128])
layer2.0.conv2.weight | nonzeros =     906 /  147456             (  0.61%) | total_pruned =  146550 | shape = torch.Size([128, 128, 3, 3])
layer2.0.conv2.bias  | nonzeros =       0 /     128             (  0.00%) | total_pruned =     128 | shape = torch.Size([128])
layer2.0.bn2.weight  | nonzeros =     126 /     128             ( 98.44%) | total_pruned =       2 | shape = torch.Size([128])
layer2.0.bn2.bias    | nonzeros =       2 /     128             (  1.56%) | total_pruned =     126 | shape = torch.Size([128])
layer2.0.shortcut.0.weight | nonzeros =     566 /    8192             (  6.91%) | total_pruned =    7626 | shape = torch.Size([128, 64, 1, 1])
layer2.0.shortcut.0.bias | nonzeros =       0 /     128             (  0.00%) | total_pruned =     128 | shape = torch.Size([128])
layer2.0.shortcut.1.weight | nonzeros =     123 /     128             ( 96.09%) | total_pruned =       5 | shape = torch.Size([128])
layer2.0.shortcut.1.bias | nonzeros =       2 /     128             (  1.56%) | total_pruned =     126 | shape = torch.Size([128])
layer2.1.conv1.weight | nonzeros =     761 /  147456             (  0.52%) | total_pruned =  146695 | shape = torch.Size([128, 128, 3, 3])
layer2.1.conv1.bias  | nonzeros =       0 /     128             (  0.00%) | total_pruned =     128 | shape = torch.Size([128])
layer2.1.bn1.weight  | nonzeros =     126 /     128             ( 98.44%) | total_pruned =       2 | shape = torch.Size([128])
layer2.1.bn1.bias    | nonzeros =      11 /     128             (  8.59%) | total_pruned =     117 | shape = torch.Size([128])
layer2.1.conv2.weight | nonzeros =     752 /  147456             (  0.51%) | total_pruned =  146704 | shape = torch.Size([128, 128, 3, 3])
layer2.1.conv2.bias  | nonzeros =       0 /     128             (  0.00%) | total_pruned =     128 | shape = torch.Size([128])
layer2.1.bn2.weight  | nonzeros =     124 /     128             ( 96.88%) | total_pruned =       4 | shape = torch.Size([128])
layer2.1.bn2.bias    | nonzeros =       6 /     128             (  4.69%) | total_pruned =     122 | shape = torch.Size([128])
layer3.0.conv1.weight | nonzeros =    1609 /  294912             (  0.55%) | total_pruned =  293303 | shape = torch.Size([256, 128, 3, 3])
layer3.0.conv1.bias  | nonzeros =       0 /     256             (  0.00%) | total_pruned =     256 | shape = torch.Size([256])
layer3.0.bn1.weight  | nonzeros =     256 /     256             (100.00%) | total_pruned =       0 | shape = torch.Size([256])
layer3.0.bn1.bias    | nonzeros =      14 /     256             (  5.47%) | total_pruned =     242 | shape = torch.Size([256])
layer3.0.conv2.weight | nonzeros =    1648 /  589824             (  0.28%) | total_pruned =  588176 | shape = torch.Size([256, 256, 3, 3])
layer3.0.conv2.bias  | nonzeros =       0 /     256             (  0.00%) | total_pruned =     256 | shape = torch.Size([256])
layer3.0.bn2.weight  | nonzeros =     253 /     256             ( 98.83%) | total_pruned =       3 | shape = torch.Size([256])
layer3.0.bn2.bias    | nonzeros =       6 /     256             (  2.34%) | total_pruned =     250 | shape = torch.Size([256])
layer3.0.shortcut.0.weight | nonzeros =     718 /   32768             (  2.19%) | total_pruned =   32050 | shape = torch.Size([256, 128, 1, 1])
layer3.0.shortcut.0.bias | nonzeros =       0 /     256             (  0.00%) | total_pruned =     256 | shape = torch.Size([256])
layer3.0.shortcut.1.weight | nonzeros =     227 /     256             ( 88.67%) | total_pruned =      29 | shape = torch.Size([256])
layer3.0.shortcut.1.bias | nonzeros =       6 /     256             (  2.34%) | total_pruned =     250 | shape = torch.Size([256])
layer3.1.conv1.weight | nonzeros =    1285 /  589824             (  0.22%) | total_pruned =  588539 | shape = torch.Size([256, 256, 3, 3])
layer3.1.conv1.bias  | nonzeros =       0 /     256             (  0.00%) | total_pruned =     256 | shape = torch.Size([256])
layer3.1.bn1.weight  | nonzeros =     250 /     256             ( 97.66%) | total_pruned =       6 | shape = torch.Size([256])
layer3.1.bn1.bias    | nonzeros =      28 /     256             ( 10.94%) | total_pruned =     228 | shape = torch.Size([256])
layer3.1.conv2.weight | nonzeros =     923 /  589824             (  0.16%) | total_pruned =  588901 | shape = torch.Size([256, 256, 3, 3])
layer3.1.conv2.bias  | nonzeros =       0 /     256             (  0.00%) | total_pruned =     256 | shape = torch.Size([256])
layer3.1.bn2.weight  | nonzeros =     241 /     256             ( 94.14%) | total_pruned =      15 | shape = torch.Size([256])
layer3.1.bn2.bias    | nonzeros =      20 /     256             (  7.81%) | total_pruned =     236 | shape = torch.Size([256])
layer4.0.conv1.weight | nonzeros =     636 / 1179648             (  0.05%) | total_pruned = 1179012 | shape = torch.Size([512, 256, 3, 3])
layer4.0.conv1.bias  | nonzeros =       0 /     512             (  0.00%) | total_pruned =     512 | shape = torch.Size([512])
layer4.0.bn1.weight  | nonzeros =     263 /     512             ( 51.37%) | total_pruned =     249 | shape = torch.Size([512])
layer4.0.bn1.bias    | nonzeros =       3 /     512             (  0.59%) | total_pruned =     509 | shape = torch.Size([512])
layer4.0.conv2.weight | nonzeros =     319 / 2359296             (  0.01%) | total_pruned = 2358977 | shape = torch.Size([512, 512, 3, 3])
layer4.0.conv2.bias  | nonzeros =       0 /     512             (  0.00%) | total_pruned =     512 | shape = torch.Size([512])
layer4.0.bn2.weight  | nonzeros =     318 /     512             ( 62.11%) | total_pruned =     194 | shape = torch.Size([512])
layer4.0.bn2.bias    | nonzeros =       6 /     512             (  1.17%) | total_pruned =     506 | shape = torch.Size([512])
layer4.0.shortcut.0.weight | nonzeros =     393 /  131072             (  0.30%) | total_pruned =  130679 | shape = torch.Size([512, 256, 1, 1])
layer4.0.shortcut.0.bias | nonzeros =       0 /     512             (  0.00%) | total_pruned =     512 | shape = torch.Size([512])
layer4.0.shortcut.1.weight | nonzeros =     251 /     512             ( 49.02%) | total_pruned =     261 | shape = torch.Size([512])
layer4.0.shortcut.1.bias | nonzeros =       6 /     512             (  1.17%) | total_pruned =     506 | shape = torch.Size([512])
layer4.1.conv1.weight | nonzeros =     209 / 2359296             (  0.01%) | total_pruned = 2359087 | shape = torch.Size([512, 512, 3, 3])
layer4.1.conv1.bias  | nonzeros =       0 /     512             (  0.00%) | total_pruned =     512 | shape = torch.Size([512])
layer4.1.bn1.weight  | nonzeros =      61 /     512             ( 11.91%) | total_pruned =     451 | shape = torch.Size([512])
layer4.1.bn1.bias    | nonzeros =       1 /     512             (  0.20%) | total_pruned =     511 | shape = torch.Size([512])
layer4.1.conv2.weight | nonzeros =       0 / 2359296             (  0.00%) | total_pruned = 2359296 | shape = torch.Size([512, 512, 3, 3])
layer4.1.conv2.bias  | nonzeros =       0 /     512             (  0.00%) | total_pruned =     512 | shape = torch.Size([512])
layer4.1.bn2.weight  | nonzeros =     512 /     512             (100.00%) | total_pruned =       0 | shape = torch.Size([512])
layer4.1.bn2.bias    | nonzeros =     183 /     512             ( 35.74%) | total_pruned =     329 | shape = torch.Size([512])
linear.weight        | nonzeros =     740 /    5120             ( 14.45%) | total_pruned =    4380 | shape = torch.Size([10, 512])
linear.bias          | nonzeros =       0 /      10             (  0.00%) | total_pruned =      10 | shape = torch.Size([10])
alive: 17887, pruned : 11160875, total: 11178762, Compression rate :     624.97x  ( 99.84% pruned)
Train Epoch: 60/100 Loss: 0.571871 Accuracy: 75.79% Best Accuracy: 76.32%
Pruning with threshold : 0.24214299917221072
Non-zero model percentage: 0.0320071205496788%, Non-zero mask percentage: 0.0320071205496788%

--- Pruning Level [5/8]: ---
conv1.weight         | nonzeros =     214 /    1728             ( 12.38%) | total_pruned =    1514 | shape = torch.Size([64, 3, 3, 3])
conv1.bias           | nonzeros =       0 /      64             (  0.00%) | total_pruned =      64 | shape = torch.Size([64])
bn1.weight           | nonzeros =      34 /      64             ( 53.12%) | total_pruned =      30 | shape = torch.Size([64])
bn1.bias             | nonzeros =      18 /      64             ( 28.12%) | total_pruned =      46 | shape = torch.Size([64])
layer1.0.conv1.weight | nonzeros =     100 /   36864             (  0.27%) | total_pruned =   36764 | shape = torch.Size([64, 64, 3, 3])
layer1.0.conv1.bias  | nonzeros =       0 /      64             (  0.00%) | total_pruned =      64 | shape = torch.Size([64])
layer1.0.bn1.weight  | nonzeros =      41 /      64             ( 64.06%) | total_pruned =      23 | shape = torch.Size([64])
layer1.0.bn1.bias    | nonzeros =       4 /      64             (  6.25%) | total_pruned =      60 | shape = torch.Size([64])
layer1.0.conv2.weight | nonzeros =     117 /   36864             (  0.32%) | total_pruned =   36747 | shape = torch.Size([64, 64, 3, 3])
layer1.0.conv2.bias  | nonzeros =       0 /      64             (  0.00%) | total_pruned =      64 | shape = torch.Size([64])
layer1.0.bn2.weight  | nonzeros =      45 /      64             ( 70.31%) | total_pruned =      19 | shape = torch.Size([64])
layer1.0.bn2.bias    | nonzeros =       1 /      64             (  1.56%) | total_pruned =      63 | shape = torch.Size([64])
layer1.1.conv1.weight | nonzeros =     124 /   36864             (  0.34%) | total_pruned =   36740 | shape = torch.Size([64, 64, 3, 3])
layer1.1.conv1.bias  | nonzeros =       0 /      64             (  0.00%) | total_pruned =      64 | shape = torch.Size([64])
layer1.1.bn1.weight  | nonzeros =      40 /      64             ( 62.50%) | total_pruned =      24 | shape = torch.Size([64])
layer1.1.bn1.bias    | nonzeros =       2 /      64             (  3.12%) | total_pruned =      62 | shape = torch.Size([64])
layer1.1.conv2.weight | nonzeros =     103 /   36864             (  0.28%) | total_pruned =   36761 | shape = torch.Size([64, 64, 3, 3])
layer1.1.conv2.bias  | nonzeros =       0 /      64             (  0.00%) | total_pruned =      64 | shape = torch.Size([64])
layer1.1.bn2.weight  | nonzeros =      42 /      64             ( 65.62%) | total_pruned =      22 | shape = torch.Size([64])
layer1.1.bn2.bias    | nonzeros =       3 /      64             (  4.69%) | total_pruned =      61 | shape = torch.Size([64])
layer2.0.conv1.weight | nonzeros =     167 /   73728             (  0.23%) | total_pruned =   73561 | shape = torch.Size([128, 64, 3, 3])
layer2.0.conv1.bias  | nonzeros =       0 /     128             (  0.00%) | total_pruned =     128 | shape = torch.Size([128])
layer2.0.bn1.weight  | nonzeros =      80 /     128             ( 62.50%) | total_pruned =      48 | shape = torch.Size([128])
layer2.0.bn1.bias    | nonzeros =       6 /     128             (  4.69%) | total_pruned =     122 | shape = torch.Size([128])
layer2.0.conv2.weight | nonzeros =     182 /  147456             (  0.12%) | total_pruned =  147274 | shape = torch.Size([128, 128, 3, 3])
layer2.0.conv2.bias  | nonzeros =       0 /     128             (  0.00%) | total_pruned =     128 | shape = torch.Size([128])
layer2.0.bn2.weight  | nonzeros =      80 /     128             ( 62.50%) | total_pruned =      48 | shape = torch.Size([128])
layer2.0.bn2.bias    | nonzeros =       1 /     128             (  0.78%) | total_pruned =     127 | shape = torch.Size([128])
layer2.0.shortcut.0.weight | nonzeros =     109 /    8192             (  1.33%) | total_pruned =    8083 | shape = torch.Size([128, 64, 1, 1])
layer2.0.shortcut.0.bias | nonzeros =       0 /     128             (  0.00%) | total_pruned =     128 | shape = torch.Size([128])
layer2.0.shortcut.1.weight | nonzeros =      41 /     128             ( 32.03%) | total_pruned =      87 | shape = torch.Size([128])
layer2.0.shortcut.1.bias | nonzeros =       1 /     128             (  0.78%) | total_pruned =     127 | shape = torch.Size([128])
layer2.1.conv1.weight | nonzeros =     182 /  147456             (  0.12%) | total_pruned =  147274 | shape = torch.Size([128, 128, 3, 3])
layer2.1.conv1.bias  | nonzeros =       0 /     128             (  0.00%) | total_pruned =     128 | shape = torch.Size([128])
layer2.1.bn1.weight  | nonzeros =      79 /     128             ( 61.72%) | total_pruned =      49 | shape = torch.Size([128])
layer2.1.bn1.bias    | nonzeros =       2 /     128             (  1.56%) | total_pruned =     126 | shape = torch.Size([128])
layer2.1.conv2.weight | nonzeros =     149 /  147456             (  0.10%) | total_pruned =  147307 | shape = torch.Size([128, 128, 3, 3])
layer2.1.conv2.bias  | nonzeros =       0 /     128             (  0.00%) | total_pruned =     128 | shape = torch.Size([128])
layer2.1.bn2.weight  | nonzeros =      93 /     128             ( 72.66%) | total_pruned =      35 | shape = torch.Size([128])
layer2.1.bn2.bias    | nonzeros =       2 /     128             (  1.56%) | total_pruned =     126 | shape = torch.Size([128])
layer3.0.conv1.weight | nonzeros =     240 /  294912             (  0.08%) | total_pruned =  294672 | shape = torch.Size([256, 128, 3, 3])
layer3.0.conv1.bias  | nonzeros =       0 /     256             (  0.00%) | total_pruned =     256 | shape = torch.Size([256])
layer3.0.bn1.weight  | nonzeros =     117 /     256             ( 45.70%) | total_pruned =     139 | shape = torch.Size([256])
layer3.0.bn1.bias    | nonzeros =       2 /     256             (  0.78%) | total_pruned =     254 | shape = torch.Size([256])
layer3.0.conv2.weight | nonzeros =     177 /  589824             (  0.03%) | total_pruned =  589647 | shape = torch.Size([256, 256, 3, 3])
layer3.0.conv2.bias  | nonzeros =       0 /     256             (  0.00%) | total_pruned =     256 | shape = torch.Size([256])
layer3.0.bn2.weight  | nonzeros =      95 /     256             ( 37.11%) | total_pruned =     161 | shape = torch.Size([256])
layer3.0.bn2.bias    | nonzeros =       0 /     256             (  0.00%) | total_pruned =     256 | shape = torch.Size([256])
layer3.0.shortcut.0.weight | nonzeros =      56 /   32768             (  0.17%) | total_pruned =   32712 | shape = torch.Size([256, 128, 1, 1])
layer3.0.shortcut.0.bias | nonzeros =       0 /     256             (  0.00%) | total_pruned =     256 | shape = torch.Size([256])
layer3.0.shortcut.1.weight | nonzeros =      20 /     256             (  7.81%) | total_pruned =     236 | shape = torch.Size([256])
layer3.0.shortcut.1.bias | nonzeros =       0 /     256             (  0.00%) | total_pruned =     256 | shape = torch.Size([256])
layer3.1.conv1.weight | nonzeros =     135 /  589824             (  0.02%) | total_pruned =  589689 | shape = torch.Size([256, 256, 3, 3])
layer3.1.conv1.bias  | nonzeros =       0 /     256             (  0.00%) | total_pruned =     256 | shape = torch.Size([256])
layer3.1.bn1.weight  | nonzeros =      53 /     256             ( 20.70%) | total_pruned =     203 | shape = torch.Size([256])
layer3.1.bn1.bias    | nonzeros =       7 /     256             (  2.73%) | total_pruned =     249 | shape = torch.Size([256])
layer3.1.conv2.weight | nonzeros =      70 /  589824             (  0.01%) | total_pruned =  589754 | shape = torch.Size([256, 256, 3, 3])
layer3.1.conv2.bias  | nonzeros =       0 /     256             (  0.00%) | total_pruned =     256 | shape = torch.Size([256])
layer3.1.bn2.weight  | nonzeros =     103 /     256             ( 40.23%) | total_pruned =     153 | shape = torch.Size([256])
layer3.1.bn2.bias    | nonzeros =       6 /     256             (  2.34%) | total_pruned =     250 | shape = torch.Size([256])
layer4.0.conv1.weight | nonzeros =      45 / 1179648             (  0.00%) | total_pruned = 1179603 | shape = torch.Size([512, 256, 3, 3])
layer4.0.conv1.bias  | nonzeros =       0 /     512             (  0.00%) | total_pruned =     512 | shape = torch.Size([512])
layer4.0.bn1.weight  | nonzeros =      29 /     512             (  5.66%) | total_pruned =     483 | shape = torch.Size([512])
layer4.0.bn1.bias    | nonzeros =       0 /     512             (  0.00%) | total_pruned =     512 | shape = torch.Size([512])
layer4.0.conv2.weight | nonzeros =      28 / 2359296             (  0.00%) | total_pruned = 2359268 | shape = torch.Size([512, 512, 3, 3])
layer4.0.conv2.bias  | nonzeros =       0 /     512             (  0.00%) | total_pruned =     512 | shape = torch.Size([512])
layer4.0.bn2.weight  | nonzeros =      51 /     512             (  9.96%) | total_pruned =     461 | shape = torch.Size([512])
layer4.0.bn2.bias    | nonzeros =       1 /     512             (  0.20%) | total_pruned =     511 | shape = torch.Size([512])
layer4.0.shortcut.0.weight | nonzeros =      27 /  131072             (  0.02%) | total_pruned =  131045 | shape = torch.Size([512, 256, 1, 1])
layer4.0.shortcut.0.bias | nonzeros =       0 /     512             (  0.00%) | total_pruned =     512 | shape = torch.Size([512])
layer4.0.shortcut.1.weight | nonzeros =      56 /     512             ( 10.94%) | total_pruned =     456 | shape = torch.Size([512])
layer4.0.shortcut.1.bias | nonzeros =       1 /     512             (  0.20%) | total_pruned =     511 | shape = torch.Size([512])
layer4.1.conv1.weight | nonzeros =       0 / 2359296             (  0.00%) | total_pruned = 2359296 | shape = torch.Size([512, 512, 3, 3])
layer4.1.conv1.bias  | nonzeros =       0 /     512             (  0.00%) | total_pruned =     512 | shape = torch.Size([512])
layer4.1.bn1.weight  | nonzeros =       0 /     512             (  0.00%) | total_pruned =     512 | shape = torch.Size([512])
layer4.1.bn1.bias    | nonzeros =       0 /     512             (  0.00%) | total_pruned =     512 | shape = torch.Size([512])
layer4.1.conv2.weight | nonzeros =       0 / 2359296             (  0.00%) | total_pruned = 2359296 | shape = torch.Size([512, 512, 3, 3])
layer4.1.conv2.bias  | nonzeros =       0 /     512             (  0.00%) | total_pruned =     512 | shape = torch.Size([512])
layer4.1.bn2.weight  | nonzeros =      38 /     512             (  7.42%) | total_pruned =     474 | shape = torch.Size([512])
layer4.1.bn2.bias    | nonzeros =       7 /     512             (  1.37%) | total_pruned =     505 | shape = torch.Size([512])
linear.weight        | nonzeros =     152 /    5120             (  2.97%) | total_pruned =    4968 | shape = torch.Size([10, 512])
linear.bias          | nonzeros =       0 /      10             (  0.00%) | total_pruned =      10 | shape = torch.Size([10])
alive: 3578, pruned : 11175184, total: 11178762, Compression rate :    3124.30x  ( 99.97% pruned)
Train Epoch: 86/100 Loss: 1.505533 Accuracy: 42.85% Best Accuracy: 44.47%
Pruning with threshold : 0.3588247954845429
Non-zero model percentage: 0.006405002437531948%, Non-zero mask percentage: 0.006405002437531948%

--- Pruning Level [6/8]: ---
conv1.weight         | nonzeros =     113 /    1728             (  6.54%) | total_pruned =    1615 | shape = torch.Size([64, 3, 3, 3])
conv1.bias           | nonzeros =       0 /      64             (  0.00%) | total_pruned =      64 | shape = torch.Size([64])
bn1.weight           | nonzeros =      22 /      64             ( 34.38%) | total_pruned =      42 | shape = torch.Size([64])
bn1.bias             | nonzeros =       9 /      64             ( 14.06%) | total_pruned =      55 | shape = torch.Size([64])
layer1.0.conv1.weight | nonzeros =      35 /   36864             (  0.09%) | total_pruned =   36829 | shape = torch.Size([64, 64, 3, 3])
layer1.0.conv1.bias  | nonzeros =       0 /      64             (  0.00%) | total_pruned =      64 | shape = torch.Size([64])
layer1.0.bn1.weight  | nonzeros =      15 /      64             ( 23.44%) | total_pruned =      49 | shape = torch.Size([64])
layer1.0.bn1.bias    | nonzeros =       1 /      64             (  1.56%) | total_pruned =      63 | shape = torch.Size([64])
layer1.0.conv2.weight | nonzeros =      36 /   36864             (  0.10%) | total_pruned =   36828 | shape = torch.Size([64, 64, 3, 3])
layer1.0.conv2.bias  | nonzeros =       0 /      64             (  0.00%) | total_pruned =      64 | shape = torch.Size([64])
layer1.0.bn2.weight  | nonzeros =      20 /      64             ( 31.25%) | total_pruned =      44 | shape = torch.Size([64])
layer1.0.bn2.bias    | nonzeros =       0 /      64             (  0.00%) | total_pruned =      64 | shape = torch.Size([64])
layer1.1.conv1.weight | nonzeros =      47 /   36864             (  0.13%) | total_pruned =   36817 | shape = torch.Size([64, 64, 3, 3])
layer1.1.conv1.bias  | nonzeros =       0 /      64             (  0.00%) | total_pruned =      64 | shape = torch.Size([64])
layer1.1.bn1.weight  | nonzeros =      16 /      64             ( 25.00%) | total_pruned =      48 | shape = torch.Size([64])
layer1.1.bn1.bias    | nonzeros =       0 /      64             (  0.00%) | total_pruned =      64 | shape = torch.Size([64])
layer1.1.conv2.weight | nonzeros =      39 /   36864             (  0.11%) | total_pruned =   36825 | shape = torch.Size([64, 64, 3, 3])
layer1.1.conv2.bias  | nonzeros =       0 /      64             (  0.00%) | total_pruned =      64 | shape = torch.Size([64])
layer1.1.bn2.weight  | nonzeros =      26 /      64             ( 40.62%) | total_pruned =      38 | shape = torch.Size([64])
layer1.1.bn2.bias    | nonzeros =       1 /      64             (  1.56%) | total_pruned =      63 | shape = torch.Size([64])
layer2.0.conv1.weight | nonzeros =      41 /   73728             (  0.06%) | total_pruned =   73687 | shape = torch.Size([128, 64, 3, 3])
layer2.0.conv1.bias  | nonzeros =       0 /     128             (  0.00%) | total_pruned =     128 | shape = torch.Size([128])
layer2.0.bn1.weight  | nonzeros =      18 /     128             ( 14.06%) | total_pruned =     110 | shape = torch.Size([128])
layer2.0.bn1.bias    | nonzeros =       0 /     128             (  0.00%) | total_pruned =     128 | shape = torch.Size([128])
layer2.0.conv2.weight | nonzeros =      27 /  147456             (  0.02%) | total_pruned =  147429 | shape = torch.Size([128, 128, 3, 3])
layer2.0.conv2.bias  | nonzeros =       0 /     128             (  0.00%) | total_pruned =     128 | shape = torch.Size([128])
layer2.0.bn2.weight  | nonzeros =      23 /     128             ( 17.97%) | total_pruned =     105 | shape = torch.Size([128])
layer2.0.bn2.bias    | nonzeros =       0 /     128             (  0.00%) | total_pruned =     128 | shape = torch.Size([128])
layer2.0.shortcut.0.weight | nonzeros =       6 /    8192             (  0.07%) | total_pruned =    8186 | shape = torch.Size([128, 64, 1, 1])
layer2.0.shortcut.0.bias | nonzeros =       0 /     128             (  0.00%) | total_pruned =     128 | shape = torch.Size([128])
layer2.0.shortcut.1.weight | nonzeros =       6 /     128             (  4.69%) | total_pruned =     122 | shape = torch.Size([128])
layer2.0.shortcut.1.bias | nonzeros =       0 /     128             (  0.00%) | total_pruned =     128 | shape = torch.Size([128])
layer2.1.conv1.weight | nonzeros =      19 /  147456             (  0.01%) | total_pruned =  147437 | shape = torch.Size([128, 128, 3, 3])
layer2.1.conv1.bias  | nonzeros =       0 /     128             (  0.00%) | total_pruned =     128 | shape = torch.Size([128])
layer2.1.bn1.weight  | nonzeros =       8 /     128             (  6.25%) | total_pruned =     120 | shape = torch.Size([128])
layer2.1.bn1.bias    | nonzeros =       2 /     128             (  1.56%) | total_pruned =     126 | shape = torch.Size([128])
layer2.1.conv2.weight | nonzeros =      10 /  147456             (  0.01%) | total_pruned =  147446 | shape = torch.Size([128, 128, 3, 3])
layer2.1.conv2.bias  | nonzeros =       0 /     128             (  0.00%) | total_pruned =     128 | shape = torch.Size([128])
layer2.1.bn2.weight  | nonzeros =      11 /     128             (  8.59%) | total_pruned =     117 | shape = torch.Size([128])
layer2.1.bn2.bias    | nonzeros =       1 /     128             (  0.78%) | total_pruned =     127 | shape = torch.Size([128])
layer3.0.conv1.weight | nonzeros =      15 /  294912             (  0.01%) | total_pruned =  294897 | shape = torch.Size([256, 128, 3, 3])
layer3.0.conv1.bias  | nonzeros =       0 /     256             (  0.00%) | total_pruned =     256 | shape = torch.Size([256])
layer3.0.bn1.weight  | nonzeros =      12 /     256             (  4.69%) | total_pruned =     244 | shape = torch.Size([256])
layer3.0.bn1.bias    | nonzeros =       0 /     256             (  0.00%) | total_pruned =     256 | shape = torch.Size([256])
layer3.0.conv2.weight | nonzeros =      12 /  589824             (  0.00%) | total_pruned =  589812 | shape = torch.Size([256, 256, 3, 3])
layer3.0.conv2.bias  | nonzeros =       0 /     256             (  0.00%) | total_pruned =     256 | shape = torch.Size([256])
layer3.0.bn2.weight  | nonzeros =      12 /     256             (  4.69%) | total_pruned =     244 | shape = torch.Size([256])
layer3.0.bn2.bias    | nonzeros =       0 /     256             (  0.00%) | total_pruned =     256 | shape = torch.Size([256])
layer3.0.shortcut.0.weight | nonzeros =       0 /   32768             (  0.00%) | total_pruned =   32768 | shape = torch.Size([256, 128, 1, 1])
layer3.0.shortcut.0.bias | nonzeros =       0 /     256             (  0.00%) | total_pruned =     256 | shape = torch.Size([256])
layer3.0.shortcut.1.weight | nonzeros =       1 /     256             (  0.39%) | total_pruned =     255 | shape = torch.Size([256])
layer3.0.shortcut.1.bias | nonzeros =       0 /     256             (  0.00%) | total_pruned =     256 | shape = torch.Size([256])
layer3.1.conv1.weight | nonzeros =       6 /  589824             (  0.00%) | total_pruned =  589818 | shape = torch.Size([256, 256, 3, 3])
layer3.1.conv1.bias  | nonzeros =       0 /     256             (  0.00%) | total_pruned =     256 | shape = torch.Size([256])
layer3.1.bn1.weight  | nonzeros =       2 /     256             (  0.78%) | total_pruned =     254 | shape = torch.Size([256])
layer3.1.bn1.bias    | nonzeros =       2 /     256             (  0.78%) | total_pruned =     254 | shape = torch.Size([256])
layer3.1.conv2.weight | nonzeros =       3 /  589824             (  0.00%) | total_pruned =  589821 | shape = torch.Size([256, 256, 3, 3])
layer3.1.conv2.bias  | nonzeros =       0 /     256             (  0.00%) | total_pruned =     256 | shape = torch.Size([256])
layer3.1.bn2.weight  | nonzeros =       3 /     256             (  1.17%) | total_pruned =     253 | shape = torch.Size([256])
layer3.1.bn2.bias    | nonzeros =       1 /     256             (  0.39%) | total_pruned =     255 | shape = torch.Size([256])
layer4.0.conv1.weight | nonzeros =       2 / 1179648             (  0.00%) | total_pruned = 1179646 | shape = torch.Size([512, 256, 3, 3])
layer4.0.conv1.bias  | nonzeros =       0 /     512             (  0.00%) | total_pruned =     512 | shape = torch.Size([512])
layer4.0.bn1.weight  | nonzeros =       1 /     512             (  0.20%) | total_pruned =     511 | shape = torch.Size([512])
layer4.0.bn1.bias    | nonzeros =       0 /     512             (  0.00%) | total_pruned =     512 | shape = torch.Size([512])
layer4.0.conv2.weight | nonzeros =       1 / 2359296             (  0.00%) | total_pruned = 2359295 | shape = torch.Size([512, 512, 3, 3])
layer4.0.conv2.bias  | nonzeros =       0 /     512             (  0.00%) | total_pruned =     512 | shape = torch.Size([512])
layer4.0.bn2.weight  | nonzeros =      22 /     512             (  4.30%) | total_pruned =     490 | shape = torch.Size([512])
layer4.0.bn2.bias    | nonzeros =       1 /     512             (  0.20%) | total_pruned =     511 | shape = torch.Size([512])
layer4.0.shortcut.0.weight | nonzeros =       3 /  131072             (  0.00%) | total_pruned =  131069 | shape = torch.Size([512, 256, 1, 1])
layer4.0.shortcut.0.bias | nonzeros =       0 /     512             (  0.00%) | total_pruned =     512 | shape = torch.Size([512])
layer4.0.shortcut.1.weight | nonzeros =      15 /     512             (  2.93%) | total_pruned =     497 | shape = torch.Size([512])
layer4.0.shortcut.1.bias | nonzeros =       1 /     512             (  0.20%) | total_pruned =     511 | shape = torch.Size([512])
layer4.1.conv1.weight | nonzeros =       0 / 2359296             (  0.00%) | total_pruned = 2359296 | shape = torch.Size([512, 512, 3, 3])
layer4.1.conv1.bias  | nonzeros =       0 /     512             (  0.00%) | total_pruned =     512 | shape = torch.Size([512])
layer4.1.bn1.weight  | nonzeros =       0 /     512             (  0.00%) | total_pruned =     512 | shape = torch.Size([512])
layer4.1.bn1.bias    | nonzeros =       0 /     512             (  0.00%) | total_pruned =     512 | shape = torch.Size([512])
layer4.1.conv2.weight | nonzeros =       0 / 2359296             (  0.00%) | total_pruned = 2359296 | shape = torch.Size([512, 512, 3, 3])
layer4.1.conv2.bias  | nonzeros =       0 /     512             (  0.00%) | total_pruned =     512 | shape = torch.Size([512])
layer4.1.bn2.weight  | nonzeros =       0 /     512             (  0.00%) | total_pruned =     512 | shape = torch.Size([512])
layer4.1.bn2.bias    | nonzeros =       5 /     512             (  0.98%) | total_pruned =     507 | shape = torch.Size([512])
linear.weight        | nonzeros =      44 /    5120             (  0.86%) | total_pruned =    5076 | shape = torch.Size([10, 512])
linear.bias          | nonzeros =       0 /      10             (  0.00%) | total_pruned =      10 | shape = torch.Size([10])
alive: 716, pruned : 11178046, total: 11178762, Compression rate :   15612.80x  ( 99.99% pruned)
Train Epoch: 63/100 Loss: 2.304139 Accuracy: 9.71% Best Accuracy: 11.03%
Pruning with threshold : 0.4390248656272888
Non-zero model percentage: 0.0012881569564342499%, Non-zero mask percentage: 0.0012881569564342499%

--- Pruning Level [7/8]: ---
conv1.weight         | nonzeros =      40 /    1728             (  2.31%) | total_pruned =    1688 | shape = torch.Size([64, 3, 3, 3])
conv1.bias           | nonzeros =       0 /      64             (  0.00%) | total_pruned =      64 | shape = torch.Size([64])
bn1.weight           | nonzeros =       6 /      64             (  9.38%) | total_pruned =      58 | shape = torch.Size([64])
bn1.bias             | nonzeros =       5 /      64             (  7.81%) | total_pruned =      59 | shape = torch.Size([64])
layer1.0.conv1.weight | nonzeros =      10 /   36864             (  0.03%) | total_pruned =   36854 | shape = torch.Size([64, 64, 3, 3])
layer1.0.conv1.bias  | nonzeros =       0 /      64             (  0.00%) | total_pruned =      64 | shape = torch.Size([64])
layer1.0.bn1.weight  | nonzeros =       1 /      64             (  1.56%) | total_pruned =      63 | shape = torch.Size([64])
layer1.0.bn1.bias    | nonzeros =       0 /      64             (  0.00%) | total_pruned =      64 | shape = torch.Size([64])
layer1.0.conv2.weight | nonzeros =       4 /   36864             (  0.01%) | total_pruned =   36860 | shape = torch.Size([64, 64, 3, 3])
layer1.0.conv2.bias  | nonzeros =       0 /      64             (  0.00%) | total_pruned =      64 | shape = torch.Size([64])
layer1.0.bn2.weight  | nonzeros =       3 /      64             (  4.69%) | total_pruned =      61 | shape = torch.Size([64])
layer1.0.bn2.bias    | nonzeros =       0 /      64             (  0.00%) | total_pruned =      64 | shape = torch.Size([64])
layer1.1.conv1.weight | nonzeros =      16 /   36864             (  0.04%) | total_pruned =   36848 | shape = torch.Size([64, 64, 3, 3])
layer1.1.conv1.bias  | nonzeros =       0 /      64             (  0.00%) | total_pruned =      64 | shape = torch.Size([64])
layer1.1.bn1.weight  | nonzeros =       3 /      64             (  4.69%) | total_pruned =      61 | shape = torch.Size([64])
layer1.1.bn1.bias    | nonzeros =       0 /      64             (  0.00%) | total_pruned =      64 | shape = torch.Size([64])
layer1.1.conv2.weight | nonzeros =       5 /   36864             (  0.01%) | total_pruned =   36859 | shape = torch.Size([64, 64, 3, 3])
layer1.1.conv2.bias  | nonzeros =       0 /      64             (  0.00%) | total_pruned =      64 | shape = torch.Size([64])
layer1.1.bn2.weight  | nonzeros =       6 /      64             (  9.38%) | total_pruned =      58 | shape = torch.Size([64])
layer1.1.bn2.bias    | nonzeros =       1 /      64             (  1.56%) | total_pruned =      63 | shape = torch.Size([64])
layer2.0.conv1.weight | nonzeros =       3 /   73728             (  0.00%) | total_pruned =   73725 | shape = torch.Size([128, 64, 3, 3])
layer2.0.conv1.bias  | nonzeros =       0 /     128             (  0.00%) | total_pruned =     128 | shape = torch.Size([128])
layer2.0.bn1.weight  | nonzeros =       3 /     128             (  2.34%) | total_pruned =     125 | shape = torch.Size([128])
layer2.0.bn1.bias    | nonzeros =       0 /     128             (  0.00%) | total_pruned =     128 | shape = torch.Size([128])
layer2.0.conv2.weight | nonzeros =       4 /  147456             (  0.00%) | total_pruned =  147452 | shape = torch.Size([128, 128, 3, 3])
layer2.0.conv2.bias  | nonzeros =       0 /     128             (  0.00%) | total_pruned =     128 | shape = torch.Size([128])
layer2.0.bn2.weight  | nonzeros =       0 /     128             (  0.00%) | total_pruned =     128 | shape = torch.Size([128])
layer2.0.bn2.bias    | nonzeros =       0 /     128             (  0.00%) | total_pruned =     128 | shape = torch.Size([128])
layer2.0.shortcut.0.weight | nonzeros =       0 /    8192             (  0.00%) | total_pruned =    8192 | shape = torch.Size([128, 64, 1, 1])
layer2.0.shortcut.0.bias | nonzeros =       0 /     128             (  0.00%) | total_pruned =     128 | shape = torch.Size([128])
layer2.0.shortcut.1.weight | nonzeros =       1 /     128             (  0.78%) | total_pruned =     127 | shape = torch.Size([128])
layer2.0.shortcut.1.bias | nonzeros =       0 /     128             (  0.00%) | total_pruned =     128 | shape = torch.Size([128])
layer2.1.conv1.weight | nonzeros =       0 /  147456             (  0.00%) | total_pruned =  147456 | shape = torch.Size([128, 128, 3, 3])
layer2.1.conv1.bias  | nonzeros =       0 /     128             (  0.00%) | total_pruned =     128 | shape = torch.Size([128])
layer2.1.bn1.weight  | nonzeros =       0 /     128             (  0.00%) | total_pruned =     128 | shape = torch.Size([128])
layer2.1.bn1.bias    | nonzeros =       1 /     128             (  0.78%) | total_pruned =     127 | shape = torch.Size([128])
layer2.1.conv2.weight | nonzeros =       0 /  147456             (  0.00%) | total_pruned =  147456 | shape = torch.Size([128, 128, 3, 3])
layer2.1.conv2.bias  | nonzeros =       0 /     128             (  0.00%) | total_pruned =     128 | shape = torch.Size([128])
layer2.1.bn2.weight  | nonzeros =       0 /     128             (  0.00%) | total_pruned =     128 | shape = torch.Size([128])
layer2.1.bn2.bias    | nonzeros =       0 /     128             (  0.00%) | total_pruned =     128 | shape = torch.Size([128])
layer3.0.conv1.weight | nonzeros =       0 /  294912             (  0.00%) | total_pruned =  294912 | shape = torch.Size([256, 128, 3, 3])
layer3.0.conv1.bias  | nonzeros =       0 /     256             (  0.00%) | total_pruned =     256 | shape = torch.Size([256])
layer3.0.bn1.weight  | nonzeros =       0 /     256             (  0.00%) | total_pruned =     256 | shape = torch.Size([256])
layer3.0.bn1.bias    | nonzeros =       0 /     256             (  0.00%) | total_pruned =     256 | shape = torch.Size([256])
layer3.0.conv2.weight | nonzeros =       0 /  589824             (  0.00%) | total_pruned =  589824 | shape = torch.Size([256, 256, 3, 3])
layer3.0.conv2.bias  | nonzeros =       0 /     256             (  0.00%) | total_pruned =     256 | shape = torch.Size([256])
layer3.0.bn2.weight  | nonzeros =       0 /     256             (  0.00%) | total_pruned =     256 | shape = torch.Size([256])
layer3.0.bn2.bias    | nonzeros =       0 /     256             (  0.00%) | total_pruned =     256 | shape = torch.Size([256])
layer3.0.shortcut.0.weight | nonzeros =       0 /   32768             (  0.00%) | total_pruned =   32768 | shape = torch.Size([256, 128, 1, 1])
layer3.0.shortcut.0.bias | nonzeros =       0 /     256             (  0.00%) | total_pruned =     256 | shape = torch.Size([256])
layer3.0.shortcut.1.weight | nonzeros =       0 /     256             (  0.00%) | total_pruned =     256 | shape = torch.Size([256])
layer3.0.shortcut.1.bias | nonzeros =       0 /     256             (  0.00%) | total_pruned =     256 | shape = torch.Size([256])
layer3.1.conv1.weight | nonzeros =       0 /  589824             (  0.00%) | total_pruned =  589824 | shape = torch.Size([256, 256, 3, 3])
layer3.1.conv1.bias  | nonzeros =       0 /     256             (  0.00%) | total_pruned =     256 | shape = torch.Size([256])
layer3.1.bn1.weight  | nonzeros =       0 /     256             (  0.00%) | total_pruned =     256 | shape = torch.Size([256])
layer3.1.bn1.bias    | nonzeros =       0 /     256             (  0.00%) | total_pruned =     256 | shape = torch.Size([256])
layer3.1.conv2.weight | nonzeros =       0 /  589824             (  0.00%) | total_pruned =  589824 | shape = torch.Size([256, 256, 3, 3])
layer3.1.conv2.bias  | nonzeros =       0 /     256             (  0.00%) | total_pruned =     256 | shape = torch.Size([256])
layer3.1.bn2.weight  | nonzeros =       1 /     256             (  0.39%) | total_pruned =     255 | shape = torch.Size([256])
layer3.1.bn2.bias    | nonzeros =       0 /     256             (  0.00%) | total_pruned =     256 | shape = torch.Size([256])
layer4.0.conv1.weight | nonzeros =       0 / 1179648             (  0.00%) | total_pruned = 1179648 | shape = torch.Size([512, 256, 3, 3])
layer4.0.conv1.bias  | nonzeros =       0 /     512             (  0.00%) | total_pruned =     512 | shape = torch.Size([512])
layer4.0.bn1.weight  | nonzeros =       0 /     512             (  0.00%) | total_pruned =     512 | shape = torch.Size([512])
layer4.0.bn1.bias    | nonzeros =       0 /     512             (  0.00%) | total_pruned =     512 | shape = torch.Size([512])
layer4.0.conv2.weight | nonzeros =       0 / 2359296             (  0.00%) | total_pruned = 2359296 | shape = torch.Size([512, 512, 3, 3])
layer4.0.conv2.bias  | nonzeros =       0 /     512             (  0.00%) | total_pruned =     512 | shape = torch.Size([512])
layer4.0.bn2.weight  | nonzeros =       9 /     512             (  1.76%) | total_pruned =     503 | shape = torch.Size([512])
layer4.0.bn2.bias    | nonzeros =       0 /     512             (  0.00%) | total_pruned =     512 | shape = torch.Size([512])
layer4.0.shortcut.0.weight | nonzeros =       1 /  131072             (  0.00%) | total_pruned =  131071 | shape = torch.Size([512, 256, 1, 1])
layer4.0.shortcut.0.bias | nonzeros =       0 /     512             (  0.00%) | total_pruned =     512 | shape = torch.Size([512])
layer4.0.shortcut.1.weight | nonzeros =       6 /     512             (  1.17%) | total_pruned =     506 | shape = torch.Size([512])
layer4.0.shortcut.1.bias | nonzeros =       0 /     512             (  0.00%) | total_pruned =     512 | shape = torch.Size([512])
layer4.1.conv1.weight | nonzeros =       0 / 2359296             (  0.00%) | total_pruned = 2359296 | shape = torch.Size([512, 512, 3, 3])
layer4.1.conv1.bias  | nonzeros =       0 /     512             (  0.00%) | total_pruned =     512 | shape = torch.Size([512])
layer4.1.bn1.weight  | nonzeros =       0 /     512             (  0.00%) | total_pruned =     512 | shape = torch.Size([512])
layer4.1.bn1.bias    | nonzeros =       0 /     512             (  0.00%) | total_pruned =     512 | shape = torch.Size([512])
layer4.1.conv2.weight | nonzeros =       0 / 2359296             (  0.00%) | total_pruned = 2359296 | shape = torch.Size([512, 512, 3, 3])
layer4.1.conv2.bias  | nonzeros =       0 /     512             (  0.00%) | total_pruned =     512 | shape = torch.Size([512])
layer4.1.bn2.weight  | nonzeros =       0 /     512             (  0.00%) | total_pruned =     512 | shape = torch.Size([512])
layer4.1.bn2.bias    | nonzeros =       1 /     512             (  0.20%) | total_pruned =     511 | shape = torch.Size([512])
linear.weight        | nonzeros =      14 /    5120             (  0.27%) | total_pruned =    5106 | shape = torch.Size([10, 512])
linear.bias          | nonzeros =       0 /      10             (  0.00%) | total_pruned =      10 | shape = torch.Size([10])
alive: 144, pruned : 11178618, total: 11178762, Compression rate :   77630.29x  (100.00% pruned)
Train Epoch: 31/100 Loss: 2.302584 Accuracy: 10.00% Best Accuracy: 10.00%
