Files already downloaded and verified
Files already downloaded and verified
Files already downloaded and verified
Non-zero model percentage: 99.95706176757812%, Non-zero mask percentage: 99.99999237060547%

--- Pruning Level [0/8]: ---
conv1.weight         | nonzeros =    1728 /    1728             (100.00%) | total_pruned =       0 | shape = torch.Size([64, 3, 3, 3])
conv1.bias           | nonzeros =      64 /      64             (100.00%) | total_pruned =       0 | shape = torch.Size([64])
bn1.weight           | nonzeros =      64 /      64             (100.00%) | total_pruned =       0 | shape = torch.Size([64])
bn1.bias             | nonzeros =       0 /      64             (  0.00%) | total_pruned =      64 | shape = torch.Size([64])
layer1.0.conv1.weight | nonzeros =   36864 /   36864             (100.00%) | total_pruned =       0 | shape = torch.Size([64, 64, 3, 3])
layer1.0.conv1.bias  | nonzeros =      64 /      64             (100.00%) | total_pruned =       0 | shape = torch.Size([64])
layer1.0.bn1.weight  | nonzeros =      64 /      64             (100.00%) | total_pruned =       0 | shape = torch.Size([64])
layer1.0.bn1.bias    | nonzeros =       0 /      64             (  0.00%) | total_pruned =      64 | shape = torch.Size([64])
layer1.0.conv2.weight | nonzeros =   36864 /   36864             (100.00%) | total_pruned =       0 | shape = torch.Size([64, 64, 3, 3])
layer1.0.conv2.bias  | nonzeros =      64 /      64             (100.00%) | total_pruned =       0 | shape = torch.Size([64])
layer1.0.bn2.weight  | nonzeros =      64 /      64             (100.00%) | total_pruned =       0 | shape = torch.Size([64])
layer1.0.bn2.bias    | nonzeros =       0 /      64             (  0.00%) | total_pruned =      64 | shape = torch.Size([64])
layer1.1.conv1.weight | nonzeros =   36864 /   36864             (100.00%) | total_pruned =       0 | shape = torch.Size([64, 64, 3, 3])
layer1.1.conv1.bias  | nonzeros =      64 /      64             (100.00%) | total_pruned =       0 | shape = torch.Size([64])
layer1.1.bn1.weight  | nonzeros =      64 /      64             (100.00%) | total_pruned =       0 | shape = torch.Size([64])
layer1.1.bn1.bias    | nonzeros =       0 /      64             (  0.00%) | total_pruned =      64 | shape = torch.Size([64])
layer1.1.conv2.weight | nonzeros =   36864 /   36864             (100.00%) | total_pruned =       0 | shape = torch.Size([64, 64, 3, 3])
layer1.1.conv2.bias  | nonzeros =      64 /      64             (100.00%) | total_pruned =       0 | shape = torch.Size([64])
layer1.1.bn2.weight  | nonzeros =      64 /      64             (100.00%) | total_pruned =       0 | shape = torch.Size([64])
layer1.1.bn2.bias    | nonzeros =       0 /      64             (  0.00%) | total_pruned =      64 | shape = torch.Size([64])
layer2.0.conv1.weight | nonzeros =   73728 /   73728             (100.00%) | total_pruned =       0 | shape = torch.Size([128, 64, 3, 3])
layer2.0.conv1.bias  | nonzeros =     128 /     128             (100.00%) | total_pruned =       0 | shape = torch.Size([128])
layer2.0.bn1.weight  | nonzeros =     128 /     128             (100.00%) | total_pruned =       0 | shape = torch.Size([128])
layer2.0.bn1.bias    | nonzeros =       0 /     128             (  0.00%) | total_pruned =     128 | shape = torch.Size([128])
layer2.0.conv2.weight | nonzeros =  147456 /  147456             (100.00%) | total_pruned =       0 | shape = torch.Size([128, 128, 3, 3])
layer2.0.conv2.bias  | nonzeros =     128 /     128             (100.00%) | total_pruned =       0 | shape = torch.Size([128])
layer2.0.bn2.weight  | nonzeros =     128 /     128             (100.00%) | total_pruned =       0 | shape = torch.Size([128])
layer2.0.bn2.bias    | nonzeros =       0 /     128             (  0.00%) | total_pruned =     128 | shape = torch.Size([128])
layer2.0.shortcut.0.weight | nonzeros =    8192 /    8192             (100.00%) | total_pruned =       0 | shape = torch.Size([128, 64, 1, 1])
layer2.0.shortcut.0.bias | nonzeros =     128 /     128             (100.00%) | total_pruned =       0 | shape = torch.Size([128])
layer2.0.shortcut.1.weight | nonzeros =     128 /     128             (100.00%) | total_pruned =       0 | shape = torch.Size([128])
layer2.0.shortcut.1.bias | nonzeros =       0 /     128             (  0.00%) | total_pruned =     128 | shape = torch.Size([128])
layer2.1.conv1.weight | nonzeros =  147456 /  147456             (100.00%) | total_pruned =       0 | shape = torch.Size([128, 128, 3, 3])
layer2.1.conv1.bias  | nonzeros =     128 /     128             (100.00%) | total_pruned =       0 | shape = torch.Size([128])
layer2.1.bn1.weight  | nonzeros =     128 /     128             (100.00%) | total_pruned =       0 | shape = torch.Size([128])
layer2.1.bn1.bias    | nonzeros =       0 /     128             (  0.00%) | total_pruned =     128 | shape = torch.Size([128])
layer2.1.conv2.weight | nonzeros =  147456 /  147456             (100.00%) | total_pruned =       0 | shape = torch.Size([128, 128, 3, 3])
layer2.1.conv2.bias  | nonzeros =     128 /     128             (100.00%) | total_pruned =       0 | shape = torch.Size([128])
layer2.1.bn2.weight  | nonzeros =     128 /     128             (100.00%) | total_pruned =       0 | shape = torch.Size([128])
layer2.1.bn2.bias    | nonzeros =       0 /     128             (  0.00%) | total_pruned =     128 | shape = torch.Size([128])
layer3.0.conv1.weight | nonzeros =  294912 /  294912             (100.00%) | total_pruned =       0 | shape = torch.Size([256, 128, 3, 3])
layer3.0.conv1.bias  | nonzeros =     256 /     256             (100.00%) | total_pruned =       0 | shape = torch.Size([256])
layer3.0.bn1.weight  | nonzeros =     256 /     256             (100.00%) | total_pruned =       0 | shape = torch.Size([256])
layer3.0.bn1.bias    | nonzeros =       0 /     256             (  0.00%) | total_pruned =     256 | shape = torch.Size([256])
layer3.0.conv2.weight | nonzeros =  589824 /  589824             (100.00%) | total_pruned =       0 | shape = torch.Size([256, 256, 3, 3])
layer3.0.conv2.bias  | nonzeros =     256 /     256             (100.00%) | total_pruned =       0 | shape = torch.Size([256])
layer3.0.bn2.weight  | nonzeros =     256 /     256             (100.00%) | total_pruned =       0 | shape = torch.Size([256])
layer3.0.bn2.bias    | nonzeros =       0 /     256             (  0.00%) | total_pruned =     256 | shape = torch.Size([256])
layer3.0.shortcut.0.weight | nonzeros =   32768 /   32768             (100.00%) | total_pruned =       0 | shape = torch.Size([256, 128, 1, 1])
layer3.0.shortcut.0.bias | nonzeros =     256 /     256             (100.00%) | total_pruned =       0 | shape = torch.Size([256])
layer3.0.shortcut.1.weight | nonzeros =     256 /     256             (100.00%) | total_pruned =       0 | shape = torch.Size([256])
layer3.0.shortcut.1.bias | nonzeros =       0 /     256             (  0.00%) | total_pruned =     256 | shape = torch.Size([256])
layer3.1.conv1.weight | nonzeros =  589824 /  589824             (100.00%) | total_pruned =       0 | shape = torch.Size([256, 256, 3, 3])
layer3.1.conv1.bias  | nonzeros =     256 /     256             (100.00%) | total_pruned =       0 | shape = torch.Size([256])
layer3.1.bn1.weight  | nonzeros =     256 /     256             (100.00%) | total_pruned =       0 | shape = torch.Size([256])
layer3.1.bn1.bias    | nonzeros =       0 /     256             (  0.00%) | total_pruned =     256 | shape = torch.Size([256])
layer3.1.conv2.weight | nonzeros =  589824 /  589824             (100.00%) | total_pruned =       0 | shape = torch.Size([256, 256, 3, 3])
layer3.1.conv2.bias  | nonzeros =     256 /     256             (100.00%) | total_pruned =       0 | shape = torch.Size([256])
layer3.1.bn2.weight  | nonzeros =     256 /     256             (100.00%) | total_pruned =       0 | shape = torch.Size([256])
layer3.1.bn2.bias    | nonzeros =       0 /     256             (  0.00%) | total_pruned =     256 | shape = torch.Size([256])
layer4.0.conv1.weight | nonzeros = 1179648 / 1179648             (100.00%) | total_pruned =       0 | shape = torch.Size([512, 256, 3, 3])
layer4.0.conv1.bias  | nonzeros =     512 /     512             (100.00%) | total_pruned =       0 | shape = torch.Size([512])
layer4.0.bn1.weight  | nonzeros =     512 /     512             (100.00%) | total_pruned =       0 | shape = torch.Size([512])
layer4.0.bn1.bias    | nonzeros =       0 /     512             (  0.00%) | total_pruned =     512 | shape = torch.Size([512])
layer4.0.conv2.weight | nonzeros = 2359296 / 2359296             (100.00%) | total_pruned =       0 | shape = torch.Size([512, 512, 3, 3])
layer4.0.conv2.bias  | nonzeros =     512 /     512             (100.00%) | total_pruned =       0 | shape = torch.Size([512])
layer4.0.bn2.weight  | nonzeros =     512 /     512             (100.00%) | total_pruned =       0 | shape = torch.Size([512])
layer4.0.bn2.bias    | nonzeros =       0 /     512             (  0.00%) | total_pruned =     512 | shape = torch.Size([512])
layer4.0.shortcut.0.weight | nonzeros =  131072 /  131072             (100.00%) | total_pruned =       0 | shape = torch.Size([512, 256, 1, 1])
layer4.0.shortcut.0.bias | nonzeros =     512 /     512             (100.00%) | total_pruned =       0 | shape = torch.Size([512])
layer4.0.shortcut.1.weight | nonzeros =     512 /     512             (100.00%) | total_pruned =       0 | shape = torch.Size([512])
layer4.0.shortcut.1.bias | nonzeros =       0 /     512             (  0.00%) | total_pruned =     512 | shape = torch.Size([512])
layer4.1.conv1.weight | nonzeros = 2359296 / 2359296             (100.00%) | total_pruned =       0 | shape = torch.Size([512, 512, 3, 3])
layer4.1.conv1.bias  | nonzeros =     512 /     512             (100.00%) | total_pruned =       0 | shape = torch.Size([512])
layer4.1.bn1.weight  | nonzeros =     512 /     512             (100.00%) | total_pruned =       0 | shape = torch.Size([512])
layer4.1.bn1.bias    | nonzeros =       0 /     512             (  0.00%) | total_pruned =     512 | shape = torch.Size([512])
layer4.1.conv2.weight | nonzeros = 2359296 / 2359296             (100.00%) | total_pruned =       0 | shape = torch.Size([512, 512, 3, 3])
layer4.1.conv2.bias  | nonzeros =     512 /     512             (100.00%) | total_pruned =       0 | shape = torch.Size([512])
layer4.1.bn2.weight  | nonzeros =     512 /     512             (100.00%) | total_pruned =       0 | shape = torch.Size([512])
layer4.1.bn2.bias    | nonzeros =       0 /     512             (  0.00%) | total_pruned =     512 | shape = torch.Size([512])
linear.weight        | nonzeros =    5120 /    5120             (100.00%) | total_pruned =       0 | shape = torch.Size([10, 512])
linear.bias          | nonzeros =      10 /      10             (100.00%) | total_pruned =       0 | shape = torch.Size([10])
alive: 11173962, pruned : 4800, total: 11178762, Compression rate :       1.00x  (  0.04% pruned)
Files already downloaded and verified
Files already downloaded and verified
Files already downloaded and verified
Non-zero model percentage: 99.95706176757812%, Non-zero mask percentage: 99.99999237060547%

--- Pruning Level [0/8]: ---
conv1.weight         | nonzeros =    1728 /    1728             (100.00%) | total_pruned =       0 | shape = torch.Size([64, 3, 3, 3])
conv1.bias           | nonzeros =      64 /      64             (100.00%) | total_pruned =       0 | shape = torch.Size([64])
bn1.weight           | nonzeros =      64 /      64             (100.00%) | total_pruned =       0 | shape = torch.Size([64])
bn1.bias             | nonzeros =       0 /      64             (  0.00%) | total_pruned =      64 | shape = torch.Size([64])
layer1.0.conv1.weight | nonzeros =   36864 /   36864             (100.00%) | total_pruned =       0 | shape = torch.Size([64, 64, 3, 3])
layer1.0.conv1.bias  | nonzeros =      64 /      64             (100.00%) | total_pruned =       0 | shape = torch.Size([64])
layer1.0.bn1.weight  | nonzeros =      64 /      64             (100.00%) | total_pruned =       0 | shape = torch.Size([64])
layer1.0.bn1.bias    | nonzeros =       0 /      64             (  0.00%) | total_pruned =      64 | shape = torch.Size([64])
layer1.0.conv2.weight | nonzeros =   36864 /   36864             (100.00%) | total_pruned =       0 | shape = torch.Size([64, 64, 3, 3])
layer1.0.conv2.bias  | nonzeros =      64 /      64             (100.00%) | total_pruned =       0 | shape = torch.Size([64])
layer1.0.bn2.weight  | nonzeros =      64 /      64             (100.00%) | total_pruned =       0 | shape = torch.Size([64])
layer1.0.bn2.bias    | nonzeros =       0 /      64             (  0.00%) | total_pruned =      64 | shape = torch.Size([64])
layer1.1.conv1.weight | nonzeros =   36864 /   36864             (100.00%) | total_pruned =       0 | shape = torch.Size([64, 64, 3, 3])
layer1.1.conv1.bias  | nonzeros =      64 /      64             (100.00%) | total_pruned =       0 | shape = torch.Size([64])
layer1.1.bn1.weight  | nonzeros =      64 /      64             (100.00%) | total_pruned =       0 | shape = torch.Size([64])
layer1.1.bn1.bias    | nonzeros =       0 /      64             (  0.00%) | total_pruned =      64 | shape = torch.Size([64])
layer1.1.conv2.weight | nonzeros =   36864 /   36864             (100.00%) | total_pruned =       0 | shape = torch.Size([64, 64, 3, 3])
layer1.1.conv2.bias  | nonzeros =      64 /      64             (100.00%) | total_pruned =       0 | shape = torch.Size([64])
layer1.1.bn2.weight  | nonzeros =      64 /      64             (100.00%) | total_pruned =       0 | shape = torch.Size([64])
layer1.1.bn2.bias    | nonzeros =       0 /      64             (  0.00%) | total_pruned =      64 | shape = torch.Size([64])
layer2.0.conv1.weight | nonzeros =   73728 /   73728             (100.00%) | total_pruned =       0 | shape = torch.Size([128, 64, 3, 3])
layer2.0.conv1.bias  | nonzeros =     128 /     128             (100.00%) | total_pruned =       0 | shape = torch.Size([128])
layer2.0.bn1.weight  | nonzeros =     128 /     128             (100.00%) | total_pruned =       0 | shape = torch.Size([128])
layer2.0.bn1.bias    | nonzeros =       0 /     128             (  0.00%) | total_pruned =     128 | shape = torch.Size([128])
layer2.0.conv2.weight | nonzeros =  147456 /  147456             (100.00%) | total_pruned =       0 | shape = torch.Size([128, 128, 3, 3])
layer2.0.conv2.bias  | nonzeros =     128 /     128             (100.00%) | total_pruned =       0 | shape = torch.Size([128])
layer2.0.bn2.weight  | nonzeros =     128 /     128             (100.00%) | total_pruned =       0 | shape = torch.Size([128])
layer2.0.bn2.bias    | nonzeros =       0 /     128             (  0.00%) | total_pruned =     128 | shape = torch.Size([128])
layer2.0.shortcut.0.weight | nonzeros =    8192 /    8192             (100.00%) | total_pruned =       0 | shape = torch.Size([128, 64, 1, 1])
layer2.0.shortcut.0.bias | nonzeros =     128 /     128             (100.00%) | total_pruned =       0 | shape = torch.Size([128])
layer2.0.shortcut.1.weight | nonzeros =     128 /     128             (100.00%) | total_pruned =       0 | shape = torch.Size([128])
layer2.0.shortcut.1.bias | nonzeros =       0 /     128             (  0.00%) | total_pruned =     128 | shape = torch.Size([128])
layer2.1.conv1.weight | nonzeros =  147456 /  147456             (100.00%) | total_pruned =       0 | shape = torch.Size([128, 128, 3, 3])
layer2.1.conv1.bias  | nonzeros =     128 /     128             (100.00%) | total_pruned =       0 | shape = torch.Size([128])
layer2.1.bn1.weight  | nonzeros =     128 /     128             (100.00%) | total_pruned =       0 | shape = torch.Size([128])
layer2.1.bn1.bias    | nonzeros =       0 /     128             (  0.00%) | total_pruned =     128 | shape = torch.Size([128])
layer2.1.conv2.weight | nonzeros =  147456 /  147456             (100.00%) | total_pruned =       0 | shape = torch.Size([128, 128, 3, 3])
layer2.1.conv2.bias  | nonzeros =     128 /     128             (100.00%) | total_pruned =       0 | shape = torch.Size([128])
layer2.1.bn2.weight  | nonzeros =     128 /     128             (100.00%) | total_pruned =       0 | shape = torch.Size([128])
layer2.1.bn2.bias    | nonzeros =       0 /     128             (  0.00%) | total_pruned =     128 | shape = torch.Size([128])
layer3.0.conv1.weight | nonzeros =  294912 /  294912             (100.00%) | total_pruned =       0 | shape = torch.Size([256, 128, 3, 3])
layer3.0.conv1.bias  | nonzeros =     256 /     256             (100.00%) | total_pruned =       0 | shape = torch.Size([256])
layer3.0.bn1.weight  | nonzeros =     256 /     256             (100.00%) | total_pruned =       0 | shape = torch.Size([256])
layer3.0.bn1.bias    | nonzeros =       0 /     256             (  0.00%) | total_pruned =     256 | shape = torch.Size([256])
layer3.0.conv2.weight | nonzeros =  589824 /  589824             (100.00%) | total_pruned =       0 | shape = torch.Size([256, 256, 3, 3])
layer3.0.conv2.bias  | nonzeros =     256 /     256             (100.00%) | total_pruned =       0 | shape = torch.Size([256])
layer3.0.bn2.weight  | nonzeros =     256 /     256             (100.00%) | total_pruned =       0 | shape = torch.Size([256])
layer3.0.bn2.bias    | nonzeros =       0 /     256             (  0.00%) | total_pruned =     256 | shape = torch.Size([256])
layer3.0.shortcut.0.weight | nonzeros =   32768 /   32768             (100.00%) | total_pruned =       0 | shape = torch.Size([256, 128, 1, 1])
layer3.0.shortcut.0.bias | nonzeros =     256 /     256             (100.00%) | total_pruned =       0 | shape = torch.Size([256])
layer3.0.shortcut.1.weight | nonzeros =     256 /     256             (100.00%) | total_pruned =       0 | shape = torch.Size([256])
layer3.0.shortcut.1.bias | nonzeros =       0 /     256             (  0.00%) | total_pruned =     256 | shape = torch.Size([256])
layer3.1.conv1.weight | nonzeros =  589824 /  589824             (100.00%) | total_pruned =       0 | shape = torch.Size([256, 256, 3, 3])
layer3.1.conv1.bias  | nonzeros =     256 /     256             (100.00%) | total_pruned =       0 | shape = torch.Size([256])
layer3.1.bn1.weight  | nonzeros =     256 /     256             (100.00%) | total_pruned =       0 | shape = torch.Size([256])
layer3.1.bn1.bias    | nonzeros =       0 /     256             (  0.00%) | total_pruned =     256 | shape = torch.Size([256])
layer3.1.conv2.weight | nonzeros =  589824 /  589824             (100.00%) | total_pruned =       0 | shape = torch.Size([256, 256, 3, 3])
layer3.1.conv2.bias  | nonzeros =     256 /     256             (100.00%) | total_pruned =       0 | shape = torch.Size([256])
layer3.1.bn2.weight  | nonzeros =     256 /     256             (100.00%) | total_pruned =       0 | shape = torch.Size([256])
layer3.1.bn2.bias    | nonzeros =       0 /     256             (  0.00%) | total_pruned =     256 | shape = torch.Size([256])
layer4.0.conv1.weight | nonzeros = 1179648 / 1179648             (100.00%) | total_pruned =       0 | shape = torch.Size([512, 256, 3, 3])
layer4.0.conv1.bias  | nonzeros =     512 /     512             (100.00%) | total_pruned =       0 | shape = torch.Size([512])
layer4.0.bn1.weight  | nonzeros =     512 /     512             (100.00%) | total_pruned =       0 | shape = torch.Size([512])
layer4.0.bn1.bias    | nonzeros =       0 /     512             (  0.00%) | total_pruned =     512 | shape = torch.Size([512])
layer4.0.conv2.weight | nonzeros = 2359296 / 2359296             (100.00%) | total_pruned =       0 | shape = torch.Size([512, 512, 3, 3])
layer4.0.conv2.bias  | nonzeros =     512 /     512             (100.00%) | total_pruned =       0 | shape = torch.Size([512])
layer4.0.bn2.weight  | nonzeros =     512 /     512             (100.00%) | total_pruned =       0 | shape = torch.Size([512])
layer4.0.bn2.bias    | nonzeros =       0 /     512             (  0.00%) | total_pruned =     512 | shape = torch.Size([512])
layer4.0.shortcut.0.weight | nonzeros =  131072 /  131072             (100.00%) | total_pruned =       0 | shape = torch.Size([512, 256, 1, 1])
layer4.0.shortcut.0.bias | nonzeros =     512 /     512             (100.00%) | total_pruned =       0 | shape = torch.Size([512])
layer4.0.shortcut.1.weight | nonzeros =     512 /     512             (100.00%) | total_pruned =       0 | shape = torch.Size([512])
layer4.0.shortcut.1.bias | nonzeros =       0 /     512             (  0.00%) | total_pruned =     512 | shape = torch.Size([512])
layer4.1.conv1.weight | nonzeros = 2359296 / 2359296             (100.00%) | total_pruned =       0 | shape = torch.Size([512, 512, 3, 3])
layer4.1.conv1.bias  | nonzeros =     512 /     512             (100.00%) | total_pruned =       0 | shape = torch.Size([512])
layer4.1.bn1.weight  | nonzeros =     512 /     512             (100.00%) | total_pruned =       0 | shape = torch.Size([512])
layer4.1.bn1.bias    | nonzeros =       0 /     512             (  0.00%) | total_pruned =     512 | shape = torch.Size([512])
layer4.1.conv2.weight | nonzeros = 2359296 / 2359296             (100.00%) | total_pruned =       0 | shape = torch.Size([512, 512, 3, 3])
layer4.1.conv2.bias  | nonzeros =     512 /     512             (100.00%) | total_pruned =       0 | shape = torch.Size([512])
layer4.1.bn2.weight  | nonzeros =     512 /     512             (100.00%) | total_pruned =       0 | shape = torch.Size([512])
layer4.1.bn2.bias    | nonzeros =       0 /     512             (  0.00%) | total_pruned =     512 | shape = torch.Size([512])
linear.weight        | nonzeros =    5120 /    5120             (100.00%) | total_pruned =       0 | shape = torch.Size([10, 512])
linear.bias          | nonzeros =      10 /      10             (100.00%) | total_pruned =       0 | shape = torch.Size([10])
alive: 11173962, pruned : 4800, total: 11178762, Compression rate :       1.00x  (  0.04% pruned)
Train Epoch: 91/100 Loss: 0.016023 Accuracy: 86.03 100.00 % Best test Accuracy: 86.78%
Pruning with threshold : 0.0013634132570587098
Non-zero model percentage: 30.000001907348633%, Non-zero mask percentage: 30.000001907348633%

--- Pruning Level [1/8]: ---
conv1.weight         | nonzeros =    1685 /    1728             ( 97.51%) | total_pruned =      43 | shape = torch.Size([64, 3, 3, 3])
conv1.bias           | nonzeros =      22 /      64             ( 34.38%) | total_pruned =      42 | shape = torch.Size([64])
bn1.weight           | nonzeros =      62 /      64             ( 96.88%) | total_pruned =       2 | shape = torch.Size([64])
bn1.bias             | nonzeros =      63 /      64             ( 98.44%) | total_pruned =       1 | shape = torch.Size([64])
layer1.0.conv1.weight | nonzeros =   25326 /   36864             ( 68.70%) | total_pruned =   11538 | shape = torch.Size([64, 64, 3, 3])
layer1.0.conv1.bias  | nonzeros =      26 /      64             ( 40.62%) | total_pruned =      38 | shape = torch.Size([64])
layer1.0.bn1.weight  | nonzeros =      61 /      64             ( 95.31%) | total_pruned =       3 | shape = torch.Size([64])
layer1.0.bn1.bias    | nonzeros =      63 /      64             ( 98.44%) | total_pruned =       1 | shape = torch.Size([64])
layer1.0.conv2.weight | nonzeros =   28626 /   36864             ( 77.65%) | total_pruned =    8238 | shape = torch.Size([64, 64, 3, 3])
layer1.0.conv2.bias  | nonzeros =      24 /      64             ( 37.50%) | total_pruned =      40 | shape = torch.Size([64])
layer1.0.bn2.weight  | nonzeros =      64 /      64             (100.00%) | total_pruned =       0 | shape = torch.Size([64])
layer1.0.bn2.bias    | nonzeros =      64 /      64             (100.00%) | total_pruned =       0 | shape = torch.Size([64])
layer1.1.conv1.weight | nonzeros =   18694 /   36864             ( 50.71%) | total_pruned =   18170 | shape = torch.Size([64, 64, 3, 3])
layer1.1.conv1.bias  | nonzeros =      21 /      64             ( 32.81%) | total_pruned =      43 | shape = torch.Size([64])
layer1.1.bn1.weight  | nonzeros =      62 /      64             ( 96.88%) | total_pruned =       2 | shape = torch.Size([64])
layer1.1.bn1.bias    | nonzeros =      64 /      64             (100.00%) | total_pruned =       0 | shape = torch.Size([64])
layer1.1.conv2.weight | nonzeros =   16801 /   36864             ( 45.58%) | total_pruned =   20063 | shape = torch.Size([64, 64, 3, 3])
layer1.1.conv2.bias  | nonzeros =      20 /      64             ( 31.25%) | total_pruned =      44 | shape = torch.Size([64])
layer1.1.bn2.weight  | nonzeros =      64 /      64             (100.00%) | total_pruned =       0 | shape = torch.Size([64])
layer1.1.bn2.bias    | nonzeros =      62 /      64             ( 96.88%) | total_pruned =       2 | shape = torch.Size([64])
layer2.0.conv1.weight | nonzeros =   28697 /   73728             ( 38.92%) | total_pruned =   45031 | shape = torch.Size([128, 64, 3, 3])
layer2.0.conv1.bias  | nonzeros =      55 /     128             ( 42.97%) | total_pruned =      73 | shape = torch.Size([128])
layer2.0.bn1.weight  | nonzeros =     111 /     128             ( 86.72%) | total_pruned =      17 | shape = torch.Size([128])
layer2.0.bn1.bias    | nonzeros =     128 /     128             (100.00%) | total_pruned =       0 | shape = torch.Size([128])
layer2.0.conv2.weight | nonzeros =   39083 /  147456             ( 26.50%) | total_pruned =  108373 | shape = torch.Size([128, 128, 3, 3])
layer2.0.conv2.bias  | nonzeros =      54 /     128             ( 42.19%) | total_pruned =      74 | shape = torch.Size([128])
layer2.0.bn2.weight  | nonzeros =     121 /     128             ( 94.53%) | total_pruned =       7 | shape = torch.Size([128])
layer2.0.bn2.bias    | nonzeros =     128 /     128             (100.00%) | total_pruned =       0 | shape = torch.Size([128])
layer2.0.shortcut.0.weight | nonzeros =    6865 /    8192             ( 83.80%) | total_pruned =    1327 | shape = torch.Size([128, 64, 1, 1])
layer2.0.shortcut.0.bias | nonzeros =      50 /     128             ( 39.06%) | total_pruned =      78 | shape = torch.Size([128])
layer2.0.shortcut.1.weight | nonzeros =     123 /     128             ( 96.09%) | total_pruned =       5 | shape = torch.Size([128])
layer2.0.shortcut.1.bias | nonzeros =     128 /     128             (100.00%) | total_pruned =       0 | shape = torch.Size([128])
layer2.1.conv1.weight | nonzeros =   30204 /  147456             ( 20.48%) | total_pruned =  117252 | shape = torch.Size([128, 128, 3, 3])
layer2.1.conv1.bias  | nonzeros =      54 /     128             ( 42.19%) | total_pruned =      74 | shape = torch.Size([128])
layer2.1.bn1.weight  | nonzeros =     114 /     128             ( 89.06%) | total_pruned =      14 | shape = torch.Size([128])
layer2.1.bn1.bias    | nonzeros =     128 /     128             (100.00%) | total_pruned =       0 | shape = torch.Size([128])
layer2.1.conv2.weight | nonzeros =   24213 /  147456             ( 16.42%) | total_pruned =  123243 | shape = torch.Size([128, 128, 3, 3])
layer2.1.conv2.bias  | nonzeros =      51 /     128             ( 39.84%) | total_pruned =      77 | shape = torch.Size([128])
layer2.1.bn2.weight  | nonzeros =     119 /     128             ( 92.97%) | total_pruned =       9 | shape = torch.Size([128])
layer2.1.bn2.bias    | nonzeros =     127 /     128             ( 99.22%) | total_pruned =       1 | shape = torch.Size([128])
layer3.0.conv1.weight | nonzeros =  106198 /  294912             ( 36.01%) | total_pruned =  188714 | shape = torch.Size([256, 128, 3, 3])
layer3.0.conv1.bias  | nonzeros =      96 /     256             ( 37.50%) | total_pruned =     160 | shape = torch.Size([256])
layer3.0.bn1.weight  | nonzeros =     227 /     256             ( 88.67%) | total_pruned =      29 | shape = torch.Size([256])
layer3.0.bn1.bias    | nonzeros =     256 /     256             (100.00%) | total_pruned =       0 | shape = torch.Size([256])
layer3.0.conv2.weight | nonzeros =  170315 /  589824             ( 28.88%) | total_pruned =  419509 | shape = torch.Size([256, 256, 3, 3])
layer3.0.conv2.bias  | nonzeros =      90 /     256             ( 35.16%) | total_pruned =     166 | shape = torch.Size([256])
layer3.0.bn2.weight  | nonzeros =     229 /     256             ( 89.45%) | total_pruned =      27 | shape = torch.Size([256])
layer3.0.bn2.bias    | nonzeros =     256 /     256             (100.00%) | total_pruned =       0 | shape = torch.Size([256])
layer3.0.shortcut.0.weight | nonzeros =   15063 /   32768             ( 45.97%) | total_pruned =   17705 | shape = torch.Size([256, 128, 1, 1])
layer3.0.shortcut.0.bias | nonzeros =      94 /     256             ( 36.72%) | total_pruned =     162 | shape = torch.Size([256])
layer3.0.shortcut.1.weight | nonzeros =     230 /     256             ( 89.84%) | total_pruned =      26 | shape = torch.Size([256])
layer3.0.shortcut.1.bias | nonzeros =     256 /     256             (100.00%) | total_pruned =       0 | shape = torch.Size([256])
layer3.1.conv1.weight | nonzeros =  146739 /  589824             ( 24.88%) | total_pruned =  443085 | shape = torch.Size([256, 256, 3, 3])
layer3.1.conv1.bias  | nonzeros =      90 /     256             ( 35.16%) | total_pruned =     166 | shape = torch.Size([256])
layer3.1.bn1.weight  | nonzeros =     224 /     256             ( 87.50%) | total_pruned =      32 | shape = torch.Size([256])
layer3.1.bn1.bias    | nonzeros =     256 /     256             (100.00%) | total_pruned =       0 | shape = torch.Size([256])
layer3.1.conv2.weight | nonzeros =  146033 /  589824             ( 24.76%) | total_pruned =  443791 | shape = torch.Size([256, 256, 3, 3])
layer3.1.conv2.bias  | nonzeros =      93 /     256             ( 36.33%) | total_pruned =     163 | shape = torch.Size([256])
layer3.1.bn2.weight  | nonzeros =     235 /     256             ( 91.80%) | total_pruned =      21 | shape = torch.Size([256])
layer3.1.bn2.bias    | nonzeros =     256 /     256             (100.00%) | total_pruned =       0 | shape = torch.Size([256])
layer4.0.conv1.weight | nonzeros =  349182 / 1179648             ( 29.60%) | total_pruned =  830466 | shape = torch.Size([512, 256, 3, 3])
layer4.0.conv1.bias  | nonzeros =     184 /     512             ( 35.94%) | total_pruned =     328 | shape = torch.Size([512])
layer4.0.bn1.weight  | nonzeros =     430 /     512             ( 83.98%) | total_pruned =      82 | shape = torch.Size([512])
layer4.0.bn1.bias    | nonzeros =     511 /     512             ( 99.80%) | total_pruned =       1 | shape = torch.Size([512])
layer4.0.conv2.weight | nonzeros =  708658 / 2359296             ( 30.04%) | total_pruned = 1650638 | shape = torch.Size([512, 512, 3, 3])
layer4.0.conv2.bias  | nonzeros =     188 /     512             ( 36.72%) | total_pruned =     324 | shape = torch.Size([512])
layer4.0.bn2.weight  | nonzeros =     421 /     512             ( 82.23%) | total_pruned =      91 | shape = torch.Size([512])
layer4.0.bn2.bias    | nonzeros =     484 /     512             ( 94.53%) | total_pruned =      28 | shape = torch.Size([512])
layer4.0.shortcut.0.weight | nonzeros =   20604 /  131072             ( 15.72%) | total_pruned =  110468 | shape = torch.Size([512, 256, 1, 1])
layer4.0.shortcut.0.bias | nonzeros =     193 /     512             ( 37.70%) | total_pruned =     319 | shape = torch.Size([512])
layer4.0.shortcut.1.weight | nonzeros =     431 /     512             ( 84.18%) | total_pruned =      81 | shape = torch.Size([512])
layer4.0.shortcut.1.bias | nonzeros =     480 /     512             ( 93.75%) | total_pruned =      32 | shape = torch.Size([512])
layer4.1.conv1.weight | nonzeros =  724573 / 2359296             ( 30.71%) | total_pruned = 1634723 | shape = torch.Size([512, 512, 3, 3])
layer4.1.conv1.bias  | nonzeros =     193 /     512             ( 37.70%) | total_pruned =     319 | shape = torch.Size([512])
layer4.1.bn1.weight  | nonzeros =     335 /     512             ( 65.43%) | total_pruned =     177 | shape = torch.Size([512])
layer4.1.bn1.bias    | nonzeros =     512 /     512             (100.00%) | total_pruned =       0 | shape = torch.Size([512])
layer4.1.conv2.weight | nonzeros =  730413 / 2359296             ( 30.96%) | total_pruned = 1628883 | shape = torch.Size([512, 512, 3, 3])
layer4.1.conv2.bias  | nonzeros =     191 /     512             ( 37.30%) | total_pruned =     321 | shape = torch.Size([512])
layer4.1.bn2.weight  | nonzeros =     495 /     512             ( 96.68%) | total_pruned =      17 | shape = torch.Size([512])
layer4.1.bn2.bias    | nonzeros =     499 /     512             ( 97.46%) | total_pruned =      13 | shape = torch.Size([512])
linear.weight        | nonzeros =    4979 /    5120             ( 97.25%) | total_pruned =     141 | shape = torch.Size([10, 512])
linear.bias          | nonzeros =      10 /      10             (100.00%) | total_pruned =       0 | shape = torch.Size([10])
alive: 3353629, pruned : 7825133, total: 11178762, Compression rate :       3.33x  ( 70.00% pruned)
Train Epoch: 34/100 Loss: 0.011761 Accuracy: 86.23 99.99 % Best test Accuracy: 86.41%
Pruning with threshold : 0.000819990411400795
Non-zero model percentage: 9.000003814697266%, Non-zero mask percentage: 9.000003814697266%

--- Pruning Level [2/8]: ---
conv1.weight         | nonzeros =    1611 /    1728             ( 93.23%) | total_pruned =     117 | shape = torch.Size([64, 3, 3, 3])
conv1.bias           | nonzeros =       3 /      64             (  4.69%) | total_pruned =      61 | shape = torch.Size([64])
bn1.weight           | nonzeros =      62 /      64             ( 96.88%) | total_pruned =       2 | shape = torch.Size([64])
bn1.bias             | nonzeros =      63 /      64             ( 98.44%) | total_pruned =       1 | shape = torch.Size([64])
layer1.0.conv1.weight | nonzeros =   18166 /   36864             ( 49.28%) | total_pruned =   18698 | shape = torch.Size([64, 64, 3, 3])
layer1.0.conv1.bias  | nonzeros =       7 /      64             ( 10.94%) | total_pruned =      57 | shape = torch.Size([64])
layer1.0.bn1.weight  | nonzeros =      60 /      64             ( 93.75%) | total_pruned =       4 | shape = torch.Size([64])
layer1.0.bn1.bias    | nonzeros =      60 /      64             ( 93.75%) | total_pruned =       4 | shape = torch.Size([64])
layer1.0.conv2.weight | nonzeros =   21586 /   36864             ( 58.56%) | total_pruned =   15278 | shape = torch.Size([64, 64, 3, 3])
layer1.0.conv2.bias  | nonzeros =       5 /      64             (  7.81%) | total_pruned =      59 | shape = torch.Size([64])
layer1.0.bn2.weight  | nonzeros =      64 /      64             (100.00%) | total_pruned =       0 | shape = torch.Size([64])
layer1.0.bn2.bias    | nonzeros =      62 /      64             ( 96.88%) | total_pruned =       2 | shape = torch.Size([64])
layer1.1.conv1.weight | nonzeros =   11840 /   36864             ( 32.12%) | total_pruned =   25024 | shape = torch.Size([64, 64, 3, 3])
layer1.1.conv1.bias  | nonzeros =       4 /      64             (  6.25%) | total_pruned =      60 | shape = torch.Size([64])
layer1.1.bn1.weight  | nonzeros =      56 /      64             ( 87.50%) | total_pruned =       8 | shape = torch.Size([64])
layer1.1.bn1.bias    | nonzeros =      62 /      64             ( 96.88%) | total_pruned =       2 | shape = torch.Size([64])
layer1.1.conv2.weight | nonzeros =   10718 /   36864             ( 29.07%) | total_pruned =   26146 | shape = torch.Size([64, 64, 3, 3])
layer1.1.conv2.bias  | nonzeros =       4 /      64             (  6.25%) | total_pruned =      60 | shape = torch.Size([64])
layer1.1.bn2.weight  | nonzeros =      64 /      64             (100.00%) | total_pruned =       0 | shape = torch.Size([64])
layer1.1.bn2.bias    | nonzeros =      62 /      64             ( 96.88%) | total_pruned =       2 | shape = torch.Size([64])
layer2.0.conv1.weight | nonzeros =   20126 /   73728             ( 27.30%) | total_pruned =   53602 | shape = torch.Size([128, 64, 3, 3])
layer2.0.conv1.bias  | nonzeros =      13 /     128             ( 10.16%) | total_pruned =     115 | shape = torch.Size([128])
layer2.0.bn1.weight  | nonzeros =     103 /     128             ( 80.47%) | total_pruned =      25 | shape = torch.Size([128])
layer2.0.bn1.bias    | nonzeros =     122 /     128             ( 95.31%) | total_pruned =       6 | shape = torch.Size([128])
layer2.0.conv2.weight | nonzeros =   26825 /  147456             ( 18.19%) | total_pruned =  120631 | shape = torch.Size([128, 128, 3, 3])
layer2.0.conv2.bias  | nonzeros =       7 /     128             (  5.47%) | total_pruned =     121 | shape = torch.Size([128])
layer2.0.bn2.weight  | nonzeros =     120 /     128             ( 93.75%) | total_pruned =       8 | shape = torch.Size([128])
layer2.0.bn2.bias    | nonzeros =     128 /     128             (100.00%) | total_pruned =       0 | shape = torch.Size([128])
layer2.0.shortcut.0.weight | nonzeros =    6095 /    8192             ( 74.40%) | total_pruned =    2097 | shape = torch.Size([128, 64, 1, 1])
layer2.0.shortcut.0.bias | nonzeros =      12 /     128             (  9.38%) | total_pruned =     116 | shape = torch.Size([128])
layer2.0.shortcut.1.weight | nonzeros =     122 /     128             ( 95.31%) | total_pruned =       6 | shape = torch.Size([128])
layer2.0.shortcut.1.bias | nonzeros =     128 /     128             (100.00%) | total_pruned =       0 | shape = torch.Size([128])
layer2.1.conv1.weight | nonzeros =   16524 /  147456             ( 11.21%) | total_pruned =  130932 | shape = torch.Size([128, 128, 3, 3])
layer2.1.conv1.bias  | nonzeros =      17 /     128             ( 13.28%) | total_pruned =     111 | shape = torch.Size([128])
layer2.1.bn1.weight  | nonzeros =     104 /     128             ( 81.25%) | total_pruned =      24 | shape = torch.Size([128])
layer2.1.bn1.bias    | nonzeros =     119 /     128             ( 92.97%) | total_pruned =       9 | shape = torch.Size([128])
layer2.1.conv2.weight | nonzeros =   13959 /  147456             (  9.47%) | total_pruned =  133497 | shape = torch.Size([128, 128, 3, 3])
layer2.1.conv2.bias  | nonzeros =      10 /     128             (  7.81%) | total_pruned =     118 | shape = torch.Size([128])
layer2.1.bn2.weight  | nonzeros =     116 /     128             ( 90.62%) | total_pruned =      12 | shape = torch.Size([128])
layer2.1.bn2.bias    | nonzeros =     125 /     128             ( 97.66%) | total_pruned =       3 | shape = torch.Size([128])
layer3.0.conv1.weight | nonzeros =   67111 /  294912             ( 22.76%) | total_pruned =  227801 | shape = torch.Size([256, 128, 3, 3])
layer3.0.conv1.bias  | nonzeros =      16 /     256             (  6.25%) | total_pruned =     240 | shape = torch.Size([256])
layer3.0.bn1.weight  | nonzeros =     216 /     256             ( 84.38%) | total_pruned =      40 | shape = torch.Size([256])
layer3.0.bn1.bias    | nonzeros =     253 /     256             ( 98.83%) | total_pruned =       3 | shape = torch.Size([256])
layer3.0.conv2.weight | nonzeros =   85084 /  589824             ( 14.43%) | total_pruned =  504740 | shape = torch.Size([256, 256, 3, 3])
layer3.0.conv2.bias  | nonzeros =      15 /     256             (  5.86%) | total_pruned =     241 | shape = torch.Size([256])
layer3.0.bn2.weight  | nonzeros =     215 /     256             ( 83.98%) | total_pruned =      41 | shape = torch.Size([256])
layer3.0.bn2.bias    | nonzeros =     254 /     256             ( 99.22%) | total_pruned =       2 | shape = torch.Size([256])
layer3.0.shortcut.0.weight | nonzeros =   12214 /   32768             ( 37.27%) | total_pruned =   20554 | shape = torch.Size([256, 128, 1, 1])
layer3.0.shortcut.0.bias | nonzeros =      23 /     256             (  8.98%) | total_pruned =     233 | shape = torch.Size([256])
layer3.0.shortcut.1.weight | nonzeros =     220 /     256             ( 85.94%) | total_pruned =      36 | shape = torch.Size([256])
layer3.0.shortcut.1.bias | nonzeros =     256 /     256             (100.00%) | total_pruned =       0 | shape = torch.Size([256])
layer3.1.conv1.weight | nonzeros =   51983 /  589824             (  8.81%) | total_pruned =  537841 | shape = torch.Size([256, 256, 3, 3])
layer3.1.conv1.bias  | nonzeros =      22 /     256             (  8.59%) | total_pruned =     234 | shape = torch.Size([256])
layer3.1.bn1.weight  | nonzeros =     210 /     256             ( 82.03%) | total_pruned =      46 | shape = torch.Size([256])
layer3.1.bn1.bias    | nonzeros =     251 /     256             ( 98.05%) | total_pruned =       5 | shape = torch.Size([256])
layer3.1.conv2.weight | nonzeros =   48739 /  589824             (  8.26%) | total_pruned =  541085 | shape = torch.Size([256, 256, 3, 3])
layer3.1.conv2.bias  | nonzeros =      17 /     256             (  6.64%) | total_pruned =     239 | shape = torch.Size([256])
layer3.1.bn2.weight  | nonzeros =     223 /     256             ( 87.11%) | total_pruned =      33 | shape = torch.Size([256])
layer3.1.bn2.bias    | nonzeros =     253 /     256             ( 98.83%) | total_pruned =       3 | shape = torch.Size([256])
layer4.0.conv1.weight | nonzeros =  113107 / 1179648             (  9.59%) | total_pruned = 1066541 | shape = torch.Size([512, 256, 3, 3])
layer4.0.conv1.bias  | nonzeros =      49 /     512             (  9.57%) | total_pruned =     463 | shape = torch.Size([512])
layer4.0.bn1.weight  | nonzeros =     398 /     512             ( 77.73%) | total_pruned =     114 | shape = torch.Size([512])
layer4.0.bn1.bias    | nonzeros =     509 /     512             ( 99.41%) | total_pruned =       3 | shape = torch.Size([512])
layer4.0.conv2.weight | nonzeros =  154434 / 2359296             (  6.55%) | total_pruned = 2204862 | shape = torch.Size([512, 512, 3, 3])
layer4.0.conv2.bias  | nonzeros =      29 /     512             (  5.66%) | total_pruned =     483 | shape = torch.Size([512])
layer4.0.bn2.weight  | nonzeros =     378 /     512             ( 73.83%) | total_pruned =     134 | shape = torch.Size([512])
layer4.0.bn2.bias    | nonzeros =     470 /     512             ( 91.80%) | total_pruned =      42 | shape = torch.Size([512])
layer4.0.shortcut.0.weight | nonzeros =   10653 /  131072             (  8.13%) | total_pruned =  120419 | shape = torch.Size([512, 256, 1, 1])
layer4.0.shortcut.0.bias | nonzeros =      36 /     512             (  7.03%) | total_pruned =     476 | shape = torch.Size([512])
layer4.0.shortcut.1.weight | nonzeros =     375 /     512             ( 73.24%) | total_pruned =     137 | shape = torch.Size([512])
layer4.0.shortcut.1.bias | nonzeros =     466 /     512             ( 91.02%) | total_pruned =      46 | shape = torch.Size([512])
layer4.1.conv1.weight | nonzeros =  144074 / 2359296             (  6.11%) | total_pruned = 2215222 | shape = torch.Size([512, 512, 3, 3])
layer4.1.conv1.bias  | nonzeros =      36 /     512             (  7.03%) | total_pruned =     476 | shape = torch.Size([512])
layer4.1.bn1.weight  | nonzeros =     287 /     512             ( 56.05%) | total_pruned =     225 | shape = torch.Size([512])
layer4.1.bn1.bias    | nonzeros =     492 /     512             ( 96.09%) | total_pruned =      20 | shape = torch.Size([512])
layer4.1.conv2.weight | nonzeros =  158462 / 2359296             (  6.72%) | total_pruned = 2200834 | shape = torch.Size([512, 512, 3, 3])
layer4.1.conv2.bias  | nonzeros =      35 /     512             (  6.84%) | total_pruned =     477 | shape = torch.Size([512])
layer4.1.bn2.weight  | nonzeros =     437 /     512             ( 85.35%) | total_pruned =      75 | shape = torch.Size([512])
layer4.1.bn2.bias    | nonzeros =     460 /     512             ( 89.84%) | total_pruned =      52 | shape = torch.Size([512])
linear.weight        | nonzeros =    3983 /    5120             ( 77.79%) | total_pruned =    1137 | shape = torch.Size([10, 512])
linear.bias          | nonzeros =      10 /      10             (100.00%) | total_pruned =       0 | shape = torch.Size([10])
alive: 1006089, pruned : 10172673, total: 11178762, Compression rate :      11.11x  ( 91.00% pruned)
Train Epoch: 34/100 Loss: 0.012512 Accuracy: 86.51 99.99 % Best test Accuracy: 86.51%
Pruning with threshold : 0.0022873042151331886
Non-zero model percentage: 2.7000038623809814%, Non-zero mask percentage: 2.7000038623809814%

--- Pruning Level [3/8]: ---
conv1.weight         | nonzeros =    1405 /    1728             ( 81.31%) | total_pruned =     323 | shape = torch.Size([64, 3, 3, 3])
conv1.bias           | nonzeros =       0 /      64             (  0.00%) | total_pruned =      64 | shape = torch.Size([64])
bn1.weight           | nonzeros =      58 /      64             ( 90.62%) | total_pruned =       6 | shape = torch.Size([64])
bn1.bias             | nonzeros =      62 /      64             ( 96.88%) | total_pruned =       2 | shape = torch.Size([64])
layer1.0.conv1.weight | nonzeros =    9986 /   36864             ( 27.09%) | total_pruned =   26878 | shape = torch.Size([64, 64, 3, 3])
layer1.0.conv1.bias  | nonzeros =       0 /      64             (  0.00%) | total_pruned =      64 | shape = torch.Size([64])
layer1.0.bn1.weight  | nonzeros =      54 /      64             ( 84.38%) | total_pruned =      10 | shape = torch.Size([64])
layer1.0.bn1.bias    | nonzeros =      58 /      64             ( 90.62%) | total_pruned =       6 | shape = torch.Size([64])
layer1.0.conv2.weight | nonzeros =   13265 /   36864             ( 35.98%) | total_pruned =   23599 | shape = torch.Size([64, 64, 3, 3])
layer1.0.conv2.bias  | nonzeros =       0 /      64             (  0.00%) | total_pruned =      64 | shape = torch.Size([64])
layer1.0.bn2.weight  | nonzeros =      64 /      64             (100.00%) | total_pruned =       0 | shape = torch.Size([64])
layer1.0.bn2.bias    | nonzeros =      62 /      64             ( 96.88%) | total_pruned =       2 | shape = torch.Size([64])
layer1.1.conv1.weight | nonzeros =    5879 /   36864             ( 15.95%) | total_pruned =   30985 | shape = torch.Size([64, 64, 3, 3])
layer1.1.conv1.bias  | nonzeros =       0 /      64             (  0.00%) | total_pruned =      64 | shape = torch.Size([64])
layer1.1.bn1.weight  | nonzeros =      43 /      64             ( 67.19%) | total_pruned =      21 | shape = torch.Size([64])
layer1.1.bn1.bias    | nonzeros =      55 /      64             ( 85.94%) | total_pruned =       9 | shape = torch.Size([64])
layer1.1.conv2.weight | nonzeros =    5195 /   36864             ( 14.09%) | total_pruned =   31669 | shape = torch.Size([64, 64, 3, 3])
layer1.1.conv2.bias  | nonzeros =       0 /      64             (  0.00%) | total_pruned =      64 | shape = torch.Size([64])
layer1.1.bn2.weight  | nonzeros =      62 /      64             ( 96.88%) | total_pruned =       2 | shape = torch.Size([64])
layer1.1.bn2.bias    | nonzeros =      61 /      64             ( 95.31%) | total_pruned =       3 | shape = torch.Size([64])
layer2.0.conv1.weight | nonzeros =   11665 /   73728             ( 15.82%) | total_pruned =   62063 | shape = torch.Size([128, 64, 3, 3])
layer2.0.conv1.bias  | nonzeros =       0 /     128             (  0.00%) | total_pruned =     128 | shape = torch.Size([128])
layer2.0.bn1.weight  | nonzeros =      89 /     128             ( 69.53%) | total_pruned =      39 | shape = torch.Size([128])
layer2.0.bn1.bias    | nonzeros =     105 /     128             ( 82.03%) | total_pruned =      23 | shape = torch.Size([128])
layer2.0.conv2.weight | nonzeros =   15353 /  147456             ( 10.41%) | total_pruned =  132103 | shape = torch.Size([128, 128, 3, 3])
layer2.0.conv2.bias  | nonzeros =       0 /     128             (  0.00%) | total_pruned =     128 | shape = torch.Size([128])
layer2.0.bn2.weight  | nonzeros =     106 /     128             ( 82.81%) | total_pruned =      22 | shape = torch.Size([128])
layer2.0.bn2.bias    | nonzeros =     118 /     128             ( 92.19%) | total_pruned =      10 | shape = torch.Size([128])
layer2.0.shortcut.0.weight | nonzeros =    4785 /    8192             ( 58.41%) | total_pruned =    3407 | shape = torch.Size([128, 64, 1, 1])
layer2.0.shortcut.0.bias | nonzeros =       0 /     128             (  0.00%) | total_pruned =     128 | shape = torch.Size([128])
layer2.0.shortcut.1.weight | nonzeros =     115 /     128             ( 89.84%) | total_pruned =      13 | shape = torch.Size([128])
layer2.0.shortcut.1.bias | nonzeros =     119 /     128             ( 92.97%) | total_pruned =       9 | shape = torch.Size([128])
layer2.1.conv1.weight | nonzeros =    8151 /  147456             (  5.53%) | total_pruned =  139305 | shape = torch.Size([128, 128, 3, 3])
layer2.1.conv1.bias  | nonzeros =       0 /     128             (  0.00%) | total_pruned =     128 | shape = torch.Size([128])
layer2.1.bn1.weight  | nonzeros =      80 /     128             ( 62.50%) | total_pruned =      48 | shape = torch.Size([128])
layer2.1.bn1.bias    | nonzeros =     101 /     128             ( 78.91%) | total_pruned =      27 | shape = torch.Size([128])
layer2.1.conv2.weight | nonzeros =    7292 /  147456             (  4.95%) | total_pruned =  140164 | shape = torch.Size([128, 128, 3, 3])
layer2.1.conv2.bias  | nonzeros =       0 /     128             (  0.00%) | total_pruned =     128 | shape = torch.Size([128])
layer2.1.bn2.weight  | nonzeros =     105 /     128             ( 82.03%) | total_pruned =      23 | shape = torch.Size([128])
layer2.1.bn2.bias    | nonzeros =     117 /     128             ( 91.41%) | total_pruned =      11 | shape = torch.Size([128])
layer3.0.conv1.weight | nonzeros =   40514 /  294912             ( 13.74%) | total_pruned =  254398 | shape = torch.Size([256, 128, 3, 3])
layer3.0.conv1.bias  | nonzeros =       0 /     256             (  0.00%) | total_pruned =     256 | shape = torch.Size([256])
layer3.0.bn1.weight  | nonzeros =     185 /     256             ( 72.27%) | total_pruned =      71 | shape = torch.Size([256])
layer3.0.bn1.bias    | nonzeros =     234 /     256             ( 91.41%) | total_pruned =      22 | shape = torch.Size([256])
layer3.0.conv2.weight | nonzeros =   48080 /  589824             (  8.15%) | total_pruned =  541744 | shape = torch.Size([256, 256, 3, 3])
layer3.0.conv2.bias  | nonzeros =       0 /     256             (  0.00%) | total_pruned =     256 | shape = torch.Size([256])
layer3.0.bn2.weight  | nonzeros =     181 /     256             ( 70.70%) | total_pruned =      75 | shape = torch.Size([256])
layer3.0.bn2.bias    | nonzeros =     241 /     256             ( 94.14%) | total_pruned =      15 | shape = torch.Size([256])
layer3.0.shortcut.0.weight | nonzeros =    8594 /   32768             ( 26.23%) | total_pruned =   24174 | shape = torch.Size([256, 128, 1, 1])
layer3.0.shortcut.0.bias | nonzeros =       0 /     256             (  0.00%) | total_pruned =     256 | shape = torch.Size([256])
layer3.0.shortcut.1.weight | nonzeros =     188 /     256             ( 73.44%) | total_pruned =      68 | shape = torch.Size([256])
layer3.0.shortcut.1.bias | nonzeros =     244 /     256             ( 95.31%) | total_pruned =      12 | shape = torch.Size([256])
layer3.1.conv1.weight | nonzeros =   18654 /  589824             (  3.16%) | total_pruned =  571170 | shape = torch.Size([256, 256, 3, 3])
layer3.1.conv1.bias  | nonzeros =       0 /     256             (  0.00%) | total_pruned =     256 | shape = torch.Size([256])
layer3.1.bn1.weight  | nonzeros =     160 /     256             ( 62.50%) | total_pruned =      96 | shape = torch.Size([256])
layer3.1.bn1.bias    | nonzeros =     221 /     256             ( 86.33%) | total_pruned =      35 | shape = torch.Size([256])
layer3.1.conv2.weight | nonzeros =   16292 /  589824             (  2.76%) | total_pruned =  573532 | shape = torch.Size([256, 256, 3, 3])
layer3.1.conv2.bias  | nonzeros =       0 /     256             (  0.00%) | total_pruned =     256 | shape = torch.Size([256])
layer3.1.bn2.weight  | nonzeros =     188 /     256             ( 73.44%) | total_pruned =      68 | shape = torch.Size([256])
layer3.1.bn2.bias    | nonzeros =     241 /     256             ( 94.14%) | total_pruned =      15 | shape = torch.Size([256])
layer4.0.conv1.weight | nonzeros =   38322 / 1179648             (  3.25%) | total_pruned = 1141326 | shape = torch.Size([512, 256, 3, 3])
layer4.0.conv1.bias  | nonzeros =       0 /     512             (  0.00%) | total_pruned =     512 | shape = torch.Size([512])
layer4.0.bn1.weight  | nonzeros =     309 /     512             ( 60.35%) | total_pruned =     203 | shape = torch.Size([512])
layer4.0.bn1.bias    | nonzeros =     443 /     512             ( 86.52%) | total_pruned =      69 | shape = torch.Size([512])
layer4.0.conv2.weight | nonzeros =   13945 / 2359296             (  0.59%) | total_pruned = 2345351 | shape = torch.Size([512, 512, 3, 3])
layer4.0.conv2.bias  | nonzeros =       0 /     512             (  0.00%) | total_pruned =     512 | shape = torch.Size([512])
layer4.0.bn2.weight  | nonzeros =     258 /     512             ( 50.39%) | total_pruned =     254 | shape = torch.Size([512])
layer4.0.bn2.bias    | nonzeros =     356 /     512             ( 69.53%) | total_pruned =     156 | shape = torch.Size([512])
layer4.0.shortcut.0.weight | nonzeros =    4798 /  131072             (  3.66%) | total_pruned =  126274 | shape = torch.Size([512, 256, 1, 1])
layer4.0.shortcut.0.bias | nonzeros =       0 /     512             (  0.00%) | total_pruned =     512 | shape = torch.Size([512])
layer4.0.shortcut.1.weight | nonzeros =     238 /     512             ( 46.48%) | total_pruned =     274 | shape = torch.Size([512])
layer4.0.shortcut.1.bias | nonzeros =     352 /     512             ( 68.75%) | total_pruned =     160 | shape = torch.Size([512])
layer4.1.conv1.weight | nonzeros =    4844 / 2359296             (  0.21%) | total_pruned = 2354452 | shape = torch.Size([512, 512, 3, 3])
layer4.1.conv1.bias  | nonzeros =       0 /     512             (  0.00%) | total_pruned =     512 | shape = torch.Size([512])
layer4.1.bn1.weight  | nonzeros =     115 /     512             ( 22.46%) | total_pruned =     397 | shape = torch.Size([512])
layer4.1.bn1.bias    | nonzeros =      98 /     512             ( 19.14%) | total_pruned =     414 | shape = torch.Size([512])
layer4.1.conv2.weight | nonzeros =   15618 / 2359296             (  0.66%) | total_pruned = 2343678 | shape = torch.Size([512, 512, 3, 3])
layer4.1.conv2.bias  | nonzeros =       0 /     512             (  0.00%) | total_pruned =     512 | shape = torch.Size([512])
layer4.1.bn2.weight  | nonzeros =     290 /     512             ( 56.64%) | total_pruned =     222 | shape = torch.Size([512])
layer4.1.bn2.bias    | nonzeros =     311 /     512             ( 60.74%) | total_pruned =     201 | shape = torch.Size([512])
linear.weight        | nonzeros =    2695 /    5120             ( 52.64%) | total_pruned =    2425 | shape = torch.Size([10, 512])
linear.bias          | nonzeros =       8 /      10             ( 80.00%) | total_pruned =       2 | shape = torch.Size([10])
alive: 301827, pruned : 10876935, total: 11178762, Compression rate :      37.04x  ( 97.30% pruned)
Train Epoch: 34/100 Loss: 0.012675 Accuracy: 86.24 99.99 % Best test Accuracy: 86.50%
Pruning with threshold : 0.03234902545809745
Non-zero model percentage: 0.8100091218948364%, Non-zero mask percentage: 0.8100091218948364%

--- Pruning Level [4/8]: ---
conv1.weight         | nonzeros =     740 /    1728             ( 42.82%) | total_pruned =     988 | shape = torch.Size([64, 3, 3, 3])
conv1.bias           | nonzeros =       0 /      64             (  0.00%) | total_pruned =      64 | shape = torch.Size([64])
bn1.weight           | nonzeros =      37 /      64             ( 57.81%) | total_pruned =      27 | shape = torch.Size([64])
bn1.bias             | nonzeros =      45 /      64             ( 70.31%) | total_pruned =      19 | shape = torch.Size([64])
layer1.0.conv1.weight | nonzeros =    2780 /   36864             (  7.54%) | total_pruned =   34084 | shape = torch.Size([64, 64, 3, 3])
layer1.0.conv1.bias  | nonzeros =       0 /      64             (  0.00%) | total_pruned =      64 | shape = torch.Size([64])
layer1.0.bn1.weight  | nonzeros =      28 /      64             ( 43.75%) | total_pruned =      36 | shape = torch.Size([64])
layer1.0.bn1.bias    | nonzeros =      28 /      64             ( 43.75%) | total_pruned =      36 | shape = torch.Size([64])
layer1.0.conv2.weight | nonzeros =    4276 /   36864             ( 11.60%) | total_pruned =   32588 | shape = torch.Size([64, 64, 3, 3])
layer1.0.conv2.bias  | nonzeros =       0 /      64             (  0.00%) | total_pruned =      64 | shape = torch.Size([64])
layer1.0.bn2.weight  | nonzeros =      53 /      64             ( 82.81%) | total_pruned =      11 | shape = torch.Size([64])
layer1.0.bn2.bias    | nonzeros =      45 /      64             ( 70.31%) | total_pruned =      19 | shape = torch.Size([64])
layer1.1.conv1.weight | nonzeros =    1067 /   36864             (  2.89%) | total_pruned =   35797 | shape = torch.Size([64, 64, 3, 3])
layer1.1.conv1.bias  | nonzeros =       0 /      64             (  0.00%) | total_pruned =      64 | shape = torch.Size([64])
layer1.1.bn1.weight  | nonzeros =       9 /      64             ( 14.06%) | total_pruned =      55 | shape = torch.Size([64])
layer1.1.bn1.bias    | nonzeros =      13 /      64             ( 20.31%) | total_pruned =      51 | shape = torch.Size([64])
layer1.1.conv2.weight | nonzeros =     796 /   36864             (  2.16%) | total_pruned =   36068 | shape = torch.Size([64, 64, 3, 3])
layer1.1.conv2.bias  | nonzeros =       0 /      64             (  0.00%) | total_pruned =      64 | shape = torch.Size([64])
layer1.1.bn2.weight  | nonzeros =      37 /      64             ( 57.81%) | total_pruned =      27 | shape = torch.Size([64])
layer1.1.bn2.bias    | nonzeros =      39 /      64             ( 60.94%) | total_pruned =      25 | shape = torch.Size([64])
layer2.0.conv1.weight | nonzeros =    3640 /   73728             (  4.94%) | total_pruned =   70088 | shape = torch.Size([128, 64, 3, 3])
layer2.0.conv1.bias  | nonzeros =       0 /     128             (  0.00%) | total_pruned =     128 | shape = torch.Size([128])
layer2.0.bn1.weight  | nonzeros =      25 /     128             ( 19.53%) | total_pruned =     103 | shape = torch.Size([128])
layer2.0.bn1.bias    | nonzeros =      25 /     128             ( 19.53%) | total_pruned =     103 | shape = torch.Size([128])
layer2.0.conv2.weight | nonzeros =    5035 /  147456             (  3.41%) | total_pruned =  142421 | shape = torch.Size([128, 128, 3, 3])
layer2.0.conv2.bias  | nonzeros =       0 /     128             (  0.00%) | total_pruned =     128 | shape = torch.Size([128])
layer2.0.bn2.weight  | nonzeros =      64 /     128             ( 50.00%) | total_pruned =      64 | shape = torch.Size([128])
layer2.0.bn2.bias    | nonzeros =      64 /     128             ( 50.00%) | total_pruned =      64 | shape = torch.Size([128])
layer2.0.shortcut.0.weight | nonzeros =    2242 /    8192             ( 27.37%) | total_pruned =    5950 | shape = torch.Size([128, 64, 1, 1])
layer2.0.shortcut.0.bias | nonzeros =       0 /     128             (  0.00%) | total_pruned =     128 | shape = torch.Size([128])
layer2.0.shortcut.1.weight | nonzeros =      81 /     128             ( 63.28%) | total_pruned =      47 | shape = torch.Size([128])
layer2.0.shortcut.1.bias | nonzeros =      64 /     128             ( 50.00%) | total_pruned =      64 | shape = torch.Size([128])
layer2.1.conv1.weight | nonzeros =    1665 /  147456             (  1.13%) | total_pruned =  145791 | shape = torch.Size([128, 128, 3, 3])
layer2.1.conv1.bias  | nonzeros =       0 /     128             (  0.00%) | total_pruned =     128 | shape = torch.Size([128])
layer2.1.bn1.weight  | nonzeros =      14 /     128             ( 10.94%) | total_pruned =     114 | shape = torch.Size([128])
layer2.1.bn1.bias    | nonzeros =      13 /     128             ( 10.16%) | total_pruned =     115 | shape = torch.Size([128])
layer2.1.conv2.weight | nonzeros =    1203 /  147456             (  0.82%) | total_pruned =  146253 | shape = torch.Size([128, 128, 3, 3])
layer2.1.conv2.bias  | nonzeros =       0 /     128             (  0.00%) | total_pruned =     128 | shape = torch.Size([128])
layer2.1.bn2.weight  | nonzeros =      34 /     128             ( 26.56%) | total_pruned =      94 | shape = torch.Size([128])
layer2.1.bn2.bias    | nonzeros =      67 /     128             ( 52.34%) | total_pruned =      61 | shape = torch.Size([128])
layer3.0.conv1.weight | nonzeros =   13331 /  294912             (  4.52%) | total_pruned =  281581 | shape = torch.Size([256, 128, 3, 3])
layer3.0.conv1.bias  | nonzeros =       0 /     256             (  0.00%) | total_pruned =     256 | shape = torch.Size([256])
layer3.0.bn1.weight  | nonzeros =      58 /     256             ( 22.66%) | total_pruned =     198 | shape = torch.Size([256])
layer3.0.bn1.bias    | nonzeros =      57 /     256             ( 22.27%) | total_pruned =     199 | shape = torch.Size([256])
layer3.0.conv2.weight | nonzeros =   17299 /  589824             (  2.93%) | total_pruned =  572525 | shape = torch.Size([256, 256, 3, 3])
layer3.0.conv2.bias  | nonzeros =       0 /     256             (  0.00%) | total_pruned =     256 | shape = torch.Size([256])
layer3.0.bn2.weight  | nonzeros =      93 /     256             ( 36.33%) | total_pruned =     163 | shape = torch.Size([256])
layer3.0.bn2.bias    | nonzeros =     105 /     256             ( 41.02%) | total_pruned =     151 | shape = torch.Size([256])
layer3.0.shortcut.0.weight | nonzeros =    3237 /   32768             (  9.88%) | total_pruned =   29531 | shape = torch.Size([256, 128, 1, 1])
layer3.0.shortcut.0.bias | nonzeros =       0 /     256             (  0.00%) | total_pruned =     256 | shape = torch.Size([256])
layer3.0.shortcut.1.weight | nonzeros =     100 /     256             ( 39.06%) | total_pruned =     156 | shape = torch.Size([256])
layer3.0.shortcut.1.bias | nonzeros =     105 /     256             ( 41.02%) | total_pruned =     151 | shape = torch.Size([256])
layer3.1.conv1.weight | nonzeros =    5983 /  589824             (  1.01%) | total_pruned =  583841 | shape = torch.Size([256, 256, 3, 3])
layer3.1.conv1.bias  | nonzeros =       0 /     256             (  0.00%) | total_pruned =     256 | shape = torch.Size([256])
layer3.1.bn1.weight  | nonzeros =      22 /     256             (  8.59%) | total_pruned =     234 | shape = torch.Size([256])
layer3.1.bn1.bias    | nonzeros =      24 /     256             (  9.38%) | total_pruned =     232 | shape = torch.Size([256])
layer3.1.conv2.weight | nonzeros =    3830 /  589824             (  0.65%) | total_pruned =  585994 | shape = torch.Size([256, 256, 3, 3])
layer3.1.conv2.bias  | nonzeros =       0 /     256             (  0.00%) | total_pruned =     256 | shape = torch.Size([256])
layer3.1.bn2.weight  | nonzeros =      63 /     256             ( 24.61%) | total_pruned =     193 | shape = torch.Size([256])
layer3.1.bn2.bias    | nonzeros =     116 /     256             ( 45.31%) | total_pruned =     140 | shape = torch.Size([256])
layer4.0.conv1.weight | nonzeros =   12414 / 1179648             (  1.05%) | total_pruned = 1167234 | shape = torch.Size([512, 256, 3, 3])
layer4.0.conv1.bias  | nonzeros =       0 /     512             (  0.00%) | total_pruned =     512 | shape = torch.Size([512])
layer4.0.bn1.weight  | nonzeros =      44 /     512             (  8.59%) | total_pruned =     468 | shape = torch.Size([512])
layer4.0.bn1.bias    | nonzeros =      44 /     512             (  8.59%) | total_pruned =     468 | shape = torch.Size([512])
layer4.0.conv2.weight | nonzeros =    3585 / 2359296             (  0.15%) | total_pruned = 2355711 | shape = torch.Size([512, 512, 3, 3])
layer4.0.conv2.bias  | nonzeros =       0 /     512             (  0.00%) | total_pruned =     512 | shape = torch.Size([512])
layer4.0.bn2.weight  | nonzeros =      62 /     512             ( 12.11%) | total_pruned =     450 | shape = torch.Size([512])
layer4.0.bn2.bias    | nonzeros =      81 /     512             ( 15.82%) | total_pruned =     431 | shape = torch.Size([512])
layer4.0.shortcut.0.weight | nonzeros =    1349 /  131072             (  1.03%) | total_pruned =  129723 | shape = torch.Size([512, 256, 1, 1])
layer4.0.shortcut.0.bias | nonzeros =       0 /     512             (  0.00%) | total_pruned =     512 | shape = torch.Size([512])
layer4.0.shortcut.1.weight | nonzeros =      48 /     512             (  9.38%) | total_pruned =     464 | shape = torch.Size([512])
layer4.0.shortcut.1.bias | nonzeros =      79 /     512             ( 15.43%) | total_pruned =     433 | shape = torch.Size([512])
layer4.1.conv1.weight | nonzeros =    1460 / 2359296             (  0.06%) | total_pruned = 2357836 | shape = torch.Size([512, 512, 3, 3])
layer4.1.conv1.bias  | nonzeros =       0 /     512             (  0.00%) | total_pruned =     512 | shape = torch.Size([512])
layer4.1.bn1.weight  | nonzeros =      10 /     512             (  1.95%) | total_pruned =     502 | shape = torch.Size([512])
layer4.1.bn1.bias    | nonzeros =      10 /     512             (  1.95%) | total_pruned =     502 | shape = torch.Size([512])
layer4.1.conv2.weight | nonzeros =    1087 / 2359296             (  0.05%) | total_pruned = 2358209 | shape = torch.Size([512, 512, 3, 3])
layer4.1.conv2.bias  | nonzeros =       0 /     512             (  0.00%) | total_pruned =     512 | shape = torch.Size([512])
layer4.1.bn2.weight  | nonzeros =     228 /     512             ( 44.53%) | total_pruned =     284 | shape = torch.Size([512])
layer4.1.bn2.bias    | nonzeros =     177 /     512             ( 34.57%) | total_pruned =     335 | shape = torch.Size([512])
linear.weight        | nonzeros =    1219 /    5120             ( 23.81%) | total_pruned =    3901 | shape = torch.Size([10, 512])
linear.bias          | nonzeros =       0 /      10             (  0.00%) | total_pruned =      10 | shape = torch.Size([10])
alive: 90549, pruned : 11088213, total: 11178762, Compression rate :     123.46x  ( 99.19% pruned)
Train Epoch: 62/100 Loss: 0.006589 Accuracy: 85.79 99.99 % Best test Accuracy: 85.87%
Pruning with threshold : 0.0623859278857708
Non-zero model percentage: 0.2430054396390915%, Non-zero mask percentage: 0.2430054396390915%

--- Pruning Level [5/8]: ---
conv1.weight         | nonzeros =     498 /    1728             ( 28.82%) | total_pruned =    1230 | shape = torch.Size([64, 3, 3, 3])
conv1.bias           | nonzeros =       0 /      64             (  0.00%) | total_pruned =      64 | shape = torch.Size([64])
bn1.weight           | nonzeros =      30 /      64             ( 46.88%) | total_pruned =      34 | shape = torch.Size([64])
bn1.bias             | nonzeros =      26 /      64             ( 40.62%) | total_pruned =      38 | shape = torch.Size([64])
layer1.0.conv1.weight | nonzeros =    1062 /   36864             (  2.88%) | total_pruned =   35802 | shape = torch.Size([64, 64, 3, 3])
layer1.0.conv1.bias  | nonzeros =       0 /      64             (  0.00%) | total_pruned =      64 | shape = torch.Size([64])
layer1.0.bn1.weight  | nonzeros =      24 /      64             ( 37.50%) | total_pruned =      40 | shape = torch.Size([64])
layer1.0.bn1.bias    | nonzeros =      16 /      64             ( 25.00%) | total_pruned =      48 | shape = torch.Size([64])
layer1.0.conv2.weight | nonzeros =    1496 /   36864             (  4.06%) | total_pruned =   35368 | shape = torch.Size([64, 64, 3, 3])
layer1.0.conv2.bias  | nonzeros =       0 /      64             (  0.00%) | total_pruned =      64 | shape = torch.Size([64])
layer1.0.bn2.weight  | nonzeros =      51 /      64             ( 79.69%) | total_pruned =      13 | shape = torch.Size([64])
layer1.0.bn2.bias    | nonzeros =      26 /      64             ( 40.62%) | total_pruned =      38 | shape = torch.Size([64])
layer1.1.conv1.weight | nonzeros =     284 /   36864             (  0.77%) | total_pruned =   36580 | shape = torch.Size([64, 64, 3, 3])
layer1.1.conv1.bias  | nonzeros =       0 /      64             (  0.00%) | total_pruned =      64 | shape = torch.Size([64])
layer1.1.bn1.weight  | nonzeros =       9 /      64             ( 14.06%) | total_pruned =      55 | shape = torch.Size([64])
layer1.1.bn1.bias    | nonzeros =       7 /      64             ( 10.94%) | total_pruned =      57 | shape = torch.Size([64])
layer1.1.conv2.weight | nonzeros =     220 /   36864             (  0.60%) | total_pruned =   36644 | shape = torch.Size([64, 64, 3, 3])
layer1.1.conv2.bias  | nonzeros =       0 /      64             (  0.00%) | total_pruned =      64 | shape = torch.Size([64])
layer1.1.bn2.weight  | nonzeros =      29 /      64             ( 45.31%) | total_pruned =      35 | shape = torch.Size([64])
layer1.1.bn2.bias    | nonzeros =      20 /      64             ( 31.25%) | total_pruned =      44 | shape = torch.Size([64])
layer2.0.conv1.weight | nonzeros =    1090 /   73728             (  1.48%) | total_pruned =   72638 | shape = torch.Size([128, 64, 3, 3])
layer2.0.conv1.bias  | nonzeros =       0 /     128             (  0.00%) | total_pruned =     128 | shape = torch.Size([128])
layer2.0.bn1.weight  | nonzeros =      22 /     128             ( 17.19%) | total_pruned =     106 | shape = torch.Size([128])
layer2.0.bn1.bias    | nonzeros =      14 /     128             ( 10.94%) | total_pruned =     114 | shape = torch.Size([128])
layer2.0.conv2.weight | nonzeros =    1611 /  147456             (  1.09%) | total_pruned =  145845 | shape = torch.Size([128, 128, 3, 3])
layer2.0.conv2.bias  | nonzeros =       0 /     128             (  0.00%) | total_pruned =     128 | shape = torch.Size([128])
layer2.0.bn2.weight  | nonzeros =      64 /     128             ( 50.00%) | total_pruned =      64 | shape = torch.Size([128])
layer2.0.bn2.bias    | nonzeros =      25 /     128             ( 19.53%) | total_pruned =     103 | shape = torch.Size([128])
layer2.0.shortcut.0.weight | nonzeros =     968 /    8192             ( 11.82%) | total_pruned =    7224 | shape = torch.Size([128, 64, 1, 1])
layer2.0.shortcut.0.bias | nonzeros =       0 /     128             (  0.00%) | total_pruned =     128 | shape = torch.Size([128])
layer2.0.shortcut.1.weight | nonzeros =      72 /     128             ( 56.25%) | total_pruned =      56 | shape = torch.Size([128])
layer2.0.shortcut.1.bias | nonzeros =      25 /     128             ( 19.53%) | total_pruned =     103 | shape = torch.Size([128])
layer2.1.conv1.weight | nonzeros =     384 /  147456             (  0.26%) | total_pruned =  147072 | shape = torch.Size([128, 128, 3, 3])
layer2.1.conv1.bias  | nonzeros =       0 /     128             (  0.00%) | total_pruned =     128 | shape = torch.Size([128])
layer2.1.bn1.weight  | nonzeros =      11 /     128             (  8.59%) | total_pruned =     117 | shape = torch.Size([128])
layer2.1.bn1.bias    | nonzeros =       9 /     128             (  7.03%) | total_pruned =     119 | shape = torch.Size([128])
layer2.1.conv2.weight | nonzeros =     296 /  147456             (  0.20%) | total_pruned =  147160 | shape = torch.Size([128, 128, 3, 3])
layer2.1.conv2.bias  | nonzeros =       0 /     128             (  0.00%) | total_pruned =     128 | shape = torch.Size([128])
layer2.1.bn2.weight  | nonzeros =      25 /     128             ( 19.53%) | total_pruned =     103 | shape = torch.Size([128])
layer2.1.bn2.bias    | nonzeros =      31 /     128             ( 24.22%) | total_pruned =      97 | shape = torch.Size([128])
layer3.0.conv1.weight | nonzeros =    3552 /  294912             (  1.20%) | total_pruned =  291360 | shape = torch.Size([256, 128, 3, 3])
layer3.0.conv1.bias  | nonzeros =       0 /     256             (  0.00%) | total_pruned =     256 | shape = torch.Size([256])
layer3.0.bn1.weight  | nonzeros =      55 /     256             ( 21.48%) | total_pruned =     201 | shape = torch.Size([256])
layer3.0.bn1.bias    | nonzeros =      43 /     256             ( 16.80%) | total_pruned =     213 | shape = torch.Size([256])
layer3.0.conv2.weight | nonzeros =    4758 /  589824             (  0.81%) | total_pruned =  585066 | shape = torch.Size([256, 256, 3, 3])
layer3.0.conv2.bias  | nonzeros =       0 /     256             (  0.00%) | total_pruned =     256 | shape = torch.Size([256])
layer3.0.bn2.weight  | nonzeros =      90 /     256             ( 35.16%) | total_pruned =     166 | shape = torch.Size([256])
layer3.0.bn2.bias    | nonzeros =      69 /     256             ( 26.95%) | total_pruned =     187 | shape = torch.Size([256])
layer3.0.shortcut.0.weight | nonzeros =    1054 /   32768             (  3.22%) | total_pruned =   31714 | shape = torch.Size([256, 128, 1, 1])
layer3.0.shortcut.0.bias | nonzeros =       0 /     256             (  0.00%) | total_pruned =     256 | shape = torch.Size([256])
layer3.0.shortcut.1.weight | nonzeros =      90 /     256             ( 35.16%) | total_pruned =     166 | shape = torch.Size([256])
layer3.0.shortcut.1.bias | nonzeros =      69 /     256             ( 26.95%) | total_pruned =     187 | shape = torch.Size([256])
layer3.1.conv1.weight | nonzeros =    1510 /  589824             (  0.26%) | total_pruned =  588314 | shape = torch.Size([256, 256, 3, 3])
layer3.1.conv1.bias  | nonzeros =       0 /     256             (  0.00%) | total_pruned =     256 | shape = torch.Size([256])
layer3.1.bn1.weight  | nonzeros =      20 /     256             (  7.81%) | total_pruned =     236 | shape = torch.Size([256])
layer3.1.bn1.bias    | nonzeros =      14 /     256             (  5.47%) | total_pruned =     242 | shape = torch.Size([256])
layer3.1.conv2.weight | nonzeros =    1124 /  589824             (  0.19%) | total_pruned =  588700 | shape = torch.Size([256, 256, 3, 3])
layer3.1.conv2.bias  | nonzeros =       0 /     256             (  0.00%) | total_pruned =     256 | shape = torch.Size([256])
layer3.1.bn2.weight  | nonzeros =      52 /     256             ( 20.31%) | total_pruned =     204 | shape = torch.Size([256])
layer3.1.bn2.bias    | nonzeros =      80 /     256             ( 31.25%) | total_pruned =     176 | shape = torch.Size([256])
layer4.0.conv1.weight | nonzeros =    3158 / 1179648             (  0.27%) | total_pruned = 1176490 | shape = torch.Size([512, 256, 3, 3])
layer4.0.conv1.bias  | nonzeros =       0 /     512             (  0.00%) | total_pruned =     512 | shape = torch.Size([512])
layer4.0.bn1.weight  | nonzeros =      39 /     512             (  7.62%) | total_pruned =     473 | shape = torch.Size([512])
layer4.0.bn1.bias    | nonzeros =      33 /     512             (  6.45%) | total_pruned =     479 | shape = torch.Size([512])
layer4.0.conv2.weight | nonzeros =    1078 / 2359296             (  0.05%) | total_pruned = 2358218 | shape = torch.Size([512, 512, 3, 3])
layer4.0.conv2.bias  | nonzeros =       0 /     512             (  0.00%) | total_pruned =     512 | shape = torch.Size([512])
layer4.0.bn2.weight  | nonzeros =      43 /     512             (  8.40%) | total_pruned =     469 | shape = torch.Size([512])
layer4.0.bn2.bias    | nonzeros =      41 /     512             (  8.01%) | total_pruned =     471 | shape = torch.Size([512])
layer4.0.shortcut.0.weight | nonzeros =     397 /  131072             (  0.30%) | total_pruned =  130675 | shape = torch.Size([512, 256, 1, 1])
layer4.0.shortcut.0.bias | nonzeros =       0 /     512             (  0.00%) | total_pruned =     512 | shape = torch.Size([512])
layer4.0.shortcut.1.weight | nonzeros =      33 /     512             (  6.45%) | total_pruned =     479 | shape = torch.Size([512])
layer4.0.shortcut.1.bias | nonzeros =      42 /     512             (  8.20%) | total_pruned =     470 | shape = torch.Size([512])
layer4.1.conv1.weight | nonzeros =     550 / 2359296             (  0.02%) | total_pruned = 2358746 | shape = torch.Size([512, 512, 3, 3])
layer4.1.conv1.bias  | nonzeros =       0 /     512             (  0.00%) | total_pruned =     512 | shape = torch.Size([512])
layer4.1.bn1.weight  | nonzeros =      10 /     512             (  1.95%) | total_pruned =     502 | shape = torch.Size([512])
layer4.1.bn1.bias    | nonzeros =      10 /     512             (  1.95%) | total_pruned =     502 | shape = torch.Size([512])
layer4.1.conv2.weight | nonzeros =      11 / 2359296             (  0.00%) | total_pruned = 2359285 | shape = torch.Size([512, 512, 3, 3])
layer4.1.conv2.bias  | nonzeros =       0 /     512             (  0.00%) | total_pruned =     512 | shape = torch.Size([512])
layer4.1.bn2.weight  | nonzeros =     150 /     512             ( 29.30%) | total_pruned =     362 | shape = torch.Size([512])
layer4.1.bn2.bias    | nonzeros =     102 /     512             ( 19.92%) | total_pruned =     410 | shape = torch.Size([512])
linear.weight        | nonzeros =     443 /    5120             (  8.65%) | total_pruned =    4677 | shape = torch.Size([10, 512])
linear.bias          | nonzeros =       0 /      10             (  0.00%) | total_pruned =      10 | shape = torch.Size([10])
alive: 27165, pruned : 11151597, total: 11178762, Compression rate :     411.51x  ( 99.76% pruned)
Train Epoch: 99/100 Loss: 0.088546 Accuracy: 83.69 99.60 % Best test Accuracy: 84.28%
Pruning with threshold : 0.09435453712940216
Non-zero model percentage: 0.07290609925985336%, Non-zero mask percentage: 0.07290609925985336%

--- Pruning Level [6/8]: ---
conv1.weight         | nonzeros =     337 /    1728             ( 19.50%) | total_pruned =    1391 | shape = torch.Size([64, 3, 3, 3])
conv1.bias           | nonzeros =       0 /      64             (  0.00%) | total_pruned =      64 | shape = torch.Size([64])
bn1.weight           | nonzeros =      27 /      64             ( 42.19%) | total_pruned =      37 | shape = torch.Size([64])
bn1.bias             | nonzeros =      18 /      64             ( 28.12%) | total_pruned =      46 | shape = torch.Size([64])
layer1.0.conv1.weight | nonzeros =     420 /   36864             (  1.14%) | total_pruned =   36444 | shape = torch.Size([64, 64, 3, 3])
layer1.0.conv1.bias  | nonzeros =       0 /      64             (  0.00%) | total_pruned =      64 | shape = torch.Size([64])
layer1.0.bn1.weight  | nonzeros =      24 /      64             ( 37.50%) | total_pruned =      40 | shape = torch.Size([64])
layer1.0.bn1.bias    | nonzeros =       6 /      64             (  9.38%) | total_pruned =      58 | shape = torch.Size([64])
layer1.0.conv2.weight | nonzeros =     539 /   36864             (  1.46%) | total_pruned =   36325 | shape = torch.Size([64, 64, 3, 3])
layer1.0.conv2.bias  | nonzeros =       0 /      64             (  0.00%) | total_pruned =      64 | shape = torch.Size([64])
layer1.0.bn2.weight  | nonzeros =      49 /      64             ( 76.56%) | total_pruned =      15 | shape = torch.Size([64])
layer1.0.bn2.bias    | nonzeros =      19 /      64             ( 29.69%) | total_pruned =      45 | shape = torch.Size([64])
layer1.1.conv1.weight | nonzeros =     103 /   36864             (  0.28%) | total_pruned =   36761 | shape = torch.Size([64, 64, 3, 3])
layer1.1.conv1.bias  | nonzeros =       0 /      64             (  0.00%) | total_pruned =      64 | shape = torch.Size([64])
layer1.1.bn1.weight  | nonzeros =       8 /      64             ( 12.50%) | total_pruned =      56 | shape = torch.Size([64])
layer1.1.bn1.bias    | nonzeros =       3 /      64             (  4.69%) | total_pruned =      61 | shape = torch.Size([64])
layer1.1.conv2.weight | nonzeros =      71 /   36864             (  0.19%) | total_pruned =   36793 | shape = torch.Size([64, 64, 3, 3])
layer1.1.conv2.bias  | nonzeros =       0 /      64             (  0.00%) | total_pruned =      64 | shape = torch.Size([64])
layer1.1.bn2.weight  | nonzeros =      21 /      64             ( 32.81%) | total_pruned =      43 | shape = torch.Size([64])
layer1.1.bn2.bias    | nonzeros =      10 /      64             ( 15.62%) | total_pruned =      54 | shape = torch.Size([64])
layer2.0.conv1.weight | nonzeros =     371 /   73728             (  0.50%) | total_pruned =   73357 | shape = torch.Size([128, 64, 3, 3])
layer2.0.conv1.bias  | nonzeros =       0 /     128             (  0.00%) | total_pruned =     128 | shape = torch.Size([128])
layer2.0.bn1.weight  | nonzeros =      22 /     128             ( 17.19%) | total_pruned =     106 | shape = torch.Size([128])
layer2.0.bn1.bias    | nonzeros =       7 /     128             (  5.47%) | total_pruned =     121 | shape = torch.Size([128])
layer2.0.conv2.weight | nonzeros =     493 /  147456             (  0.33%) | total_pruned =  146963 | shape = torch.Size([128, 128, 3, 3])
layer2.0.conv2.bias  | nonzeros =       0 /     128             (  0.00%) | total_pruned =     128 | shape = torch.Size([128])
layer2.0.bn2.weight  | nonzeros =      59 /     128             ( 46.09%) | total_pruned =      69 | shape = torch.Size([128])
layer2.0.bn2.bias    | nonzeros =       6 /     128             (  4.69%) | total_pruned =     122 | shape = torch.Size([128])
layer2.0.shortcut.0.weight | nonzeros =     351 /    8192             (  4.28%) | total_pruned =    7841 | shape = torch.Size([128, 64, 1, 1])
layer2.0.shortcut.0.bias | nonzeros =       0 /     128             (  0.00%) | total_pruned =     128 | shape = torch.Size([128])
layer2.0.shortcut.1.weight | nonzeros =      67 /     128             ( 52.34%) | total_pruned =      61 | shape = torch.Size([128])
layer2.0.shortcut.1.bias | nonzeros =       6 /     128             (  4.69%) | total_pruned =     122 | shape = torch.Size([128])
layer2.1.conv1.weight | nonzeros =     132 /  147456             (  0.09%) | total_pruned =  147324 | shape = torch.Size([128, 128, 3, 3])
layer2.1.conv1.bias  | nonzeros =       0 /     128             (  0.00%) | total_pruned =     128 | shape = torch.Size([128])
layer2.1.bn1.weight  | nonzeros =      11 /     128             (  8.59%) | total_pruned =     117 | shape = torch.Size([128])
layer2.1.bn1.bias    | nonzeros =       8 /     128             (  6.25%) | total_pruned =     120 | shape = torch.Size([128])
layer2.1.conv2.weight | nonzeros =      91 /  147456             (  0.06%) | total_pruned =  147365 | shape = torch.Size([128, 128, 3, 3])
layer2.1.conv2.bias  | nonzeros =       0 /     128             (  0.00%) | total_pruned =     128 | shape = torch.Size([128])
layer2.1.bn2.weight  | nonzeros =      19 /     128             ( 14.84%) | total_pruned =     109 | shape = torch.Size([128])
layer2.1.bn2.bias    | nonzeros =      13 /     128             ( 10.16%) | total_pruned =     115 | shape = torch.Size([128])
layer3.0.conv1.weight | nonzeros =     879 /  294912             (  0.30%) | total_pruned =  294033 | shape = torch.Size([256, 128, 3, 3])
layer3.0.conv1.bias  | nonzeros =       0 /     256             (  0.00%) | total_pruned =     256 | shape = torch.Size([256])
layer3.0.bn1.weight  | nonzeros =      55 /     256             ( 21.48%) | total_pruned =     201 | shape = torch.Size([256])
layer3.0.bn1.bias    | nonzeros =      19 /     256             (  7.42%) | total_pruned =     237 | shape = torch.Size([256])
layer3.0.conv2.weight | nonzeros =    1128 /  589824             (  0.19%) | total_pruned =  588696 | shape = torch.Size([256, 256, 3, 3])
layer3.0.conv2.bias  | nonzeros =       0 /     256             (  0.00%) | total_pruned =     256 | shape = torch.Size([256])
layer3.0.bn2.weight  | nonzeros =      88 /     256             ( 34.38%) | total_pruned =     168 | shape = torch.Size([256])
layer3.0.bn2.bias    | nonzeros =      35 /     256             ( 13.67%) | total_pruned =     221 | shape = torch.Size([256])
layer3.0.shortcut.0.weight | nonzeros =     255 /   32768             (  0.78%) | total_pruned =   32513 | shape = torch.Size([256, 128, 1, 1])
layer3.0.shortcut.0.bias | nonzeros =       0 /     256             (  0.00%) | total_pruned =     256 | shape = torch.Size([256])
layer3.0.shortcut.1.weight | nonzeros =      67 /     256             ( 26.17%) | total_pruned =     189 | shape = torch.Size([256])
layer3.0.shortcut.1.bias | nonzeros =      35 /     256             ( 13.67%) | total_pruned =     221 | shape = torch.Size([256])
layer3.1.conv1.weight | nonzeros =     455 /  589824             (  0.08%) | total_pruned =  589369 | shape = torch.Size([256, 256, 3, 3])
layer3.1.conv1.bias  | nonzeros =       0 /     256             (  0.00%) | total_pruned =     256 | shape = torch.Size([256])
layer3.1.bn1.weight  | nonzeros =      20 /     256             (  7.81%) | total_pruned =     236 | shape = torch.Size([256])
layer3.1.bn1.bias    | nonzeros =      11 /     256             (  4.30%) | total_pruned =     245 | shape = torch.Size([256])
layer3.1.conv2.weight | nonzeros =     375 /  589824             (  0.06%) | total_pruned =  589449 | shape = torch.Size([256, 256, 3, 3])
layer3.1.conv2.bias  | nonzeros =       0 /     256             (  0.00%) | total_pruned =     256 | shape = torch.Size([256])
layer3.1.bn2.weight  | nonzeros =      50 /     256             ( 19.53%) | total_pruned =     206 | shape = torch.Size([256])
layer3.1.bn2.bias    | nonzeros =      43 /     256             ( 16.80%) | total_pruned =     213 | shape = torch.Size([256])
layer4.0.conv1.weight | nonzeros =     591 / 1179648             (  0.05%) | total_pruned = 1179057 | shape = torch.Size([512, 256, 3, 3])
layer4.0.conv1.bias  | nonzeros =       0 /     512             (  0.00%) | total_pruned =     512 | shape = torch.Size([512])
layer4.0.bn1.weight  | nonzeros =      39 /     512             (  7.62%) | total_pruned =     473 | shape = torch.Size([512])
layer4.0.bn1.bias    | nonzeros =      23 /     512             (  4.49%) | total_pruned =     489 | shape = torch.Size([512])
layer4.0.conv2.weight | nonzeros =     189 / 2359296             (  0.01%) | total_pruned = 2359107 | shape = torch.Size([512, 512, 3, 3])
layer4.0.conv2.bias  | nonzeros =       0 /     512             (  0.00%) | total_pruned =     512 | shape = torch.Size([512])
layer4.0.bn2.weight  | nonzeros =      32 /     512             (  6.25%) | total_pruned =     480 | shape = torch.Size([512])
layer4.0.bn2.bias    | nonzeros =      21 /     512             (  4.10%) | total_pruned =     491 | shape = torch.Size([512])
layer4.0.shortcut.0.weight | nonzeros =      57 /  131072             (  0.04%) | total_pruned =  131015 | shape = torch.Size([512, 256, 1, 1])
layer4.0.shortcut.0.bias | nonzeros =       0 /     512             (  0.00%) | total_pruned =     512 | shape = torch.Size([512])
layer4.0.shortcut.1.weight | nonzeros =      28 /     512             (  5.47%) | total_pruned =     484 | shape = torch.Size([512])
layer4.0.shortcut.1.bias | nonzeros =      21 /     512             (  4.10%) | total_pruned =     491 | shape = torch.Size([512])
layer4.1.conv1.weight | nonzeros =      68 / 2359296             (  0.00%) | total_pruned = 2359228 | shape = torch.Size([512, 512, 3, 3])
layer4.1.conv1.bias  | nonzeros =       0 /     512             (  0.00%) | total_pruned =     512 | shape = torch.Size([512])
layer4.1.bn1.weight  | nonzeros =       4 /     512             (  0.78%) | total_pruned =     508 | shape = torch.Size([512])
layer4.1.bn1.bias    | nonzeros =       2 /     512             (  0.39%) | total_pruned =     510 | shape = torch.Size([512])
layer4.1.conv2.weight | nonzeros =       9 / 2359296             (  0.00%) | total_pruned = 2359287 | shape = torch.Size([512, 512, 3, 3])
layer4.1.conv2.bias  | nonzeros =       0 /     512             (  0.00%) | total_pruned =     512 | shape = torch.Size([512])
layer4.1.bn2.weight  | nonzeros =       8 /     512             (  1.56%) | total_pruned =     504 | shape = torch.Size([512])
layer4.1.bn2.bias    | nonzeros =      28 /     512             (  5.47%) | total_pruned =     484 | shape = torch.Size([512])
linear.weight        | nonzeros =     204 /    5120             (  3.98%) | total_pruned =    4916 | shape = torch.Size([10, 512])
linear.bias          | nonzeros =       0 /      10             (  0.00%) | total_pruned =      10 | shape = torch.Size([10])
alive: 8150, pruned : 11170612, total: 11178762, Compression rate :    1371.63x  ( 99.93% pruned)
Train Epoch: 99/100 Loss: 0.450496 Accuracy: 78.66 86.95 % Best test Accuracy: 79.42%
Pruning with threshold : 0.16376378834247587
Non-zero model percentage: 0.02187183126807213%, Non-zero mask percentage: 0.02187183126807213%

--- Pruning Level [7/8]: ---
conv1.weight         | nonzeros =     194 /    1728             ( 11.23%) | total_pruned =    1534 | shape = torch.Size([64, 3, 3, 3])
conv1.bias           | nonzeros =       0 /      64             (  0.00%) | total_pruned =      64 | shape = torch.Size([64])
bn1.weight           | nonzeros =      20 /      64             ( 31.25%) | total_pruned =      44 | shape = torch.Size([64])
bn1.bias             | nonzeros =      13 /      64             ( 20.31%) | total_pruned =      51 | shape = torch.Size([64])
layer1.0.conv1.weight | nonzeros =     159 /   36864             (  0.43%) | total_pruned =   36705 | shape = torch.Size([64, 64, 3, 3])
layer1.0.conv1.bias  | nonzeros =       0 /      64             (  0.00%) | total_pruned =      64 | shape = torch.Size([64])
layer1.0.bn1.weight  | nonzeros =      24 /      64             ( 37.50%) | total_pruned =      40 | shape = torch.Size([64])
layer1.0.bn1.bias    | nonzeros =       2 /      64             (  3.12%) | total_pruned =      62 | shape = torch.Size([64])
layer1.0.conv2.weight | nonzeros =     152 /   36864             (  0.41%) | total_pruned =   36712 | shape = torch.Size([64, 64, 3, 3])
layer1.0.conv2.bias  | nonzeros =       0 /      64             (  0.00%) | total_pruned =      64 | shape = torch.Size([64])
layer1.0.bn2.weight  | nonzeros =      39 /      64             ( 60.94%) | total_pruned =      25 | shape = torch.Size([64])
layer1.0.bn2.bias    | nonzeros =      16 /      64             ( 25.00%) | total_pruned =      48 | shape = torch.Size([64])
layer1.1.conv1.weight | nonzeros =      37 /   36864             (  0.10%) | total_pruned =   36827 | shape = torch.Size([64, 64, 3, 3])
layer1.1.conv1.bias  | nonzeros =       0 /      64             (  0.00%) | total_pruned =      64 | shape = torch.Size([64])
layer1.1.bn1.weight  | nonzeros =       7 /      64             ( 10.94%) | total_pruned =      57 | shape = torch.Size([64])
layer1.1.bn1.bias    | nonzeros =       0 /      64             (  0.00%) | total_pruned =      64 | shape = torch.Size([64])
layer1.1.conv2.weight | nonzeros =      15 /   36864             (  0.04%) | total_pruned =   36849 | shape = torch.Size([64, 64, 3, 3])
layer1.1.conv2.bias  | nonzeros =       0 /      64             (  0.00%) | total_pruned =      64 | shape = torch.Size([64])
layer1.1.bn2.weight  | nonzeros =      10 /      64             ( 15.62%) | total_pruned =      54 | shape = torch.Size([64])
layer1.1.bn2.bias    | nonzeros =       5 /      64             (  7.81%) | total_pruned =      59 | shape = torch.Size([64])
layer2.0.conv1.weight | nonzeros =     108 /   73728             (  0.15%) | total_pruned =   73620 | shape = torch.Size([128, 64, 3, 3])
layer2.0.conv1.bias  | nonzeros =       0 /     128             (  0.00%) | total_pruned =     128 | shape = torch.Size([128])
layer2.0.bn1.weight  | nonzeros =      21 /     128             ( 16.41%) | total_pruned =     107 | shape = torch.Size([128])
layer2.0.bn1.bias    | nonzeros =       2 /     128             (  1.56%) | total_pruned =     126 | shape = torch.Size([128])
layer2.0.conv2.weight | nonzeros =     107 /  147456             (  0.07%) | total_pruned =  147349 | shape = torch.Size([128, 128, 3, 3])
layer2.0.conv2.bias  | nonzeros =       0 /     128             (  0.00%) | total_pruned =     128 | shape = torch.Size([128])
layer2.0.bn2.weight  | nonzeros =      41 /     128             ( 32.03%) | total_pruned =      87 | shape = torch.Size([128])
layer2.0.bn2.bias    | nonzeros =       1 /     128             (  0.78%) | total_pruned =     127 | shape = torch.Size([128])
layer2.0.shortcut.0.weight | nonzeros =      88 /    8192             (  1.07%) | total_pruned =    8104 | shape = torch.Size([128, 64, 1, 1])
layer2.0.shortcut.0.bias | nonzeros =       0 /     128             (  0.00%) | total_pruned =     128 | shape = torch.Size([128])
layer2.0.shortcut.1.weight | nonzeros =      40 /     128             ( 31.25%) | total_pruned =      88 | shape = torch.Size([128])
layer2.0.shortcut.1.bias | nonzeros =       1 /     128             (  0.78%) | total_pruned =     127 | shape = torch.Size([128])
layer2.1.conv1.weight | nonzeros =      44 /  147456             (  0.03%) | total_pruned =  147412 | shape = torch.Size([128, 128, 3, 3])
layer2.1.conv1.bias  | nonzeros =       0 /     128             (  0.00%) | total_pruned =     128 | shape = torch.Size([128])
layer2.1.bn1.weight  | nonzeros =      10 /     128             (  7.81%) | total_pruned =     118 | shape = torch.Size([128])
layer2.1.bn1.bias    | nonzeros =       1 /     128             (  0.78%) | total_pruned =     127 | shape = torch.Size([128])
layer2.1.conv2.weight | nonzeros =      21 /  147456             (  0.01%) | total_pruned =  147435 | shape = torch.Size([128, 128, 3, 3])
layer2.1.conv2.bias  | nonzeros =       0 /     128             (  0.00%) | total_pruned =     128 | shape = torch.Size([128])
layer2.1.bn2.weight  | nonzeros =      10 /     128             (  7.81%) | total_pruned =     118 | shape = torch.Size([128])
layer2.1.bn2.bias    | nonzeros =       2 /     128             (  1.56%) | total_pruned =     126 | shape = torch.Size([128])
layer3.0.conv1.weight | nonzeros =     168 /  294912             (  0.06%) | total_pruned =  294744 | shape = torch.Size([256, 128, 3, 3])
layer3.0.conv1.bias  | nonzeros =       0 /     256             (  0.00%) | total_pruned =     256 | shape = torch.Size([256])
layer3.0.bn1.weight  | nonzeros =      51 /     256             ( 19.92%) | total_pruned =     205 | shape = torch.Size([256])
layer3.0.bn1.bias    | nonzeros =       3 /     256             (  1.17%) | total_pruned =     253 | shape = torch.Size([256])
layer3.0.conv2.weight | nonzeros =     226 /  589824             (  0.04%) | total_pruned =  589598 | shape = torch.Size([256, 256, 3, 3])
layer3.0.conv2.bias  | nonzeros =       0 /     256             (  0.00%) | total_pruned =     256 | shape = torch.Size([256])
layer3.0.bn2.weight  | nonzeros =      74 /     256             ( 28.91%) | total_pruned =     182 | shape = torch.Size([256])
layer3.0.bn2.bias    | nonzeros =       6 /     256             (  2.34%) | total_pruned =     250 | shape = torch.Size([256])
layer3.0.shortcut.0.weight | nonzeros =      27 /   32768             (  0.08%) | total_pruned =   32741 | shape = torch.Size([256, 128, 1, 1])
layer3.0.shortcut.0.bias | nonzeros =       0 /     256             (  0.00%) | total_pruned =     256 | shape = torch.Size([256])
layer3.0.shortcut.1.weight | nonzeros =      15 /     256             (  5.86%) | total_pruned =     241 | shape = torch.Size([256])
layer3.0.shortcut.1.bias | nonzeros =       6 /     256             (  2.34%) | total_pruned =     250 | shape = torch.Size([256])
layer3.1.conv1.weight | nonzeros =     123 /  589824             (  0.02%) | total_pruned =  589701 | shape = torch.Size([256, 256, 3, 3])
layer3.1.conv1.bias  | nonzeros =       0 /     256             (  0.00%) | total_pruned =     256 | shape = torch.Size([256])
layer3.1.bn1.weight  | nonzeros =      20 /     256             (  7.81%) | total_pruned =     236 | shape = torch.Size([256])
layer3.1.bn1.bias    | nonzeros =       5 /     256             (  1.95%) | total_pruned =     251 | shape = torch.Size([256])
layer3.1.conv2.weight | nonzeros =      87 /  589824             (  0.01%) | total_pruned =  589737 | shape = torch.Size([256, 256, 3, 3])
layer3.1.conv2.bias  | nonzeros =       0 /     256             (  0.00%) | total_pruned =     256 | shape = torch.Size([256])
layer3.1.bn2.weight  | nonzeros =      34 /     256             ( 13.28%) | total_pruned =     222 | shape = torch.Size([256])
layer3.1.bn2.bias    | nonzeros =      11 /     256             (  4.30%) | total_pruned =     245 | shape = torch.Size([256])
layer4.0.conv1.weight | nonzeros =      98 / 1179648             (  0.01%) | total_pruned = 1179550 | shape = torch.Size([512, 256, 3, 3])
layer4.0.conv1.bias  | nonzeros =       0 /     512             (  0.00%) | total_pruned =     512 | shape = torch.Size([512])
layer4.0.bn1.weight  | nonzeros =      33 /     512             (  6.45%) | total_pruned =     479 | shape = torch.Size([512])
layer4.0.bn1.bias    | nonzeros =       1 /     512             (  0.20%) | total_pruned =     511 | shape = torch.Size([512])
layer4.0.conv2.weight | nonzeros =      28 / 2359296             (  0.00%) | total_pruned = 2359268 | shape = torch.Size([512, 512, 3, 3])
layer4.0.conv2.bias  | nonzeros =       0 /     512             (  0.00%) | total_pruned =     512 | shape = torch.Size([512])
layer4.0.bn2.weight  | nonzeros =      28 /     512             (  5.47%) | total_pruned =     484 | shape = torch.Size([512])
layer4.0.bn2.bias    | nonzeros =      13 /     512             (  2.54%) | total_pruned =     499 | shape = torch.Size([512])
layer4.0.shortcut.0.weight | nonzeros =       3 /  131072             (  0.00%) | total_pruned =  131069 | shape = torch.Size([512, 256, 1, 1])
layer4.0.shortcut.0.bias | nonzeros =       0 /     512             (  0.00%) | total_pruned =     512 | shape = torch.Size([512])
layer4.0.shortcut.1.weight | nonzeros =      18 /     512             (  3.52%) | total_pruned =     494 | shape = torch.Size([512])
layer4.0.shortcut.1.bias | nonzeros =      13 /     512             (  2.54%) | total_pruned =     499 | shape = torch.Size([512])
layer4.1.conv1.weight | nonzeros =      21 / 2359296             (  0.00%) | total_pruned = 2359275 | shape = torch.Size([512, 512, 3, 3])
layer4.1.conv1.bias  | nonzeros =       0 /     512             (  0.00%) | total_pruned =     512 | shape = torch.Size([512])
layer4.1.bn1.weight  | nonzeros =       4 /     512             (  0.78%) | total_pruned =     508 | shape = torch.Size([512])
layer4.1.bn1.bias    | nonzeros =       1 /     512             (  0.20%) | total_pruned =     511 | shape = torch.Size([512])
layer4.1.conv2.weight | nonzeros =       3 / 2359296             (  0.00%) | total_pruned = 2359293 | shape = torch.Size([512, 512, 3, 3])
layer4.1.conv2.bias  | nonzeros =       0 /     512             (  0.00%) | total_pruned =     512 | shape = torch.Size([512])
layer4.1.bn2.weight  | nonzeros =       8 /     512             (  1.56%) | total_pruned =     504 | shape = torch.Size([512])
layer4.1.bn2.bias    | nonzeros =       7 /     512             (  1.37%) | total_pruned =     505 | shape = torch.Size([512])
linear.weight        | nonzeros =     120 /    5120             (  2.34%) | total_pruned =    5000 | shape = torch.Size([10, 512])
linear.bias          | nonzeros =       0 /      10             (  0.00%) | total_pruned =      10 | shape = torch.Size([10])
alive: 2445, pruned : 11176317, total: 11178762, Compression rate :    4572.09x  ( 99.98% pruned)
Train Epoch: 99/100 Loss: 1.066164 Accuracy: 57.58 59.52 % Best test Accuracy: 58.82%
