Files already downloaded and verified
Files already downloaded and verified
Files already downloaded and verified
Non-zero model percentage: 99.95706176757812%, Non-zero mask percentage: 99.99999237060547%

--- Pruning Level [0/8]: ---
conv1.weight         | nonzeros =    1728 /    1728             (100.00%) | total_pruned =       0 | shape = torch.Size([64, 3, 3, 3])
conv1.bias           | nonzeros =      64 /      64             (100.00%) | total_pruned =       0 | shape = torch.Size([64])
bn1.weight           | nonzeros =      64 /      64             (100.00%) | total_pruned =       0 | shape = torch.Size([64])
bn1.bias             | nonzeros =       0 /      64             (  0.00%) | total_pruned =      64 | shape = torch.Size([64])
layer1.0.conv1.weight | nonzeros =   36864 /   36864             (100.00%) | total_pruned =       0 | shape = torch.Size([64, 64, 3, 3])
layer1.0.conv1.bias  | nonzeros =      64 /      64             (100.00%) | total_pruned =       0 | shape = torch.Size([64])
layer1.0.bn1.weight  | nonzeros =      64 /      64             (100.00%) | total_pruned =       0 | shape = torch.Size([64])
layer1.0.bn1.bias    | nonzeros =       0 /      64             (  0.00%) | total_pruned =      64 | shape = torch.Size([64])
layer1.0.conv2.weight | nonzeros =   36864 /   36864             (100.00%) | total_pruned =       0 | shape = torch.Size([64, 64, 3, 3])
layer1.0.conv2.bias  | nonzeros =      64 /      64             (100.00%) | total_pruned =       0 | shape = torch.Size([64])
layer1.0.bn2.weight  | nonzeros =      64 /      64             (100.00%) | total_pruned =       0 | shape = torch.Size([64])
layer1.0.bn2.bias    | nonzeros =       0 /      64             (  0.00%) | total_pruned =      64 | shape = torch.Size([64])
layer1.1.conv1.weight | nonzeros =   36864 /   36864             (100.00%) | total_pruned =       0 | shape = torch.Size([64, 64, 3, 3])
layer1.1.conv1.bias  | nonzeros =      64 /      64             (100.00%) | total_pruned =       0 | shape = torch.Size([64])
layer1.1.bn1.weight  | nonzeros =      64 /      64             (100.00%) | total_pruned =       0 | shape = torch.Size([64])
layer1.1.bn1.bias    | nonzeros =       0 /      64             (  0.00%) | total_pruned =      64 | shape = torch.Size([64])
layer1.1.conv2.weight | nonzeros =   36864 /   36864             (100.00%) | total_pruned =       0 | shape = torch.Size([64, 64, 3, 3])
layer1.1.conv2.bias  | nonzeros =      64 /      64             (100.00%) | total_pruned =       0 | shape = torch.Size([64])
layer1.1.bn2.weight  | nonzeros =      64 /      64             (100.00%) | total_pruned =       0 | shape = torch.Size([64])
layer1.1.bn2.bias    | nonzeros =       0 /      64             (  0.00%) | total_pruned =      64 | shape = torch.Size([64])
layer2.0.conv1.weight | nonzeros =   73728 /   73728             (100.00%) | total_pruned =       0 | shape = torch.Size([128, 64, 3, 3])
layer2.0.conv1.bias  | nonzeros =     128 /     128             (100.00%) | total_pruned =       0 | shape = torch.Size([128])
layer2.0.bn1.weight  | nonzeros =     128 /     128             (100.00%) | total_pruned =       0 | shape = torch.Size([128])
layer2.0.bn1.bias    | nonzeros =       0 /     128             (  0.00%) | total_pruned =     128 | shape = torch.Size([128])
layer2.0.conv2.weight | nonzeros =  147456 /  147456             (100.00%) | total_pruned =       0 | shape = torch.Size([128, 128, 3, 3])
layer2.0.conv2.bias  | nonzeros =     128 /     128             (100.00%) | total_pruned =       0 | shape = torch.Size([128])
layer2.0.bn2.weight  | nonzeros =     128 /     128             (100.00%) | total_pruned =       0 | shape = torch.Size([128])
layer2.0.bn2.bias    | nonzeros =       0 /     128             (  0.00%) | total_pruned =     128 | shape = torch.Size([128])
layer2.0.shortcut.0.weight | nonzeros =    8192 /    8192             (100.00%) | total_pruned =       0 | shape = torch.Size([128, 64, 1, 1])
layer2.0.shortcut.0.bias | nonzeros =     128 /     128             (100.00%) | total_pruned =       0 | shape = torch.Size([128])
layer2.0.shortcut.1.weight | nonzeros =     128 /     128             (100.00%) | total_pruned =       0 | shape = torch.Size([128])
layer2.0.shortcut.1.bias | nonzeros =       0 /     128             (  0.00%) | total_pruned =     128 | shape = torch.Size([128])
layer2.1.conv1.weight | nonzeros =  147456 /  147456             (100.00%) | total_pruned =       0 | shape = torch.Size([128, 128, 3, 3])
layer2.1.conv1.bias  | nonzeros =     128 /     128             (100.00%) | total_pruned =       0 | shape = torch.Size([128])
layer2.1.bn1.weight  | nonzeros =     128 /     128             (100.00%) | total_pruned =       0 | shape = torch.Size([128])
layer2.1.bn1.bias    | nonzeros =       0 /     128             (  0.00%) | total_pruned =     128 | shape = torch.Size([128])
layer2.1.conv2.weight | nonzeros =  147456 /  147456             (100.00%) | total_pruned =       0 | shape = torch.Size([128, 128, 3, 3])
layer2.1.conv2.bias  | nonzeros =     128 /     128             (100.00%) | total_pruned =       0 | shape = torch.Size([128])
layer2.1.bn2.weight  | nonzeros =     128 /     128             (100.00%) | total_pruned =       0 | shape = torch.Size([128])
layer2.1.bn2.bias    | nonzeros =       0 /     128             (  0.00%) | total_pruned =     128 | shape = torch.Size([128])
layer3.0.conv1.weight | nonzeros =  294912 /  294912             (100.00%) | total_pruned =       0 | shape = torch.Size([256, 128, 3, 3])
layer3.0.conv1.bias  | nonzeros =     256 /     256             (100.00%) | total_pruned =       0 | shape = torch.Size([256])
layer3.0.bn1.weight  | nonzeros =     256 /     256             (100.00%) | total_pruned =       0 | shape = torch.Size([256])
layer3.0.bn1.bias    | nonzeros =       0 /     256             (  0.00%) | total_pruned =     256 | shape = torch.Size([256])
layer3.0.conv2.weight | nonzeros =  589824 /  589824             (100.00%) | total_pruned =       0 | shape = torch.Size([256, 256, 3, 3])
layer3.0.conv2.bias  | nonzeros =     256 /     256             (100.00%) | total_pruned =       0 | shape = torch.Size([256])
layer3.0.bn2.weight  | nonzeros =     256 /     256             (100.00%) | total_pruned =       0 | shape = torch.Size([256])
layer3.0.bn2.bias    | nonzeros =       0 /     256             (  0.00%) | total_pruned =     256 | shape = torch.Size([256])
layer3.0.shortcut.0.weight | nonzeros =   32768 /   32768             (100.00%) | total_pruned =       0 | shape = torch.Size([256, 128, 1, 1])
layer3.0.shortcut.0.bias | nonzeros =     256 /     256             (100.00%) | total_pruned =       0 | shape = torch.Size([256])
layer3.0.shortcut.1.weight | nonzeros =     256 /     256             (100.00%) | total_pruned =       0 | shape = torch.Size([256])
layer3.0.shortcut.1.bias | nonzeros =       0 /     256             (  0.00%) | total_pruned =     256 | shape = torch.Size([256])
layer3.1.conv1.weight | nonzeros =  589824 /  589824             (100.00%) | total_pruned =       0 | shape = torch.Size([256, 256, 3, 3])
layer3.1.conv1.bias  | nonzeros =     256 /     256             (100.00%) | total_pruned =       0 | shape = torch.Size([256])
layer3.1.bn1.weight  | nonzeros =     256 /     256             (100.00%) | total_pruned =       0 | shape = torch.Size([256])
layer3.1.bn1.bias    | nonzeros =       0 /     256             (  0.00%) | total_pruned =     256 | shape = torch.Size([256])
layer3.1.conv2.weight | nonzeros =  589824 /  589824             (100.00%) | total_pruned =       0 | shape = torch.Size([256, 256, 3, 3])
layer3.1.conv2.bias  | nonzeros =     256 /     256             (100.00%) | total_pruned =       0 | shape = torch.Size([256])
layer3.1.bn2.weight  | nonzeros =     256 /     256             (100.00%) | total_pruned =       0 | shape = torch.Size([256])
layer3.1.bn2.bias    | nonzeros =       0 /     256             (  0.00%) | total_pruned =     256 | shape = torch.Size([256])
layer4.0.conv1.weight | nonzeros = 1179648 / 1179648             (100.00%) | total_pruned =       0 | shape = torch.Size([512, 256, 3, 3])
layer4.0.conv1.bias  | nonzeros =     512 /     512             (100.00%) | total_pruned =       0 | shape = torch.Size([512])
layer4.0.bn1.weight  | nonzeros =     512 /     512             (100.00%) | total_pruned =       0 | shape = torch.Size([512])
layer4.0.bn1.bias    | nonzeros =       0 /     512             (  0.00%) | total_pruned =     512 | shape = torch.Size([512])
layer4.0.conv2.weight | nonzeros = 2359296 / 2359296             (100.00%) | total_pruned =       0 | shape = torch.Size([512, 512, 3, 3])
layer4.0.conv2.bias  | nonzeros =     512 /     512             (100.00%) | total_pruned =       0 | shape = torch.Size([512])
layer4.0.bn2.weight  | nonzeros =     512 /     512             (100.00%) | total_pruned =       0 | shape = torch.Size([512])
layer4.0.bn2.bias    | nonzeros =       0 /     512             (  0.00%) | total_pruned =     512 | shape = torch.Size([512])
layer4.0.shortcut.0.weight | nonzeros =  131072 /  131072             (100.00%) | total_pruned =       0 | shape = torch.Size([512, 256, 1, 1])
layer4.0.shortcut.0.bias | nonzeros =     512 /     512             (100.00%) | total_pruned =       0 | shape = torch.Size([512])
layer4.0.shortcut.1.weight | nonzeros =     512 /     512             (100.00%) | total_pruned =       0 | shape = torch.Size([512])
layer4.0.shortcut.1.bias | nonzeros =       0 /     512             (  0.00%) | total_pruned =     512 | shape = torch.Size([512])
layer4.1.conv1.weight | nonzeros = 2359296 / 2359296             (100.00%) | total_pruned =       0 | shape = torch.Size([512, 512, 3, 3])
layer4.1.conv1.bias  | nonzeros =     512 /     512             (100.00%) | total_pruned =       0 | shape = torch.Size([512])
layer4.1.bn1.weight  | nonzeros =     512 /     512             (100.00%) | total_pruned =       0 | shape = torch.Size([512])
layer4.1.bn1.bias    | nonzeros =       0 /     512             (  0.00%) | total_pruned =     512 | shape = torch.Size([512])
layer4.1.conv2.weight | nonzeros = 2359296 / 2359296             (100.00%) | total_pruned =       0 | shape = torch.Size([512, 512, 3, 3])
layer4.1.conv2.bias  | nonzeros =     512 /     512             (100.00%) | total_pruned =       0 | shape = torch.Size([512])
layer4.1.bn2.weight  | nonzeros =     512 /     512             (100.00%) | total_pruned =       0 | shape = torch.Size([512])
layer4.1.bn2.bias    | nonzeros =       0 /     512             (  0.00%) | total_pruned =     512 | shape = torch.Size([512])
linear.weight        | nonzeros =    5120 /    5120             (100.00%) | total_pruned =       0 | shape = torch.Size([10, 512])
linear.bias          | nonzeros =      10 /      10             (100.00%) | total_pruned =       0 | shape = torch.Size([10])
alive: 11173962, pruned : 4800, total: 11178762, Compression rate :       1.00x  (  0.04% pruned)
Train Epoch: 73/100 Loss: 0.000200 Accuracy: 82.38 100.00 % Best test Accuracy: 82.44%
Pruning with threshold : 0.06824693605303764
Non-zero model percentage: 30.000001907348633%, Non-zero mask percentage: 30.000001907348633%

--- Pruning Level [1/8]: ---
conv1.weight         | nonzeros =    1258 /    1728             ( 72.80%) | total_pruned =     470 | shape = torch.Size([64, 3, 3, 3])
conv1.bias           | nonzeros =      43 /      64             ( 67.19%) | total_pruned =      21 | shape = torch.Size([64])
bn1.weight           | nonzeros =      64 /      64             (100.00%) | total_pruned =       0 | shape = torch.Size([64])
bn1.bias             | nonzeros =      48 /      64             ( 75.00%) | total_pruned =      16 | shape = torch.Size([64])
layer1.0.conv1.weight | nonzeros =   13629 /   36864             ( 36.97%) | total_pruned =   23235 | shape = torch.Size([64, 64, 3, 3])
layer1.0.conv1.bias  | nonzeros =       0 /      64             (  0.00%) | total_pruned =      64 | shape = torch.Size([64])
layer1.0.bn1.weight  | nonzeros =      64 /      64             (100.00%) | total_pruned =       0 | shape = torch.Size([64])
layer1.0.bn1.bias    | nonzeros =      62 /      64             ( 96.88%) | total_pruned =       2 | shape = torch.Size([64])
layer1.0.conv2.weight | nonzeros =   13190 /   36864             ( 35.78%) | total_pruned =   23674 | shape = torch.Size([64, 64, 3, 3])
layer1.0.conv2.bias  | nonzeros =       0 /      64             (  0.00%) | total_pruned =      64 | shape = torch.Size([64])
layer1.0.bn2.weight  | nonzeros =      64 /      64             (100.00%) | total_pruned =       0 | shape = torch.Size([64])
layer1.0.bn2.bias    | nonzeros =      45 /      64             ( 70.31%) | total_pruned =      19 | shape = torch.Size([64])
layer1.1.conv1.weight | nonzeros =   11742 /   36864             ( 31.85%) | total_pruned =   25122 | shape = torch.Size([64, 64, 3, 3])
layer1.1.conv1.bias  | nonzeros =       0 /      64             (  0.00%) | total_pruned =      64 | shape = torch.Size([64])
layer1.1.bn1.weight  | nonzeros =      64 /      64             (100.00%) | total_pruned =       0 | shape = torch.Size([64])
layer1.1.bn1.bias    | nonzeros =      47 /      64             ( 73.44%) | total_pruned =      17 | shape = torch.Size([64])
layer1.1.conv2.weight | nonzeros =   12072 /   36864             ( 32.75%) | total_pruned =   24792 | shape = torch.Size([64, 64, 3, 3])
layer1.1.conv2.bias  | nonzeros =       0 /      64             (  0.00%) | total_pruned =      64 | shape = torch.Size([64])
layer1.1.bn2.weight  | nonzeros =      64 /      64             (100.00%) | total_pruned =       0 | shape = torch.Size([64])
layer1.1.bn2.bias    | nonzeros =      54 /      64             ( 84.38%) | total_pruned =      10 | shape = torch.Size([64])
layer2.0.conv1.weight | nonzeros =   24967 /   73728             ( 33.86%) | total_pruned =   48761 | shape = torch.Size([128, 64, 3, 3])
layer2.0.conv1.bias  | nonzeros =       0 /     128             (  0.00%) | total_pruned =     128 | shape = torch.Size([128])
layer2.0.bn1.weight  | nonzeros =     128 /     128             (100.00%) | total_pruned =       0 | shape = torch.Size([128])
layer2.0.bn1.bias    | nonzeros =     120 /     128             ( 93.75%) | total_pruned =       8 | shape = torch.Size([128])
layer2.0.conv2.weight | nonzeros =   48401 /  147456             ( 32.82%) | total_pruned =   99055 | shape = torch.Size([128, 128, 3, 3])
layer2.0.conv2.bias  | nonzeros =       0 /     128             (  0.00%) | total_pruned =     128 | shape = torch.Size([128])
layer2.0.bn2.weight  | nonzeros =     128 /     128             (100.00%) | total_pruned =       0 | shape = torch.Size([128])
layer2.0.bn2.bias    | nonzeros =      96 /     128             ( 75.00%) | total_pruned =      32 | shape = torch.Size([128])
layer2.0.shortcut.0.weight | nonzeros =    4996 /    8192             ( 60.99%) | total_pruned =    3196 | shape = torch.Size([128, 64, 1, 1])
layer2.0.shortcut.0.bias | nonzeros =      55 /     128             ( 42.97%) | total_pruned =      73 | shape = torch.Size([128])
layer2.0.shortcut.1.weight | nonzeros =     128 /     128             (100.00%) | total_pruned =       0 | shape = torch.Size([128])
layer2.0.shortcut.1.bias | nonzeros =      96 /     128             ( 75.00%) | total_pruned =      32 | shape = torch.Size([128])
layer2.1.conv1.weight | nonzeros =   33506 /  147456             ( 22.72%) | total_pruned =  113950 | shape = torch.Size([128, 128, 3, 3])
layer2.1.conv1.bias  | nonzeros =       0 /     128             (  0.00%) | total_pruned =     128 | shape = torch.Size([128])
layer2.1.bn1.weight  | nonzeros =     128 /     128             (100.00%) | total_pruned =       0 | shape = torch.Size([128])
layer2.1.bn1.bias    | nonzeros =     107 /     128             ( 83.59%) | total_pruned =      21 | shape = torch.Size([128])
layer2.1.conv2.weight | nonzeros =   32990 /  147456             ( 22.37%) | total_pruned =  114466 | shape = torch.Size([128, 128, 3, 3])
layer2.1.conv2.bias  | nonzeros =       0 /     128             (  0.00%) | total_pruned =     128 | shape = torch.Size([128])
layer2.1.bn2.weight  | nonzeros =     128 /     128             (100.00%) | total_pruned =       0 | shape = torch.Size([128])
layer2.1.bn2.bias    | nonzeros =     108 /     128             ( 84.38%) | total_pruned =      20 | shape = torch.Size([128])
layer3.0.conv1.weight | nonzeros =  115684 /  294912             ( 39.23%) | total_pruned =  179228 | shape = torch.Size([256, 128, 3, 3])
layer3.0.conv1.bias  | nonzeros =       0 /     256             (  0.00%) | total_pruned =     256 | shape = torch.Size([256])
layer3.0.bn1.weight  | nonzeros =     256 /     256             (100.00%) | total_pruned =       0 | shape = torch.Size([256])
layer3.0.bn1.bias    | nonzeros =     255 /     256             ( 99.61%) | total_pruned =       1 | shape = torch.Size([256])
layer3.0.conv2.weight | nonzeros =  250616 /  589824             ( 42.49%) | total_pruned =  339208 | shape = torch.Size([256, 256, 3, 3])
layer3.0.conv2.bias  | nonzeros =       0 /     256             (  0.00%) | total_pruned =     256 | shape = torch.Size([256])
layer3.0.bn2.weight  | nonzeros =     256 /     256             (100.00%) | total_pruned =       0 | shape = torch.Size([256])
layer3.0.bn2.bias    | nonzeros =     250 /     256             ( 97.66%) | total_pruned =       6 | shape = torch.Size([256])
layer3.0.shortcut.0.weight | nonzeros =   18289 /   32768             ( 55.81%) | total_pruned =   14479 | shape = torch.Size([256, 128, 1, 1])
layer3.0.shortcut.0.bias | nonzeros =      72 /     256             ( 28.12%) | total_pruned =     184 | shape = torch.Size([256])
layer3.0.shortcut.1.weight | nonzeros =     256 /     256             (100.00%) | total_pruned =       0 | shape = torch.Size([256])
layer3.0.shortcut.1.bias | nonzeros =     250 /     256             ( 97.66%) | total_pruned =       6 | shape = torch.Size([256])
layer3.1.conv1.weight | nonzeros =  143433 /  589824             ( 24.32%) | total_pruned =  446391 | shape = torch.Size([256, 256, 3, 3])
layer3.1.conv1.bias  | nonzeros =       0 /     256             (  0.00%) | total_pruned =     256 | shape = torch.Size([256])
layer3.1.bn1.weight  | nonzeros =     256 /     256             (100.00%) | total_pruned =       0 | shape = torch.Size([256])
layer3.1.bn1.bias    | nonzeros =     247 /     256             ( 96.48%) | total_pruned =       9 | shape = torch.Size([256])
layer3.1.conv2.weight | nonzeros =  151774 /  589824             ( 25.73%) | total_pruned =  438050 | shape = torch.Size([256, 256, 3, 3])
layer3.1.conv2.bias  | nonzeros =       0 /     256             (  0.00%) | total_pruned =     256 | shape = torch.Size([256])
layer3.1.bn2.weight  | nonzeros =     256 /     256             (100.00%) | total_pruned =       0 | shape = torch.Size([256])
layer3.1.bn2.bias    | nonzeros =     240 /     256             ( 93.75%) | total_pruned =      16 | shape = torch.Size([256])
layer4.0.conv1.weight | nonzeros =  455354 / 1179648             ( 38.60%) | total_pruned =  724294 | shape = torch.Size([512, 256, 3, 3])
layer4.0.conv1.bias  | nonzeros =       0 /     512             (  0.00%) | total_pruned =     512 | shape = torch.Size([512])
layer4.0.bn1.weight  | nonzeros =     512 /     512             (100.00%) | total_pruned =       0 | shape = torch.Size([512])
layer4.0.bn1.bias    | nonzeros =     512 /     512             (100.00%) | total_pruned =       0 | shape = torch.Size([512])
layer4.0.conv2.weight | nonzeros =  713124 / 2359296             ( 30.23%) | total_pruned = 1646172 | shape = torch.Size([512, 512, 3, 3])
layer4.0.conv2.bias  | nonzeros =       0 /     512             (  0.00%) | total_pruned =     512 | shape = torch.Size([512])
layer4.0.bn2.weight  | nonzeros =     512 /     512             (100.00%) | total_pruned =       0 | shape = torch.Size([512])
layer4.0.bn2.bias    | nonzeros =     510 /     512             ( 99.61%) | total_pruned =       2 | shape = torch.Size([512])
layer4.0.shortcut.0.weight | nonzeros =   64482 /  131072             ( 49.20%) | total_pruned =   66590 | shape = torch.Size([512, 256, 1, 1])
layer4.0.shortcut.0.bias | nonzeros =       0 /     512             (  0.00%) | total_pruned =     512 | shape = torch.Size([512])
layer4.0.shortcut.1.weight | nonzeros =     512 /     512             (100.00%) | total_pruned =       0 | shape = torch.Size([512])
layer4.0.shortcut.1.bias | nonzeros =     510 /     512             ( 99.61%) | total_pruned =       2 | shape = torch.Size([512])
layer4.1.conv1.weight | nonzeros =  776103 / 2359296             ( 32.90%) | total_pruned = 1583193 | shape = torch.Size([512, 512, 3, 3])
layer4.1.conv1.bias  | nonzeros =       0 /     512             (  0.00%) | total_pruned =     512 | shape = torch.Size([512])
layer4.1.bn1.weight  | nonzeros =     512 /     512             (100.00%) | total_pruned =       0 | shape = torch.Size([512])
layer4.1.bn1.bias    | nonzeros =     512 /     512             (100.00%) | total_pruned =       0 | shape = torch.Size([512])
layer4.1.conv2.weight | nonzeros =  456975 / 2359296             ( 19.37%) | total_pruned = 1902321 | shape = torch.Size([512, 512, 3, 3])
layer4.1.conv2.bias  | nonzeros =       0 /     512             (  0.00%) | total_pruned =     512 | shape = torch.Size([512])
layer4.1.bn2.weight  | nonzeros =     512 /     512             (100.00%) | total_pruned =       0 | shape = torch.Size([512])
layer4.1.bn2.bias    | nonzeros =     166 /     512             ( 32.42%) | total_pruned =     346 | shape = torch.Size([512])
linear.weight        | nonzeros =    1839 /    5120             ( 35.92%) | total_pruned =    3281 | shape = torch.Size([10, 512])
linear.bias          | nonzeros =       0 /      10             (  0.00%) | total_pruned =      10 | shape = torch.Size([10])
alive: 3353629, pruned : 7825133, total: 11178762, Compression rate :       3.33x  ( 70.00% pruned)
Train Epoch: 30/100 Loss: 0.000058 Accuracy: 82.96 100.00 % Best test Accuracy: 82.99%
Pruning with threshold : 0.1733906596899032
Non-zero model percentage: 9.000003814697266%, Non-zero mask percentage: 9.000003814697266%

--- Pruning Level [2/8]: ---
conv1.weight         | nonzeros =     592 /    1728             ( 34.26%) | total_pruned =    1136 | shape = torch.Size([64, 3, 3, 3])
conv1.bias           | nonzeros =      14 /      64             ( 21.88%) | total_pruned =      50 | shape = torch.Size([64])
bn1.weight           | nonzeros =      64 /      64             (100.00%) | total_pruned =       0 | shape = torch.Size([64])
bn1.bias             | nonzeros =      30 /      64             ( 46.88%) | total_pruned =      34 | shape = torch.Size([64])
layer1.0.conv1.weight | nonzeros =    3555 /   36864             (  9.64%) | total_pruned =   33309 | shape = torch.Size([64, 64, 3, 3])
layer1.0.conv1.bias  | nonzeros =       0 /      64             (  0.00%) | total_pruned =      64 | shape = torch.Size([64])
layer1.0.bn1.weight  | nonzeros =      64 /      64             (100.00%) | total_pruned =       0 | shape = torch.Size([64])
layer1.0.bn1.bias    | nonzeros =      48 /      64             ( 75.00%) | total_pruned =      16 | shape = torch.Size([64])
layer1.0.conv2.weight | nonzeros =    3206 /   36864             (  8.70%) | total_pruned =   33658 | shape = torch.Size([64, 64, 3, 3])
layer1.0.conv2.bias  | nonzeros =       0 /      64             (  0.00%) | total_pruned =      64 | shape = torch.Size([64])
layer1.0.bn2.weight  | nonzeros =      64 /      64             (100.00%) | total_pruned =       0 | shape = torch.Size([64])
layer1.0.bn2.bias    | nonzeros =      20 /      64             ( 31.25%) | total_pruned =      44 | shape = torch.Size([64])
layer1.1.conv1.weight | nonzeros =    2382 /   36864             (  6.46%) | total_pruned =   34482 | shape = torch.Size([64, 64, 3, 3])
layer1.1.conv1.bias  | nonzeros =       0 /      64             (  0.00%) | total_pruned =      64 | shape = torch.Size([64])
layer1.1.bn1.weight  | nonzeros =      64 /      64             (100.00%) | total_pruned =       0 | shape = torch.Size([64])
layer1.1.bn1.bias    | nonzeros =      15 /      64             ( 23.44%) | total_pruned =      49 | shape = torch.Size([64])
layer1.1.conv2.weight | nonzeros =    2406 /   36864             (  6.53%) | total_pruned =   34458 | shape = torch.Size([64, 64, 3, 3])
layer1.1.conv2.bias  | nonzeros =       0 /      64             (  0.00%) | total_pruned =      64 | shape = torch.Size([64])
layer1.1.bn2.weight  | nonzeros =      64 /      64             (100.00%) | total_pruned =       0 | shape = torch.Size([64])
layer1.1.bn2.bias    | nonzeros =      34 /      64             ( 53.12%) | total_pruned =      30 | shape = torch.Size([64])
layer2.0.conv1.weight | nonzeros =    5901 /   73728             (  8.00%) | total_pruned =   67827 | shape = torch.Size([128, 64, 3, 3])
layer2.0.conv1.bias  | nonzeros =       0 /     128             (  0.00%) | total_pruned =     128 | shape = torch.Size([128])
layer2.0.bn1.weight  | nonzeros =     128 /     128             (100.00%) | total_pruned =       0 | shape = torch.Size([128])
layer2.0.bn1.bias    | nonzeros =      96 /     128             ( 75.00%) | total_pruned =      32 | shape = torch.Size([128])
layer2.0.conv2.weight | nonzeros =   12552 /  147456             (  8.51%) | total_pruned =  134904 | shape = torch.Size([128, 128, 3, 3])
layer2.0.conv2.bias  | nonzeros =       0 /     128             (  0.00%) | total_pruned =     128 | shape = torch.Size([128])
layer2.0.bn2.weight  | nonzeros =     128 /     128             (100.00%) | total_pruned =       0 | shape = torch.Size([128])
layer2.0.bn2.bias    | nonzeros =      57 /     128             ( 44.53%) | total_pruned =      71 | shape = torch.Size([128])
layer2.0.shortcut.0.weight | nonzeros =    1906 /    8192             ( 23.27%) | total_pruned =    6286 | shape = torch.Size([128, 64, 1, 1])
layer2.0.shortcut.0.bias | nonzeros =       0 /     128             (  0.00%) | total_pruned =     128 | shape = torch.Size([128])
layer2.0.shortcut.1.weight | nonzeros =     128 /     128             (100.00%) | total_pruned =       0 | shape = torch.Size([128])
layer2.0.shortcut.1.bias | nonzeros =      57 /     128             ( 44.53%) | total_pruned =      71 | shape = torch.Size([128])
layer2.1.conv1.weight | nonzeros =    6575 /  147456             (  4.46%) | total_pruned =  140881 | shape = torch.Size([128, 128, 3, 3])
layer2.1.conv1.bias  | nonzeros =       0 /     128             (  0.00%) | total_pruned =     128 | shape = torch.Size([128])
layer2.1.bn1.weight  | nonzeros =     128 /     128             (100.00%) | total_pruned =       0 | shape = torch.Size([128])
layer2.1.bn1.bias    | nonzeros =      70 /     128             ( 54.69%) | total_pruned =      58 | shape = torch.Size([128])
layer2.1.conv2.weight | nonzeros =    5926 /  147456             (  4.02%) | total_pruned =  141530 | shape = torch.Size([128, 128, 3, 3])
layer2.1.conv2.bias  | nonzeros =       0 /     128             (  0.00%) | total_pruned =     128 | shape = torch.Size([128])
layer2.1.bn2.weight  | nonzeros =     128 /     128             (100.00%) | total_pruned =       0 | shape = torch.Size([128])
layer2.1.bn2.bias    | nonzeros =      79 /     128             ( 61.72%) | total_pruned =      49 | shape = torch.Size([128])
layer3.0.conv1.weight | nonzeros =   37350 /  294912             ( 12.66%) | total_pruned =  257562 | shape = torch.Size([256, 128, 3, 3])
layer3.0.conv1.bias  | nonzeros =       0 /     256             (  0.00%) | total_pruned =     256 | shape = torch.Size([256])
layer3.0.bn1.weight  | nonzeros =     256 /     256             (100.00%) | total_pruned =       0 | shape = torch.Size([256])
layer3.0.bn1.bias    | nonzeros =     251 /     256             ( 98.05%) | total_pruned =       5 | shape = torch.Size([256])
layer3.0.conv2.weight | nonzeros =   88026 /  589824             ( 14.92%) | total_pruned =  501798 | shape = torch.Size([256, 256, 3, 3])
layer3.0.conv2.bias  | nonzeros =       0 /     256             (  0.00%) | total_pruned =     256 | shape = torch.Size([256])
layer3.0.bn2.weight  | nonzeros =     256 /     256             (100.00%) | total_pruned =       0 | shape = torch.Size([256])
layer3.0.bn2.bias    | nonzeros =     224 /     256             ( 87.50%) | total_pruned =      32 | shape = torch.Size([256])
layer3.0.shortcut.0.weight | nonzeros =    7007 /   32768             ( 21.38%) | total_pruned =   25761 | shape = torch.Size([256, 128, 1, 1])
layer3.0.shortcut.0.bias | nonzeros =       0 /     256             (  0.00%) | total_pruned =     256 | shape = torch.Size([256])
layer3.0.shortcut.1.weight | nonzeros =     256 /     256             (100.00%) | total_pruned =       0 | shape = torch.Size([256])
layer3.0.shortcut.1.bias | nonzeros =     224 /     256             ( 87.50%) | total_pruned =      32 | shape = torch.Size([256])
layer3.1.conv1.weight | nonzeros =   34268 /  589824             (  5.81%) | total_pruned =  555556 | shape = torch.Size([256, 256, 3, 3])
layer3.1.conv1.bias  | nonzeros =       0 /     256             (  0.00%) | total_pruned =     256 | shape = torch.Size([256])
layer3.1.bn1.weight  | nonzeros =     256 /     256             (100.00%) | total_pruned =       0 | shape = torch.Size([256])
layer3.1.bn1.bias    | nonzeros =     219 /     256             ( 85.55%) | total_pruned =      37 | shape = torch.Size([256])
layer3.1.conv2.weight | nonzeros =   33853 /  589824             (  5.74%) | total_pruned =  555971 | shape = torch.Size([256, 256, 3, 3])
layer3.1.conv2.bias  | nonzeros =       0 /     256             (  0.00%) | total_pruned =     256 | shape = torch.Size([256])
layer3.1.bn2.weight  | nonzeros =     256 /     256             (100.00%) | total_pruned =       0 | shape = torch.Size([256])
layer3.1.bn2.bias    | nonzeros =     208 /     256             ( 81.25%) | total_pruned =      48 | shape = torch.Size([256])
layer4.0.conv1.weight | nonzeros =  162230 / 1179648             ( 13.75%) | total_pruned = 1017418 | shape = torch.Size([512, 256, 3, 3])
layer4.0.conv1.bias  | nonzeros =       0 /     512             (  0.00%) | total_pruned =     512 | shape = torch.Size([512])
layer4.0.bn1.weight  | nonzeros =     512 /     512             (100.00%) | total_pruned =       0 | shape = torch.Size([512])
layer4.0.bn1.bias    | nonzeros =     497 /     512             ( 97.07%) | total_pruned =      15 | shape = torch.Size([512])
layer4.0.conv2.weight | nonzeros =  226258 / 2359296             (  9.59%) | total_pruned = 2133038 | shape = torch.Size([512, 512, 3, 3])
layer4.0.conv2.bias  | nonzeros =       0 /     512             (  0.00%) | total_pruned =     512 | shape = torch.Size([512])
layer4.0.bn2.weight  | nonzeros =     512 /     512             (100.00%) | total_pruned =       0 | shape = torch.Size([512])
layer4.0.bn2.bias    | nonzeros =     470 /     512             ( 91.80%) | total_pruned =      42 | shape = torch.Size([512])
layer4.0.shortcut.0.weight | nonzeros =   22718 /  131072             ( 17.33%) | total_pruned =  108354 | shape = torch.Size([512, 256, 1, 1])
layer4.0.shortcut.0.bias | nonzeros =       0 /     512             (  0.00%) | total_pruned =     512 | shape = torch.Size([512])
layer4.0.shortcut.1.weight | nonzeros =     512 /     512             (100.00%) | total_pruned =       0 | shape = torch.Size([512])
layer4.0.shortcut.1.bias | nonzeros =     470 /     512             ( 91.80%) | total_pruned =      42 | shape = torch.Size([512])
layer4.1.conv1.weight | nonzeros =  237617 / 2359296             ( 10.07%) | total_pruned = 2121679 | shape = torch.Size([512, 512, 3, 3])
layer4.1.conv1.bias  | nonzeros =       0 /     512             (  0.00%) | total_pruned =     512 | shape = torch.Size([512])
layer4.1.bn1.weight  | nonzeros =     512 /     512             (100.00%) | total_pruned =       0 | shape = torch.Size([512])
layer4.1.bn1.bias    | nonzeros =     499 /     512             ( 97.46%) | total_pruned =      13 | shape = torch.Size([512])
layer4.1.conv2.weight | nonzeros =  102959 / 2359296             (  4.36%) | total_pruned = 2256337 | shape = torch.Size([512, 512, 3, 3])
layer4.1.conv2.bias  | nonzeros =       0 /     512             (  0.00%) | total_pruned =     512 | shape = torch.Size([512])
layer4.1.bn2.weight  | nonzeros =     512 /     512             (100.00%) | total_pruned =       0 | shape = torch.Size([512])
layer4.1.bn2.bias    | nonzeros =       2 /     512             (  0.39%) | total_pruned =     510 | shape = torch.Size([512])
linear.weight        | nonzeros =     418 /    5120             (  8.16%) | total_pruned =    4702 | shape = torch.Size([10, 512])
linear.bias          | nonzeros =       0 /      10             (  0.00%) | total_pruned =      10 | shape = torch.Size([10])
alive: 1006089, pruned : 10172673, total: 11178762, Compression rate :      11.11x  ( 91.00% pruned)
Train Epoch: 23/100 Loss: 0.000311 Accuracy: 81.72 100.00 % Best test Accuracy: 81.76%
Pruning with threshold : 0.27159934043884276
Non-zero model percentage: 2.7000038623809814%, Non-zero mask percentage: 2.7000038623809814%

--- Pruning Level [3/8]: ---
conv1.weight         | nonzeros =     187 /    1728             ( 10.82%) | total_pruned =    1541 | shape = torch.Size([64, 3, 3, 3])
conv1.bias           | nonzeros =       0 /      64             (  0.00%) | total_pruned =      64 | shape = torch.Size([64])
bn1.weight           | nonzeros =      64 /      64             (100.00%) | total_pruned =       0 | shape = torch.Size([64])
bn1.bias             | nonzeros =      17 /      64             ( 26.56%) | total_pruned =      47 | shape = torch.Size([64])
layer1.0.conv1.weight | nonzeros =     871 /   36864             (  2.36%) | total_pruned =   35993 | shape = torch.Size([64, 64, 3, 3])
layer1.0.conv1.bias  | nonzeros =       0 /      64             (  0.00%) | total_pruned =      64 | shape = torch.Size([64])
layer1.0.bn1.weight  | nonzeros =      64 /      64             (100.00%) | total_pruned =       0 | shape = torch.Size([64])
layer1.0.bn1.bias    | nonzeros =      22 /      64             ( 34.38%) | total_pruned =      42 | shape = torch.Size([64])
layer1.0.conv2.weight | nonzeros =     722 /   36864             (  1.96%) | total_pruned =   36142 | shape = torch.Size([64, 64, 3, 3])
layer1.0.conv2.bias  | nonzeros =       0 /      64             (  0.00%) | total_pruned =      64 | shape = torch.Size([64])
layer1.0.bn2.weight  | nonzeros =      64 /      64             (100.00%) | total_pruned =       0 | shape = torch.Size([64])
layer1.0.bn2.bias    | nonzeros =       9 /      64             ( 14.06%) | total_pruned =      55 | shape = torch.Size([64])
layer1.1.conv1.weight | nonzeros =     455 /   36864             (  1.23%) | total_pruned =   36409 | shape = torch.Size([64, 64, 3, 3])
layer1.1.conv1.bias  | nonzeros =       0 /      64             (  0.00%) | total_pruned =      64 | shape = torch.Size([64])
layer1.1.bn1.weight  | nonzeros =      64 /      64             (100.00%) | total_pruned =       0 | shape = torch.Size([64])
layer1.1.bn1.bias    | nonzeros =       8 /      64             ( 12.50%) | total_pruned =      56 | shape = torch.Size([64])
layer1.1.conv2.weight | nonzeros =     360 /   36864             (  0.98%) | total_pruned =   36504 | shape = torch.Size([64, 64, 3, 3])
layer1.1.conv2.bias  | nonzeros =       0 /      64             (  0.00%) | total_pruned =      64 | shape = torch.Size([64])
layer1.1.bn2.weight  | nonzeros =      64 /      64             (100.00%) | total_pruned =       0 | shape = torch.Size([64])
layer1.1.bn2.bias    | nonzeros =      13 /      64             ( 20.31%) | total_pruned =      51 | shape = torch.Size([64])
layer2.0.conv1.weight | nonzeros =    1182 /   73728             (  1.60%) | total_pruned =   72546 | shape = torch.Size([128, 64, 3, 3])
layer2.0.conv1.bias  | nonzeros =       0 /     128             (  0.00%) | total_pruned =     128 | shape = torch.Size([128])
layer2.0.bn1.weight  | nonzeros =     128 /     128             (100.00%) | total_pruned =       0 | shape = torch.Size([128])
layer2.0.bn1.bias    | nonzeros =      52 /     128             ( 40.62%) | total_pruned =      76 | shape = torch.Size([128])
layer2.0.conv2.weight | nonzeros =    2892 /  147456             (  1.96%) | total_pruned =  144564 | shape = torch.Size([128, 128, 3, 3])
layer2.0.conv2.bias  | nonzeros =       0 /     128             (  0.00%) | total_pruned =     128 | shape = torch.Size([128])
layer2.0.bn2.weight  | nonzeros =     128 /     128             (100.00%) | total_pruned =       0 | shape = torch.Size([128])
layer2.0.bn2.bias    | nonzeros =      15 /     128             ( 11.72%) | total_pruned =     113 | shape = torch.Size([128])
layer2.0.shortcut.0.weight | nonzeros =     626 /    8192             (  7.64%) | total_pruned =    7566 | shape = torch.Size([128, 64, 1, 1])
layer2.0.shortcut.0.bias | nonzeros =       0 /     128             (  0.00%) | total_pruned =     128 | shape = torch.Size([128])
layer2.0.shortcut.1.weight | nonzeros =     128 /     128             (100.00%) | total_pruned =       0 | shape = torch.Size([128])
layer2.0.shortcut.1.bias | nonzeros =      15 /     128             ( 11.72%) | total_pruned =     113 | shape = torch.Size([128])
layer2.1.conv1.weight | nonzeros =    1118 /  147456             (  0.76%) | total_pruned =  146338 | shape = torch.Size([128, 128, 3, 3])
layer2.1.conv1.bias  | nonzeros =       0 /     128             (  0.00%) | total_pruned =     128 | shape = torch.Size([128])
layer2.1.bn1.weight  | nonzeros =     128 /     128             (100.00%) | total_pruned =       0 | shape = torch.Size([128])
layer2.1.bn1.bias    | nonzeros =      36 /     128             ( 28.12%) | total_pruned =      92 | shape = torch.Size([128])
layer2.1.conv2.weight | nonzeros =     939 /  147456             (  0.64%) | total_pruned =  146517 | shape = torch.Size([128, 128, 3, 3])
layer2.1.conv2.bias  | nonzeros =       0 /     128             (  0.00%) | total_pruned =     128 | shape = torch.Size([128])
layer2.1.bn2.weight  | nonzeros =     128 /     128             (100.00%) | total_pruned =       0 | shape = torch.Size([128])
layer2.1.bn2.bias    | nonzeros =      46 /     128             ( 35.94%) | total_pruned =      82 | shape = torch.Size([128])
layer3.0.conv1.weight | nonzeros =   11135 /  294912             (  3.78%) | total_pruned =  283777 | shape = torch.Size([256, 128, 3, 3])
layer3.0.conv1.bias  | nonzeros =       0 /     256             (  0.00%) | total_pruned =     256 | shape = torch.Size([256])
layer3.0.bn1.weight  | nonzeros =     256 /     256             (100.00%) | total_pruned =       0 | shape = torch.Size([256])
layer3.0.bn1.bias    | nonzeros =     231 /     256             ( 90.23%) | total_pruned =      25 | shape = torch.Size([256])
layer3.0.conv2.weight | nonzeros =   29062 /  589824             (  4.93%) | total_pruned =  560762 | shape = torch.Size([256, 256, 3, 3])
layer3.0.conv2.bias  | nonzeros =       0 /     256             (  0.00%) | total_pruned =     256 | shape = torch.Size([256])
layer3.0.bn2.weight  | nonzeros =     256 /     256             (100.00%) | total_pruned =       0 | shape = torch.Size([256])
layer3.0.bn2.bias    | nonzeros =     112 /     256             ( 43.75%) | total_pruned =     144 | shape = torch.Size([256])
layer3.0.shortcut.0.weight | nonzeros =    2236 /   32768             (  6.82%) | total_pruned =   30532 | shape = torch.Size([256, 128, 1, 1])
layer3.0.shortcut.0.bias | nonzeros =       0 /     256             (  0.00%) | total_pruned =     256 | shape = torch.Size([256])
layer3.0.shortcut.1.weight | nonzeros =     256 /     256             (100.00%) | total_pruned =       0 | shape = torch.Size([256])
layer3.0.shortcut.1.bias | nonzeros =     112 /     256             ( 43.75%) | total_pruned =     144 | shape = torch.Size([256])
layer3.1.conv1.weight | nonzeros =    7245 /  589824             (  1.23%) | total_pruned =  582579 | shape = torch.Size([256, 256, 3, 3])
layer3.1.conv1.bias  | nonzeros =       0 /     256             (  0.00%) | total_pruned =     256 | shape = torch.Size([256])
layer3.1.bn1.weight  | nonzeros =     256 /     256             (100.00%) | total_pruned =       0 | shape = torch.Size([256])
layer3.1.bn1.bias    | nonzeros =     153 /     256             ( 59.77%) | total_pruned =     103 | shape = torch.Size([256])
layer3.1.conv2.weight | nonzeros =    7481 /  589824             (  1.27%) | total_pruned =  582343 | shape = torch.Size([256, 256, 3, 3])
layer3.1.conv2.bias  | nonzeros =       0 /     256             (  0.00%) | total_pruned =     256 | shape = torch.Size([256])
layer3.1.bn2.weight  | nonzeros =     253 /     256             ( 98.83%) | total_pruned =       3 | shape = torch.Size([256])
layer3.1.bn2.bias    | nonzeros =     166 /     256             ( 64.84%) | total_pruned =      90 | shape = torch.Size([256])
layer4.0.conv1.weight | nonzeros =   56489 / 1179648             (  4.79%) | total_pruned = 1123159 | shape = torch.Size([512, 256, 3, 3])
layer4.0.conv1.bias  | nonzeros =       0 /     512             (  0.00%) | total_pruned =     512 | shape = torch.Size([512])
layer4.0.bn1.weight  | nonzeros =     512 /     512             (100.00%) | total_pruned =       0 | shape = torch.Size([512])
layer4.0.bn1.bias    | nonzeros =     463 /     512             ( 90.43%) | total_pruned =      49 | shape = torch.Size([512])
layer4.0.conv2.weight | nonzeros =   73914 / 2359296             (  3.13%) | total_pruned = 2285382 | shape = torch.Size([512, 512, 3, 3])
layer4.0.conv2.bias  | nonzeros =       0 /     512             (  0.00%) | total_pruned =     512 | shape = torch.Size([512])
layer4.0.bn2.weight  | nonzeros =     512 /     512             (100.00%) | total_pruned =       0 | shape = torch.Size([512])
layer4.0.bn2.bias    | nonzeros =     286 /     512             ( 55.86%) | total_pruned =     226 | shape = torch.Size([512])
layer4.0.shortcut.0.weight | nonzeros =    7015 /  131072             (  5.35%) | total_pruned =  124057 | shape = torch.Size([512, 256, 1, 1])
layer4.0.shortcut.0.bias | nonzeros =       0 /     512             (  0.00%) | total_pruned =     512 | shape = torch.Size([512])
layer4.0.shortcut.1.weight | nonzeros =     512 /     512             (100.00%) | total_pruned =       0 | shape = torch.Size([512])
layer4.0.shortcut.1.bias | nonzeros =     286 /     512             ( 55.86%) | total_pruned =     226 | shape = torch.Size([512])
layer4.1.conv1.weight | nonzeros =   68862 / 2359296             (  2.92%) | total_pruned = 2290434 | shape = torch.Size([512, 512, 3, 3])
layer4.1.conv1.bias  | nonzeros =       0 /     512             (  0.00%) | total_pruned =     512 | shape = torch.Size([512])
layer4.1.bn1.weight  | nonzeros =     512 /     512             (100.00%) | total_pruned =       0 | shape = torch.Size([512])
layer4.1.bn1.bias    | nonzeros =     431 /     512             ( 84.18%) | total_pruned =      81 | shape = torch.Size([512])
layer4.1.conv2.weight | nonzeros =   21554 / 2359296             (  0.91%) | total_pruned = 2337742 | shape = torch.Size([512, 512, 3, 3])
layer4.1.conv2.bias  | nonzeros =       0 /     512             (  0.00%) | total_pruned =     512 | shape = torch.Size([512])
layer4.1.bn2.weight  | nonzeros =     512 /     512             (100.00%) | total_pruned =       0 | shape = torch.Size([512])
layer4.1.bn2.bias    | nonzeros =       0 /     512             (  0.00%) | total_pruned =     512 | shape = torch.Size([512])
linear.weight        | nonzeros =     212 /    5120             (  4.14%) | total_pruned =    4908 | shape = torch.Size([10, 512])
linear.bias          | nonzeros =       0 /      10             (  0.00%) | total_pruned =      10 | shape = torch.Size([10])
alive: 301827, pruned : 10876935, total: 11178762, Compression rate :      37.04x  ( 97.30% pruned)
Train Epoch: 33/100 Loss: 0.001776 Accuracy: 76.48 100.00 % Best test Accuracy: 76.69%
Pruning with threshold : 0.3963722586631775
Non-zero model percentage: 0.8100091218948364%, Non-zero mask percentage: 0.8100091218948364%

--- Pruning Level [4/8]: ---
conv1.weight         | nonzeros =      41 /    1728             (  2.37%) | total_pruned =    1687 | shape = torch.Size([64, 3, 3, 3])
conv1.bias           | nonzeros =       0 /      64             (  0.00%) | total_pruned =      64 | shape = torch.Size([64])
bn1.weight           | nonzeros =      64 /      64             (100.00%) | total_pruned =       0 | shape = torch.Size([64])
bn1.bias             | nonzeros =      12 /      64             ( 18.75%) | total_pruned =      52 | shape = torch.Size([64])
layer1.0.conv1.weight | nonzeros =     225 /   36864             (  0.61%) | total_pruned =   36639 | shape = torch.Size([64, 64, 3, 3])
layer1.0.conv1.bias  | nonzeros =       0 /      64             (  0.00%) | total_pruned =      64 | shape = torch.Size([64])
layer1.0.bn1.weight  | nonzeros =      64 /      64             (100.00%) | total_pruned =       0 | shape = torch.Size([64])
layer1.0.bn1.bias    | nonzeros =       2 /      64             (  3.12%) | total_pruned =      62 | shape = torch.Size([64])
layer1.0.conv2.weight | nonzeros =     171 /   36864             (  0.46%) | total_pruned =   36693 | shape = torch.Size([64, 64, 3, 3])
layer1.0.conv2.bias  | nonzeros =       0 /      64             (  0.00%) | total_pruned =      64 | shape = torch.Size([64])
layer1.0.bn2.weight  | nonzeros =      64 /      64             (100.00%) | total_pruned =       0 | shape = torch.Size([64])
layer1.0.bn2.bias    | nonzeros =       2 /      64             (  3.12%) | total_pruned =      62 | shape = torch.Size([64])
layer1.1.conv1.weight | nonzeros =      98 /   36864             (  0.27%) | total_pruned =   36766 | shape = torch.Size([64, 64, 3, 3])
layer1.1.conv1.bias  | nonzeros =       0 /      64             (  0.00%) | total_pruned =      64 | shape = torch.Size([64])
layer1.1.bn1.weight  | nonzeros =      64 /      64             (100.00%) | total_pruned =       0 | shape = torch.Size([64])
layer1.1.bn1.bias    | nonzeros =       4 /      64             (  6.25%) | total_pruned =      60 | shape = torch.Size([64])
layer1.1.conv2.weight | nonzeros =      59 /   36864             (  0.16%) | total_pruned =   36805 | shape = torch.Size([64, 64, 3, 3])
layer1.1.conv2.bias  | nonzeros =       0 /      64             (  0.00%) | total_pruned =      64 | shape = torch.Size([64])
layer1.1.bn2.weight  | nonzeros =      64 /      64             (100.00%) | total_pruned =       0 | shape = torch.Size([64])
layer1.1.bn2.bias    | nonzeros =       4 /      64             (  6.25%) | total_pruned =      60 | shape = torch.Size([64])
layer2.0.conv1.weight | nonzeros =     256 /   73728             (  0.35%) | total_pruned =   73472 | shape = torch.Size([128, 64, 3, 3])
layer2.0.conv1.bias  | nonzeros =       0 /     128             (  0.00%) | total_pruned =     128 | shape = torch.Size([128])
layer2.0.bn1.weight  | nonzeros =     128 /     128             (100.00%) | total_pruned =       0 | shape = torch.Size([128])
layer2.0.bn1.bias    | nonzeros =      10 /     128             (  7.81%) | total_pruned =     118 | shape = torch.Size([128])
layer2.0.conv2.weight | nonzeros =     683 /  147456             (  0.46%) | total_pruned =  146773 | shape = torch.Size([128, 128, 3, 3])
layer2.0.conv2.bias  | nonzeros =       0 /     128             (  0.00%) | total_pruned =     128 | shape = torch.Size([128])
layer2.0.bn2.weight  | nonzeros =     128 /     128             (100.00%) | total_pruned =       0 | shape = torch.Size([128])
layer2.0.bn2.bias    | nonzeros =       2 /     128             (  1.56%) | total_pruned =     126 | shape = torch.Size([128])
layer2.0.shortcut.0.weight | nonzeros =     163 /    8192             (  1.99%) | total_pruned =    8029 | shape = torch.Size([128, 64, 1, 1])
layer2.0.shortcut.0.bias | nonzeros =       0 /     128             (  0.00%) | total_pruned =     128 | shape = torch.Size([128])
layer2.0.shortcut.1.weight | nonzeros =     128 /     128             (100.00%) | total_pruned =       0 | shape = torch.Size([128])
layer2.0.shortcut.1.bias | nonzeros =       2 /     128             (  1.56%) | total_pruned =     126 | shape = torch.Size([128])
layer2.1.conv1.weight | nonzeros =     231 /  147456             (  0.16%) | total_pruned =  147225 | shape = torch.Size([128, 128, 3, 3])
layer2.1.conv1.bias  | nonzeros =       0 /     128             (  0.00%) | total_pruned =     128 | shape = torch.Size([128])
layer2.1.bn1.weight  | nonzeros =     128 /     128             (100.00%) | total_pruned =       0 | shape = torch.Size([128])
layer2.1.bn1.bias    | nonzeros =      18 /     128             ( 14.06%) | total_pruned =     110 | shape = torch.Size([128])
layer2.1.conv2.weight | nonzeros =     199 /  147456             (  0.13%) | total_pruned =  147257 | shape = torch.Size([128, 128, 3, 3])
layer2.1.conv2.bias  | nonzeros =       0 /     128             (  0.00%) | total_pruned =     128 | shape = torch.Size([128])
layer2.1.bn2.weight  | nonzeros =     123 /     128             ( 96.09%) | total_pruned =       5 | shape = torch.Size([128])
layer2.1.bn2.bias    | nonzeros =       5 /     128             (  3.91%) | total_pruned =     123 | shape = torch.Size([128])
layer3.0.conv1.weight | nonzeros =    3077 /  294912             (  1.04%) | total_pruned =  291835 | shape = torch.Size([256, 128, 3, 3])
layer3.0.conv1.bias  | nonzeros =       0 /     256             (  0.00%) | total_pruned =     256 | shape = torch.Size([256])
layer3.0.bn1.weight  | nonzeros =     256 /     256             (100.00%) | total_pruned =       0 | shape = torch.Size([256])
layer3.0.bn1.bias    | nonzeros =     104 /     256             ( 40.62%) | total_pruned =     152 | shape = torch.Size([256])
layer3.0.conv2.weight | nonzeros =    8383 /  589824             (  1.42%) | total_pruned =  581441 | shape = torch.Size([256, 256, 3, 3])
layer3.0.conv2.bias  | nonzeros =       0 /     256             (  0.00%) | total_pruned =     256 | shape = torch.Size([256])
layer3.0.bn2.weight  | nonzeros =     256 /     256             (100.00%) | total_pruned =       0 | shape = torch.Size([256])
layer3.0.bn2.bias    | nonzeros =      19 /     256             (  7.42%) | total_pruned =     237 | shape = torch.Size([256])
layer3.0.shortcut.0.weight | nonzeros =     637 /   32768             (  1.94%) | total_pruned =   32131 | shape = torch.Size([256, 128, 1, 1])
layer3.0.shortcut.0.bias | nonzeros =       0 /     256             (  0.00%) | total_pruned =     256 | shape = torch.Size([256])
layer3.0.shortcut.1.weight | nonzeros =     256 /     256             (100.00%) | total_pruned =       0 | shape = torch.Size([256])
layer3.0.shortcut.1.bias | nonzeros =      19 /     256             (  7.42%) | total_pruned =     237 | shape = torch.Size([256])
layer3.1.conv1.weight | nonzeros =    1663 /  589824             (  0.28%) | total_pruned =  588161 | shape = torch.Size([256, 256, 3, 3])
layer3.1.conv1.bias  | nonzeros =       0 /     256             (  0.00%) | total_pruned =     256 | shape = torch.Size([256])
layer3.1.bn1.weight  | nonzeros =     256 /     256             (100.00%) | total_pruned =       0 | shape = torch.Size([256])
layer3.1.bn1.bias    | nonzeros =      61 /     256             ( 23.83%) | total_pruned =     195 | shape = torch.Size([256])
layer3.1.conv2.weight | nonzeros =    1886 /  589824             (  0.32%) | total_pruned =  587938 | shape = torch.Size([256, 256, 3, 3])
layer3.1.conv2.bias  | nonzeros =       0 /     256             (  0.00%) | total_pruned =     256 | shape = torch.Size([256])
layer3.1.bn2.weight  | nonzeros =     236 /     256             ( 92.19%) | total_pruned =      20 | shape = torch.Size([256])
layer3.1.bn2.bias    | nonzeros =      57 /     256             ( 22.27%) | total_pruned =     199 | shape = torch.Size([256])
layer4.0.conv1.weight | nonzeros =   17602 / 1179648             (  1.49%) | total_pruned = 1162046 | shape = torch.Size([512, 256, 3, 3])
layer4.0.conv1.bias  | nonzeros =       0 /     512             (  0.00%) | total_pruned =     512 | shape = torch.Size([512])
layer4.0.bn1.weight  | nonzeros =     509 /     512             ( 99.41%) | total_pruned =       3 | shape = torch.Size([512])
layer4.0.bn1.bias    | nonzeros =     267 /     512             ( 52.15%) | total_pruned =     245 | shape = torch.Size([512])
layer4.0.conv2.weight | nonzeros =   23457 / 2359296             (  0.99%) | total_pruned = 2335839 | shape = torch.Size([512, 512, 3, 3])
layer4.0.conv2.bias  | nonzeros =       0 /     512             (  0.00%) | total_pruned =     512 | shape = torch.Size([512])
layer4.0.bn2.weight  | nonzeros =     512 /     512             (100.00%) | total_pruned =       0 | shape = torch.Size([512])
layer4.0.bn2.bias    | nonzeros =      79 /     512             ( 15.43%) | total_pruned =     433 | shape = torch.Size([512])
layer4.0.shortcut.0.weight | nonzeros =    1971 /  131072             (  1.50%) | total_pruned =  129101 | shape = torch.Size([512, 256, 1, 1])
layer4.0.shortcut.0.bias | nonzeros =       0 /     512             (  0.00%) | total_pruned =     512 | shape = torch.Size([512])
layer4.0.shortcut.1.weight | nonzeros =     512 /     512             (100.00%) | total_pruned =       0 | shape = torch.Size([512])
layer4.0.shortcut.1.bias | nonzeros =      79 /     512             ( 15.43%) | total_pruned =     433 | shape = torch.Size([512])
layer4.1.conv1.weight | nonzeros =   19816 / 2359296             (  0.84%) | total_pruned = 2339480 | shape = torch.Size([512, 512, 3, 3])
layer4.1.conv1.bias  | nonzeros =       0 /     512             (  0.00%) | total_pruned =     512 | shape = torch.Size([512])
layer4.1.bn1.weight  | nonzeros =     512 /     512             (100.00%) | total_pruned =       0 | shape = torch.Size([512])
layer4.1.bn1.bias    | nonzeros =     265 /     512             ( 51.76%) | total_pruned =     247 | shape = torch.Size([512])
layer4.1.conv2.weight | nonzeros =    4021 / 2359296             (  0.17%) | total_pruned = 2355275 | shape = torch.Size([512, 512, 3, 3])
layer4.1.conv2.bias  | nonzeros =       0 /     512             (  0.00%) | total_pruned =     512 | shape = torch.Size([512])
layer4.1.bn2.weight  | nonzeros =     512 /     512             (100.00%) | total_pruned =       0 | shape = torch.Size([512])
layer4.1.bn2.bias    | nonzeros =       0 /     512             (  0.00%) | total_pruned =     512 | shape = torch.Size([512])
linear.weight        | nonzeros =     127 /    5120             (  2.48%) | total_pruned =    4993 | shape = torch.Size([10, 512])
linear.bias          | nonzeros =       0 /      10             (  0.00%) | total_pruned =      10 | shape = torch.Size([10])
alive: 90549, pruned : 11088213, total: 11178762, Compression rate :     123.46x  ( 99.19% pruned)
Train Epoch: 99/100 Loss: 0.116192 Accuracy: 51.74 94.32 % Best test Accuracy: 52.70%
Pruning with threshold : 0.6491022825241088
Non-zero model percentage: 0.2430054396390915%, Non-zero mask percentage: 0.2430054396390915%

--- Pruning Level [5/8]: ---
conv1.weight         | nonzeros =       9 /    1728             (  0.52%) | total_pruned =    1719 | shape = torch.Size([64, 3, 3, 3])
conv1.bias           | nonzeros =       0 /      64             (  0.00%) | total_pruned =      64 | shape = torch.Size([64])
bn1.weight           | nonzeros =      63 /      64             ( 98.44%) | total_pruned =       1 | shape = torch.Size([64])
bn1.bias             | nonzeros =       5 /      64             (  7.81%) | total_pruned =      59 | shape = torch.Size([64])
layer1.0.conv1.weight | nonzeros =      36 /   36864             (  0.10%) | total_pruned =   36828 | shape = torch.Size([64, 64, 3, 3])
layer1.0.conv1.bias  | nonzeros =       0 /      64             (  0.00%) | total_pruned =      64 | shape = torch.Size([64])
layer1.0.bn1.weight  | nonzeros =      63 /      64             ( 98.44%) | total_pruned =       1 | shape = torch.Size([64])
layer1.0.bn1.bias    | nonzeros =       0 /      64             (  0.00%) | total_pruned =      64 | shape = torch.Size([64])
layer1.0.conv2.weight | nonzeros =      48 /   36864             (  0.13%) | total_pruned =   36816 | shape = torch.Size([64, 64, 3, 3])
layer1.0.conv2.bias  | nonzeros =       0 /      64             (  0.00%) | total_pruned =      64 | shape = torch.Size([64])
layer1.0.bn2.weight  | nonzeros =      63 /      64             ( 98.44%) | total_pruned =       1 | shape = torch.Size([64])
layer1.0.bn2.bias    | nonzeros =       0 /      64             (  0.00%) | total_pruned =      64 | shape = torch.Size([64])
layer1.1.conv1.weight | nonzeros =      17 /   36864             (  0.05%) | total_pruned =   36847 | shape = torch.Size([64, 64, 3, 3])
layer1.1.conv1.bias  | nonzeros =       0 /      64             (  0.00%) | total_pruned =      64 | shape = torch.Size([64])
layer1.1.bn1.weight  | nonzeros =      63 /      64             ( 98.44%) | total_pruned =       1 | shape = torch.Size([64])
layer1.1.bn1.bias    | nonzeros =       1 /      64             (  1.56%) | total_pruned =      63 | shape = torch.Size([64])
layer1.1.conv2.weight | nonzeros =      11 /   36864             (  0.03%) | total_pruned =   36853 | shape = torch.Size([64, 64, 3, 3])
layer1.1.conv2.bias  | nonzeros =       0 /      64             (  0.00%) | total_pruned =      64 | shape = torch.Size([64])
layer1.1.bn2.weight  | nonzeros =      50 /      64             ( 78.12%) | total_pruned =      14 | shape = torch.Size([64])
layer1.1.bn2.bias    | nonzeros =       0 /      64             (  0.00%) | total_pruned =      64 | shape = torch.Size([64])
layer2.0.conv1.weight | nonzeros =      53 /   73728             (  0.07%) | total_pruned =   73675 | shape = torch.Size([128, 64, 3, 3])
layer2.0.conv1.bias  | nonzeros =       0 /     128             (  0.00%) | total_pruned =     128 | shape = torch.Size([128])
layer2.0.bn1.weight  | nonzeros =     126 /     128             ( 98.44%) | total_pruned =       2 | shape = torch.Size([128])
layer2.0.bn1.bias    | nonzeros =       0 /     128             (  0.00%) | total_pruned =     128 | shape = torch.Size([128])
layer2.0.conv2.weight | nonzeros =     146 /  147456             (  0.10%) | total_pruned =  147310 | shape = torch.Size([128, 128, 3, 3])
layer2.0.conv2.bias  | nonzeros =       0 /     128             (  0.00%) | total_pruned =     128 | shape = torch.Size([128])
layer2.0.bn2.weight  | nonzeros =     123 /     128             ( 96.09%) | total_pruned =       5 | shape = torch.Size([128])
layer2.0.bn2.bias    | nonzeros =       0 /     128             (  0.00%) | total_pruned =     128 | shape = torch.Size([128])
layer2.0.shortcut.0.weight | nonzeros =      42 /    8192             (  0.51%) | total_pruned =    8150 | shape = torch.Size([128, 64, 1, 1])
layer2.0.shortcut.0.bias | nonzeros =       0 /     128             (  0.00%) | total_pruned =     128 | shape = torch.Size([128])
layer2.0.shortcut.1.weight | nonzeros =     126 /     128             ( 98.44%) | total_pruned =       2 | shape = torch.Size([128])
layer2.0.shortcut.1.bias | nonzeros =       0 /     128             (  0.00%) | total_pruned =     128 | shape = torch.Size([128])
layer2.1.conv1.weight | nonzeros =      33 /  147456             (  0.02%) | total_pruned =  147423 | shape = torch.Size([128, 128, 3, 3])
layer2.1.conv1.bias  | nonzeros =       0 /     128             (  0.00%) | total_pruned =     128 | shape = torch.Size([128])
layer2.1.bn1.weight  | nonzeros =     123 /     128             ( 96.09%) | total_pruned =       5 | shape = torch.Size([128])
layer2.1.bn1.bias    | nonzeros =       2 /     128             (  1.56%) | total_pruned =     126 | shape = torch.Size([128])
layer2.1.conv2.weight | nonzeros =      34 /  147456             (  0.02%) | total_pruned =  147422 | shape = torch.Size([128, 128, 3, 3])
layer2.1.conv2.bias  | nonzeros =       0 /     128             (  0.00%) | total_pruned =     128 | shape = torch.Size([128])
layer2.1.bn2.weight  | nonzeros =      60 /     128             ( 46.88%) | total_pruned =      68 | shape = torch.Size([128])
layer2.1.bn2.bias    | nonzeros =       1 /     128             (  0.78%) | total_pruned =     127 | shape = torch.Size([128])
layer3.0.conv1.weight | nonzeros =     834 /  294912             (  0.28%) | total_pruned =  294078 | shape = torch.Size([256, 128, 3, 3])
layer3.0.conv1.bias  | nonzeros =       0 /     256             (  0.00%) | total_pruned =     256 | shape = torch.Size([256])
layer3.0.bn1.weight  | nonzeros =     248 /     256             ( 96.88%) | total_pruned =       8 | shape = torch.Size([256])
layer3.0.bn1.bias    | nonzeros =       8 /     256             (  3.12%) | total_pruned =     248 | shape = torch.Size([256])
layer3.0.conv2.weight | nonzeros =    2340 /  589824             (  0.40%) | total_pruned =  587484 | shape = torch.Size([256, 256, 3, 3])
layer3.0.conv2.bias  | nonzeros =       0 /     256             (  0.00%) | total_pruned =     256 | shape = torch.Size([256])
layer3.0.bn2.weight  | nonzeros =     255 /     256             ( 99.61%) | total_pruned =       1 | shape = torch.Size([256])
layer3.0.bn2.bias    | nonzeros =       2 /     256             (  0.78%) | total_pruned =     254 | shape = torch.Size([256])
layer3.0.shortcut.0.weight | nonzeros =     163 /   32768             (  0.50%) | total_pruned =   32605 | shape = torch.Size([256, 128, 1, 1])
layer3.0.shortcut.0.bias | nonzeros =       0 /     256             (  0.00%) | total_pruned =     256 | shape = torch.Size([256])
layer3.0.shortcut.1.weight | nonzeros =     224 /     256             ( 87.50%) | total_pruned =      32 | shape = torch.Size([256])
layer3.0.shortcut.1.bias | nonzeros =       2 /     256             (  0.78%) | total_pruned =     254 | shape = torch.Size([256])
layer3.1.conv1.weight | nonzeros =     423 /  589824             (  0.07%) | total_pruned =  589401 | shape = torch.Size([256, 256, 3, 3])
layer3.1.conv1.bias  | nonzeros =       0 /     256             (  0.00%) | total_pruned =     256 | shape = torch.Size([256])
layer3.1.bn1.weight  | nonzeros =     243 /     256             ( 94.92%) | total_pruned =      13 | shape = torch.Size([256])
layer3.1.bn1.bias    | nonzeros =       8 /     256             (  3.12%) | total_pruned =     248 | shape = torch.Size([256])
layer3.1.conv2.weight | nonzeros =     506 /  589824             (  0.09%) | total_pruned =  589318 | shape = torch.Size([256, 256, 3, 3])
layer3.1.conv2.bias  | nonzeros =       0 /     256             (  0.00%) | total_pruned =     256 | shape = torch.Size([256])
layer3.1.bn2.weight  | nonzeros =     159 /     256             ( 62.11%) | total_pruned =      97 | shape = torch.Size([256])
layer3.1.bn2.bias    | nonzeros =      10 /     256             (  3.91%) | total_pruned =     246 | shape = torch.Size([256])
layer4.0.conv1.weight | nonzeros =    4961 / 1179648             (  0.42%) | total_pruned = 1174687 | shape = torch.Size([512, 256, 3, 3])
layer4.0.conv1.bias  | nonzeros =       0 /     512             (  0.00%) | total_pruned =     512 | shape = torch.Size([512])
layer4.0.bn1.weight  | nonzeros =     459 /     512             ( 89.65%) | total_pruned =      53 | shape = torch.Size([512])
layer4.0.bn1.bias    | nonzeros =      72 /     512             ( 14.06%) | total_pruned =     440 | shape = torch.Size([512])
layer4.0.conv2.weight | nonzeros =    6621 / 2359296             (  0.28%) | total_pruned = 2352675 | shape = torch.Size([512, 512, 3, 3])
layer4.0.conv2.bias  | nonzeros =       0 /     512             (  0.00%) | total_pruned =     512 | shape = torch.Size([512])
layer4.0.bn2.weight  | nonzeros =     504 /     512             ( 98.44%) | total_pruned =       8 | shape = torch.Size([512])
layer4.0.bn2.bias    | nonzeros =      17 /     512             (  3.32%) | total_pruned =     495 | shape = torch.Size([512])
layer4.0.shortcut.0.weight | nonzeros =     541 /  131072             (  0.41%) | total_pruned =  130531 | shape = torch.Size([512, 256, 1, 1])
layer4.0.shortcut.0.bias | nonzeros =       0 /     512             (  0.00%) | total_pruned =     512 | shape = torch.Size([512])
layer4.0.shortcut.1.weight | nonzeros =     335 /     512             ( 65.43%) | total_pruned =     177 | shape = torch.Size([512])
layer4.0.shortcut.1.bias | nonzeros =      17 /     512             (  3.32%) | total_pruned =     495 | shape = torch.Size([512])
layer4.1.conv1.weight | nonzeros =    5089 / 2359296             (  0.22%) | total_pruned = 2354207 | shape = torch.Size([512, 512, 3, 3])
layer4.1.conv1.bias  | nonzeros =       0 /     512             (  0.00%) | total_pruned =     512 | shape = torch.Size([512])
layer4.1.bn1.weight  | nonzeros =     444 /     512             ( 86.72%) | total_pruned =      68 | shape = torch.Size([512])
layer4.1.bn1.bias    | nonzeros =     126 /     512             ( 24.61%) | total_pruned =     386 | shape = torch.Size([512])
layer4.1.conv2.weight | nonzeros =     620 / 2359296             (  0.03%) | total_pruned = 2358676 | shape = torch.Size([512, 512, 3, 3])
layer4.1.conv2.bias  | nonzeros =       0 /     512             (  0.00%) | total_pruned =     512 | shape = torch.Size([512])
layer4.1.bn2.weight  | nonzeros =     512 /     512             (100.00%) | total_pruned =       0 | shape = torch.Size([512])
layer4.1.bn2.bias    | nonzeros =       0 /     512             (  0.00%) | total_pruned =     512 | shape = torch.Size([512])
linear.weight        | nonzeros =     124 /    5120             (  2.42%) | total_pruned =    4996 | shape = torch.Size([10, 512])
linear.bias          | nonzeros =       0 /      10             (  0.00%) | total_pruned =      10 | shape = torch.Size([10])
alive: 27165, pruned : 11151597, total: 11178762, Compression rate :     411.51x  ( 99.76% pruned)
Train Epoch: 66/100 Loss: 1.531711 Accuracy: 11.47 11.56 % Best test Accuracy: 34.37%
Pruning with threshold : 1.0368543148040772
Non-zero model percentage: 0.07290609925985336%, Non-zero mask percentage: 0.07290609925985336%

--- Pruning Level [6/8]: ---
conv1.weight         | nonzeros =       2 /    1728             (  0.12%) | total_pruned =    1726 | shape = torch.Size([64, 3, 3, 3])
conv1.bias           | nonzeros =       0 /      64             (  0.00%) | total_pruned =      64 | shape = torch.Size([64])
bn1.weight           | nonzeros =      30 /      64             ( 46.88%) | total_pruned =      34 | shape = torch.Size([64])
bn1.bias             | nonzeros =       1 /      64             (  1.56%) | total_pruned =      63 | shape = torch.Size([64])
layer1.0.conv1.weight | nonzeros =       4 /   36864             (  0.01%) | total_pruned =   36860 | shape = torch.Size([64, 64, 3, 3])
layer1.0.conv1.bias  | nonzeros =       0 /      64             (  0.00%) | total_pruned =      64 | shape = torch.Size([64])
layer1.0.bn1.weight  | nonzeros =      25 /      64             ( 39.06%) | total_pruned =      39 | shape = torch.Size([64])
layer1.0.bn1.bias    | nonzeros =       0 /      64             (  0.00%) | total_pruned =      64 | shape = torch.Size([64])
layer1.0.conv2.weight | nonzeros =       4 /   36864             (  0.01%) | total_pruned =   36860 | shape = torch.Size([64, 64, 3, 3])
layer1.0.conv2.bias  | nonzeros =       0 /      64             (  0.00%) | total_pruned =      64 | shape = torch.Size([64])
layer1.0.bn2.weight  | nonzeros =      44 /      64             ( 68.75%) | total_pruned =      20 | shape = torch.Size([64])
layer1.0.bn2.bias    | nonzeros =       0 /      64             (  0.00%) | total_pruned =      64 | shape = torch.Size([64])
layer1.1.conv1.weight | nonzeros =       1 /   36864             (  0.00%) | total_pruned =   36863 | shape = torch.Size([64, 64, 3, 3])
layer1.1.conv1.bias  | nonzeros =       0 /      64             (  0.00%) | total_pruned =      64 | shape = torch.Size([64])
layer1.1.bn1.weight  | nonzeros =      25 /      64             ( 39.06%) | total_pruned =      39 | shape = torch.Size([64])
layer1.1.bn1.bias    | nonzeros =       0 /      64             (  0.00%) | total_pruned =      64 | shape = torch.Size([64])
layer1.1.conv2.weight | nonzeros =       2 /   36864             (  0.01%) | total_pruned =   36862 | shape = torch.Size([64, 64, 3, 3])
layer1.1.conv2.bias  | nonzeros =       0 /      64             (  0.00%) | total_pruned =      64 | shape = torch.Size([64])
layer1.1.bn2.weight  | nonzeros =       4 /      64             (  6.25%) | total_pruned =      60 | shape = torch.Size([64])
layer1.1.bn2.bias    | nonzeros =       0 /      64             (  0.00%) | total_pruned =      64 | shape = torch.Size([64])
layer2.0.conv1.weight | nonzeros =       2 /   73728             (  0.00%) | total_pruned =   73726 | shape = torch.Size([128, 64, 3, 3])
layer2.0.conv1.bias  | nonzeros =       0 /     128             (  0.00%) | total_pruned =     128 | shape = torch.Size([128])
layer2.0.bn1.weight  | nonzeros =      59 /     128             ( 46.09%) | total_pruned =      69 | shape = torch.Size([128])
layer2.0.bn1.bias    | nonzeros =       0 /     128             (  0.00%) | total_pruned =     128 | shape = torch.Size([128])
layer2.0.conv2.weight | nonzeros =       6 /  147456             (  0.00%) | total_pruned =  147450 | shape = torch.Size([128, 128, 3, 3])
layer2.0.conv2.bias  | nonzeros =       0 /     128             (  0.00%) | total_pruned =     128 | shape = torch.Size([128])
layer2.0.bn2.weight  | nonzeros =      77 /     128             ( 60.16%) | total_pruned =      51 | shape = torch.Size([128])
layer2.0.bn2.bias    | nonzeros =       0 /     128             (  0.00%) | total_pruned =     128 | shape = torch.Size([128])
layer2.0.shortcut.0.weight | nonzeros =       0 /    8192             (  0.00%) | total_pruned =    8192 | shape = torch.Size([128, 64, 1, 1])
layer2.0.shortcut.0.bias | nonzeros =       0 /     128             (  0.00%) | total_pruned =     128 | shape = torch.Size([128])
layer2.0.shortcut.1.weight | nonzeros =      91 /     128             ( 71.09%) | total_pruned =      37 | shape = torch.Size([128])
layer2.0.shortcut.1.bias | nonzeros =       0 /     128             (  0.00%) | total_pruned =     128 | shape = torch.Size([128])
layer2.1.conv1.weight | nonzeros =       1 /  147456             (  0.00%) | total_pruned =  147455 | shape = torch.Size([128, 128, 3, 3])
layer2.1.conv1.bias  | nonzeros =       0 /     128             (  0.00%) | total_pruned =     128 | shape = torch.Size([128])
layer2.1.bn1.weight  | nonzeros =      47 /     128             ( 36.72%) | total_pruned =      81 | shape = torch.Size([128])
layer2.1.bn1.bias    | nonzeros =       0 /     128             (  0.00%) | total_pruned =     128 | shape = torch.Size([128])
layer2.1.conv2.weight | nonzeros =       0 /  147456             (  0.00%) | total_pruned =  147456 | shape = torch.Size([128, 128, 3, 3])
layer2.1.conv2.bias  | nonzeros =       0 /     128             (  0.00%) | total_pruned =     128 | shape = torch.Size([128])
layer2.1.bn2.weight  | nonzeros =       9 /     128             (  7.03%) | total_pruned =     119 | shape = torch.Size([128])
layer2.1.bn2.bias    | nonzeros =       0 /     128             (  0.00%) | total_pruned =     128 | shape = torch.Size([128])
layer3.0.conv1.weight | nonzeros =      86 /  294912             (  0.03%) | total_pruned =  294826 | shape = torch.Size([256, 128, 3, 3])
layer3.0.conv1.bias  | nonzeros =       0 /     256             (  0.00%) | total_pruned =     256 | shape = torch.Size([256])
layer3.0.bn1.weight  | nonzeros =     123 /     256             ( 48.05%) | total_pruned =     133 | shape = torch.Size([256])
layer3.0.bn1.bias    | nonzeros =       0 /     256             (  0.00%) | total_pruned =     256 | shape = torch.Size([256])
layer3.0.conv2.weight | nonzeros =     427 /  589824             (  0.07%) | total_pruned =  589397 | shape = torch.Size([256, 256, 3, 3])
layer3.0.conv2.bias  | nonzeros =       0 /     256             (  0.00%) | total_pruned =     256 | shape = torch.Size([256])
layer3.0.bn2.weight  | nonzeros =     204 /     256             ( 79.69%) | total_pruned =      52 | shape = torch.Size([256])
layer3.0.bn2.bias    | nonzeros =       0 /     256             (  0.00%) | total_pruned =     256 | shape = torch.Size([256])
layer3.0.shortcut.0.weight | nonzeros =       5 /   32768             (  0.02%) | total_pruned =   32763 | shape = torch.Size([256, 128, 1, 1])
layer3.0.shortcut.0.bias | nonzeros =       0 /     256             (  0.00%) | total_pruned =     256 | shape = torch.Size([256])
layer3.0.shortcut.1.weight | nonzeros =      67 /     256             ( 26.17%) | total_pruned =     189 | shape = torch.Size([256])
layer3.0.shortcut.1.bias | nonzeros =       0 /     256             (  0.00%) | total_pruned =     256 | shape = torch.Size([256])
layer3.1.conv1.weight | nonzeros =      67 /  589824             (  0.01%) | total_pruned =  589757 | shape = torch.Size([256, 256, 3, 3])
layer3.1.conv1.bias  | nonzeros =       0 /     256             (  0.00%) | total_pruned =     256 | shape = torch.Size([256])
layer3.1.bn1.weight  | nonzeros =     113 /     256             ( 44.14%) | total_pruned =     143 | shape = torch.Size([256])
layer3.1.bn1.bias    | nonzeros =       0 /     256             (  0.00%) | total_pruned =     256 | shape = torch.Size([256])
layer3.1.conv2.weight | nonzeros =      75 /  589824             (  0.01%) | total_pruned =  589749 | shape = torch.Size([256, 256, 3, 3])
layer3.1.conv2.bias  | nonzeros =       0 /     256             (  0.00%) | total_pruned =     256 | shape = torch.Size([256])
layer3.1.bn2.weight  | nonzeros =      49 /     256             ( 19.14%) | total_pruned =     207 | shape = torch.Size([256])
layer3.1.bn2.bias    | nonzeros =       0 /     256             (  0.00%) | total_pruned =     256 | shape = torch.Size([256])
layer4.0.conv1.weight | nonzeros =    1320 / 1179648             (  0.11%) | total_pruned = 1178328 | shape = torch.Size([512, 256, 3, 3])
layer4.0.conv1.bias  | nonzeros =       0 /     512             (  0.00%) | total_pruned =     512 | shape = torch.Size([512])
layer4.0.bn1.weight  | nonzeros =     227 /     512             ( 44.34%) | total_pruned =     285 | shape = torch.Size([512])
layer4.0.bn1.bias    | nonzeros =       4 /     512             (  0.78%) | total_pruned =     508 | shape = torch.Size([512])
layer4.0.conv2.weight | nonzeros =    2051 / 2359296             (  0.09%) | total_pruned = 2357245 | shape = torch.Size([512, 512, 3, 3])
layer4.0.conv2.bias  | nonzeros =       0 /     512             (  0.00%) | total_pruned =     512 | shape = torch.Size([512])
layer4.0.bn2.weight  | nonzeros =     380 /     512             ( 74.22%) | total_pruned =     132 | shape = torch.Size([512])
layer4.0.bn2.bias    | nonzeros =       1 /     512             (  0.20%) | total_pruned =     511 | shape = torch.Size([512])
layer4.0.shortcut.0.weight | nonzeros =      70 /  131072             (  0.05%) | total_pruned =  131002 | shape = torch.Size([512, 256, 1, 1])
layer4.0.shortcut.0.bias | nonzeros =       0 /     512             (  0.00%) | total_pruned =     512 | shape = torch.Size([512])
layer4.0.shortcut.1.weight | nonzeros =      71 /     512             ( 13.87%) | total_pruned =     441 | shape = torch.Size([512])
layer4.0.shortcut.1.bias | nonzeros =       1 /     512             (  0.20%) | total_pruned =     511 | shape = torch.Size([512])
layer4.1.conv1.weight | nonzeros =    1556 / 2359296             (  0.07%) | total_pruned = 2357740 | shape = torch.Size([512, 512, 3, 3])
layer4.1.conv1.bias  | nonzeros =       0 /     512             (  0.00%) | total_pruned =     512 | shape = torch.Size([512])
layer4.1.bn1.weight  | nonzeros =     156 /     512             ( 30.47%) | total_pruned =     356 | shape = torch.Size([512])
layer4.1.bn1.bias    | nonzeros =      34 /     512             (  6.64%) | total_pruned =     478 | shape = torch.Size([512])
layer4.1.conv2.weight | nonzeros =     136 / 2359296             (  0.01%) | total_pruned = 2359160 | shape = torch.Size([512, 512, 3, 3])
layer4.1.conv2.bias  | nonzeros =       0 /     512             (  0.00%) | total_pruned =     512 | shape = torch.Size([512])
layer4.1.bn2.weight  | nonzeros =     456 /     512             ( 89.06%) | total_pruned =      56 | shape = torch.Size([512])
layer4.1.bn2.bias    | nonzeros =       0 /     512             (  0.00%) | total_pruned =     512 | shape = torch.Size([512])
linear.weight        | nonzeros =      37 /    5120             (  0.72%) | total_pruned =    5083 | shape = torch.Size([10, 512])
linear.bias          | nonzeros =       0 /      10             (  0.00%) | total_pruned =      10 | shape = torch.Size([10])
alive: 8150, pruned : 11170612, total: 11178762, Compression rate :    1371.63x  ( 99.93% pruned)
Train Epoch: 34/100 Loss: 2.302585 Accuracy: 10.00 10.00 % Best test Accuracy: 10.00%
Pruning with threshold : 1.3477732181549071
Non-zero model percentage: 0.02187183126807213%, Non-zero mask percentage: 0.02187183126807213%

--- Pruning Level [7/8]: ---
conv1.weight         | nonzeros =       0 /    1728             (  0.00%) | total_pruned =    1728 | shape = torch.Size([64, 3, 3, 3])
conv1.bias           | nonzeros =       0 /      64             (  0.00%) | total_pruned =      64 | shape = torch.Size([64])
bn1.weight           | nonzeros =       8 /      64             ( 12.50%) | total_pruned =      56 | shape = torch.Size([64])
bn1.bias             | nonzeros =       0 /      64             (  0.00%) | total_pruned =      64 | shape = torch.Size([64])
layer1.0.conv1.weight | nonzeros =       0 /   36864             (  0.00%) | total_pruned =   36864 | shape = torch.Size([64, 64, 3, 3])
layer1.0.conv1.bias  | nonzeros =       0 /      64             (  0.00%) | total_pruned =      64 | shape = torch.Size([64])
layer1.0.bn1.weight  | nonzeros =       7 /      64             ( 10.94%) | total_pruned =      57 | shape = torch.Size([64])
layer1.0.bn1.bias    | nonzeros =       0 /      64             (  0.00%) | total_pruned =      64 | shape = torch.Size([64])
layer1.0.conv2.weight | nonzeros =       2 /   36864             (  0.01%) | total_pruned =   36862 | shape = torch.Size([64, 64, 3, 3])
layer1.0.conv2.bias  | nonzeros =       0 /      64             (  0.00%) | total_pruned =      64 | shape = torch.Size([64])
layer1.0.bn2.weight  | nonzeros =      14 /      64             ( 21.88%) | total_pruned =      50 | shape = torch.Size([64])
layer1.0.bn2.bias    | nonzeros =       0 /      64             (  0.00%) | total_pruned =      64 | shape = torch.Size([64])
layer1.1.conv1.weight | nonzeros =       0 /   36864             (  0.00%) | total_pruned =   36864 | shape = torch.Size([64, 64, 3, 3])
layer1.1.conv1.bias  | nonzeros =       0 /      64             (  0.00%) | total_pruned =      64 | shape = torch.Size([64])
layer1.1.bn1.weight  | nonzeros =       5 /      64             (  7.81%) | total_pruned =      59 | shape = torch.Size([64])
layer1.1.bn1.bias    | nonzeros =       0 /      64             (  0.00%) | total_pruned =      64 | shape = torch.Size([64])
layer1.1.conv2.weight | nonzeros =       1 /   36864             (  0.00%) | total_pruned =   36863 | shape = torch.Size([64, 64, 3, 3])
layer1.1.conv2.bias  | nonzeros =       0 /      64             (  0.00%) | total_pruned =      64 | shape = torch.Size([64])
layer1.1.bn2.weight  | nonzeros =       0 /      64             (  0.00%) | total_pruned =      64 | shape = torch.Size([64])
layer1.1.bn2.bias    | nonzeros =       0 /      64             (  0.00%) | total_pruned =      64 | shape = torch.Size([64])
layer2.0.conv1.weight | nonzeros =       2 /   73728             (  0.00%) | total_pruned =   73726 | shape = torch.Size([128, 64, 3, 3])
layer2.0.conv1.bias  | nonzeros =       0 /     128             (  0.00%) | total_pruned =     128 | shape = torch.Size([128])
layer2.0.bn1.weight  | nonzeros =       7 /     128             (  5.47%) | total_pruned =     121 | shape = torch.Size([128])
layer2.0.bn1.bias    | nonzeros =       0 /     128             (  0.00%) | total_pruned =     128 | shape = torch.Size([128])
layer2.0.conv2.weight | nonzeros =       0 /  147456             (  0.00%) | total_pruned =  147456 | shape = torch.Size([128, 128, 3, 3])
layer2.0.conv2.bias  | nonzeros =       0 /     128             (  0.00%) | total_pruned =     128 | shape = torch.Size([128])
layer2.0.bn2.weight  | nonzeros =      30 /     128             ( 23.44%) | total_pruned =      98 | shape = torch.Size([128])
layer2.0.bn2.bias    | nonzeros =       0 /     128             (  0.00%) | total_pruned =     128 | shape = torch.Size([128])
layer2.0.shortcut.0.weight | nonzeros =       0 /    8192             (  0.00%) | total_pruned =    8192 | shape = torch.Size([128, 64, 1, 1])
layer2.0.shortcut.0.bias | nonzeros =       0 /     128             (  0.00%) | total_pruned =     128 | shape = torch.Size([128])
layer2.0.shortcut.1.weight | nonzeros =      37 /     128             ( 28.91%) | total_pruned =      91 | shape = torch.Size([128])
layer2.0.shortcut.1.bias | nonzeros =       0 /     128             (  0.00%) | total_pruned =     128 | shape = torch.Size([128])
layer2.1.conv1.weight | nonzeros =       0 /  147456             (  0.00%) | total_pruned =  147456 | shape = torch.Size([128, 128, 3, 3])
layer2.1.conv1.bias  | nonzeros =       0 /     128             (  0.00%) | total_pruned =     128 | shape = torch.Size([128])
layer2.1.bn1.weight  | nonzeros =       6 /     128             (  4.69%) | total_pruned =     122 | shape = torch.Size([128])
layer2.1.bn1.bias    | nonzeros =       0 /     128             (  0.00%) | total_pruned =     128 | shape = torch.Size([128])
layer2.1.conv2.weight | nonzeros =       0 /  147456             (  0.00%) | total_pruned =  147456 | shape = torch.Size([128, 128, 3, 3])
layer2.1.conv2.bias  | nonzeros =       0 /     128             (  0.00%) | total_pruned =     128 | shape = torch.Size([128])
layer2.1.bn2.weight  | nonzeros =       0 /     128             (  0.00%) | total_pruned =     128 | shape = torch.Size([128])
layer2.1.bn2.bias    | nonzeros =       0 /     128             (  0.00%) | total_pruned =     128 | shape = torch.Size([128])
layer3.0.conv1.weight | nonzeros =       7 /  294912             (  0.00%) | total_pruned =  294905 | shape = torch.Size([256, 128, 3, 3])
layer3.0.conv1.bias  | nonzeros =       0 /     256             (  0.00%) | total_pruned =     256 | shape = torch.Size([256])
layer3.0.bn1.weight  | nonzeros =      29 /     256             ( 11.33%) | total_pruned =     227 | shape = torch.Size([256])
layer3.0.bn1.bias    | nonzeros =       0 /     256             (  0.00%) | total_pruned =     256 | shape = torch.Size([256])
layer3.0.conv2.weight | nonzeros =      71 /  589824             (  0.01%) | total_pruned =  589753 | shape = torch.Size([256, 256, 3, 3])
layer3.0.conv2.bias  | nonzeros =       0 /     256             (  0.00%) | total_pruned =     256 | shape = torch.Size([256])
layer3.0.bn2.weight  | nonzeros =     118 /     256             ( 46.09%) | total_pruned =     138 | shape = torch.Size([256])
layer3.0.bn2.bias    | nonzeros =       0 /     256             (  0.00%) | total_pruned =     256 | shape = torch.Size([256])
layer3.0.shortcut.0.weight | nonzeros =       0 /   32768             (  0.00%) | total_pruned =   32768 | shape = torch.Size([256, 128, 1, 1])
layer3.0.shortcut.0.bias | nonzeros =       0 /     256             (  0.00%) | total_pruned =     256 | shape = torch.Size([256])
layer3.0.shortcut.1.weight | nonzeros =       5 /     256             (  1.95%) | total_pruned =     251 | shape = torch.Size([256])
layer3.0.shortcut.1.bias | nonzeros =       0 /     256             (  0.00%) | total_pruned =     256 | shape = torch.Size([256])
layer3.1.conv1.weight | nonzeros =       6 /  589824             (  0.00%) | total_pruned =  589818 | shape = torch.Size([256, 256, 3, 3])
layer3.1.conv1.bias  | nonzeros =       0 /     256             (  0.00%) | total_pruned =     256 | shape = torch.Size([256])
layer3.1.bn1.weight  | nonzeros =      21 /     256             (  8.20%) | total_pruned =     235 | shape = torch.Size([256])
layer3.1.bn1.bias    | nonzeros =       0 /     256             (  0.00%) | total_pruned =     256 | shape = torch.Size([256])
layer3.1.conv2.weight | nonzeros =      11 /  589824             (  0.00%) | total_pruned =  589813 | shape = torch.Size([256, 256, 3, 3])
layer3.1.conv2.bias  | nonzeros =       0 /     256             (  0.00%) | total_pruned =     256 | shape = torch.Size([256])
layer3.1.bn2.weight  | nonzeros =      13 /     256             (  5.08%) | total_pruned =     243 | shape = torch.Size([256])
layer3.1.bn2.bias    | nonzeros =       0 /     256             (  0.00%) | total_pruned =     256 | shape = torch.Size([256])
layer4.0.conv1.weight | nonzeros =     308 / 1179648             (  0.03%) | total_pruned = 1179340 | shape = torch.Size([512, 256, 3, 3])
layer4.0.conv1.bias  | nonzeros =       0 /     512             (  0.00%) | total_pruned =     512 | shape = torch.Size([512])
layer4.0.bn1.weight  | nonzeros =      55 /     512             ( 10.74%) | total_pruned =     457 | shape = torch.Size([512])
layer4.0.bn1.bias    | nonzeros =       0 /     512             (  0.00%) | total_pruned =     512 | shape = torch.Size([512])
layer4.0.conv2.weight | nonzeros =     650 / 2359296             (  0.03%) | total_pruned = 2358646 | shape = torch.Size([512, 512, 3, 3])
layer4.0.conv2.bias  | nonzeros =       0 /     512             (  0.00%) | total_pruned =     512 | shape = torch.Size([512])
layer4.0.bn2.weight  | nonzeros =     187 /     512             ( 36.52%) | total_pruned =     325 | shape = torch.Size([512])
layer4.0.bn2.bias    | nonzeros =       0 /     512             (  0.00%) | total_pruned =     512 | shape = torch.Size([512])
layer4.0.shortcut.0.weight | nonzeros =      10 /  131072             (  0.01%) | total_pruned =  131062 | shape = torch.Size([512, 256, 1, 1])
layer4.0.shortcut.0.bias | nonzeros =       0 /     512             (  0.00%) | total_pruned =     512 | shape = torch.Size([512])
layer4.0.shortcut.1.weight | nonzeros =      13 /     512             (  2.54%) | total_pruned =     499 | shape = torch.Size([512])
layer4.0.shortcut.1.bias | nonzeros =       0 /     512             (  0.00%) | total_pruned =     512 | shape = torch.Size([512])
layer4.1.conv1.weight | nonzeros =     531 / 2359296             (  0.02%) | total_pruned = 2358765 | shape = torch.Size([512, 512, 3, 3])
layer4.1.conv1.bias  | nonzeros =       0 /     512             (  0.00%) | total_pruned =     512 | shape = torch.Size([512])
layer4.1.bn1.weight  | nonzeros =      57 /     512             ( 11.13%) | total_pruned =     455 | shape = torch.Size([512])
layer4.1.bn1.bias    | nonzeros =       6 /     512             (  1.17%) | total_pruned =     506 | shape = torch.Size([512])
layer4.1.conv2.weight | nonzeros =      36 / 2359296             (  0.00%) | total_pruned = 2359260 | shape = torch.Size([512, 512, 3, 3])
layer4.1.conv2.bias  | nonzeros =       0 /     512             (  0.00%) | total_pruned =     512 | shape = torch.Size([512])
layer4.1.bn2.weight  | nonzeros =     182 /     512             ( 35.55%) | total_pruned =     330 | shape = torch.Size([512])
layer4.1.bn2.bias    | nonzeros =       0 /     512             (  0.00%) | total_pruned =     512 | shape = torch.Size([512])
linear.weight        | nonzeros =      10 /    5120             (  0.20%) | total_pruned =    5110 | shape = torch.Size([10, 512])
linear.bias          | nonzeros =       0 /      10             (  0.00%) | total_pruned =      10 | shape = torch.Size([10])
alive: 2445, pruned : 11176317, total: 11178762, Compression rate :    4572.09x  ( 99.98% pruned)
Train Epoch: 37/100 Loss: 2.302585 Accuracy: 10.00 10.00 % Best test Accuracy: 10.00%
